FILE            	FILTER            	DATE-OBS  	EXPTIME	
784539p_10C.fits	g.MP9401          	2005-03-16	450.07 	
784539p_11C.fits	g.MP9401          	2005-03-16	450.07 	
784539p_12C.fits	g.MP9401          	2005-03-16	450.07 	
784539p_13C.fits	g.MP9401          	2005-03-16	450.07 	
784539p_14C.fits	g.MP9401          	2005-03-16	450.07 	
784539p_15C.fits	g.MP9401          	2005-03-16	450.07 	
784539p_16C.fits	g.MP9401          	2005-03-16	450.07 	
784539p_17C.fits	g.MP9401          	2005-03-16	450.07 	
784539p_18C.fits	g.MP9401          	2005-03-16	450.07 	
784539p_19C.fits	g.MP9401          	2005-03-16	450.07 	
784539p_1C.fits 	g.MP9401          	2005-03-16	450.07 	
784539p_20C.fits	g.MP9401          	2005-03-16	450.07 	
784539p_21C.fits	g.MP9401          	2005-03-16	450.07 	
784539p_22C.fits	g.MP9401          	2005-03-16	450.07 	
784539p_23C.fits	g.MP9401          	2005-03-16	450.07 	
784539p_24C.fits	g.MP9401          	2005-03-16	450.07 	
784539p_25C.fits	g.MP9401          	2005-03-16	450.07 	
784539p_26C.fits	g.MP9401          	2005-03-16	450.07 	
784539p_27C.fits	g.MP9401          	2005-03-16	450.07 	
784539p_28C.fits	g.MP9401          	2005-03-16	450.07 	
784539p_29C.fits	g.MP9401          	2005-03-16	450.07 	
784539p_2C.fits 	g.MP9401          	2005-03-16	450.07 	
784539p_30C.fits	g.MP9401          	2005-03-16	450.07 	
784539p_31C.fits	g.MP9401          	2005-03-16	450.07 	
784539p_32C.fits	g.MP9401          	2005-03-16	450.07 	
784539p_33C.fits	g.MP9401          	2005-03-16	450.07 	
784539p_34C.fits	g.MP9401          	2005-03-16	450.07 	
784539p_35C.fits	g.MP9401          	2005-03-16	450.07 	
784539p_36C.fits	g.MP9401          	2005-03-16	450.07 	
784539p_3C.fits 	g.MP9401          	2005-03-16	450.07 	
784539p_4C.fits 	g.MP9401          	2005-03-16	450.07 	
784539p_5C.fits 	g.MP9401          	2005-03-16	450.07 	
784539p_6C.fits 	g.MP9401          	2005-03-16	450.07 	
784539p_7C.fits 	g.MP9401          	2005-03-16	450.07 	
784539p_8C.fits 	g.MP9401          	2005-03-16	450.07 	
784539p_9C.fits 	g.MP9401          	2005-03-16	450.07 	
784540p_10C.fits	g.MP9401          	2005-03-16	450.07 	
784540p_11C.fits	g.MP9401          	2005-03-16	450.07 	
784540p_12C.fits	g.MP9401          	2005-03-16	450.07 	
784540p_13C.fits	g.MP9401          	2005-03-16	450.07 	
784540p_14C.fits	g.MP9401          	2005-03-16	450.07 	
784540p_15C.fits	g.MP9401          	2005-03-16	450.07 	
784540p_16C.fits	g.MP9401          	2005-03-16	450.07 	
784540p_17C.fits	g.MP9401          	2005-03-16	450.07 	
784540p_18C.fits	g.MP9401          	2005-03-16	450.07 	
784540p_19C.fits	g.MP9401          	2005-03-16	450.07 	
784540p_1C.fits 	g.MP9401          	2005-03-16	450.07 	
784540p_20C.fits	g.MP9401          	2005-03-16	450.07 	
784540p_21C.fits	g.MP9401          	2005-03-16	450.07 	
784540p_22C.fits	g.MP9401          	2005-03-16	450.07 	
784540p_23C.fits	g.MP9401          	2005-03-16	450.07 	
784540p_24C.fits	g.MP9401          	2005-03-16	450.07 	
784540p_25C.fits	g.MP9401          	2005-03-16	450.07 	
784540p_26C.fits	g.MP9401          	2005-03-16	450.07 	
784540p_27C.fits	g.MP9401          	2005-03-16	450.07 	
784540p_28C.fits	g.MP9401          	2005-03-16	450.07 	
784540p_29C.fits	g.MP9401          	2005-03-16	450.07 	
784540p_2C.fits 	g.MP9401          	2005-03-16	450.07 	
784540p_30C.fits	g.MP9401          	2005-03-16	450.07 	
784540p_31C.fits	g.MP9401          	2005-03-16	450.07 	
784540p_32C.fits	g.MP9401          	2005-03-16	450.07 	
784540p_33C.fits	g.MP9401          	2005-03-16	450.07 	
784540p_34C.fits	g.MP9401          	2005-03-16	450.07 	
784540p_35C.fits	g.MP9401          	2005-03-16	450.07 	
784540p_36C.fits	g.MP9401          	2005-03-16	450.07 	
784540p_3C.fits 	g.MP9401          	2005-03-16	450.07 	
784540p_4C.fits 	g.MP9401          	2005-03-16	450.07 	
784540p_5C.fits 	g.MP9401          	2005-03-16	450.07 	
784540p_6C.fits 	g.MP9401          	2005-03-16	450.07 	
784540p_7C.fits 	g.MP9401          	2005-03-16	450.07 	
784540p_8C.fits 	g.MP9401          	2005-03-16	450.07 	
784540p_9C.fits 	g.MP9401          	2005-03-16	450.07 	
788070p_10C.fits	g.MP9401          	2005-04-05	45.05  	
788070p_11C.fits	g.MP9401          	2005-04-05	45.05  	
788070p_12C.fits	g.MP9401          	2005-04-05	45.05  	
788070p_13C.fits	g.MP9401          	2005-04-05	45.05  	
788070p_14C.fits	g.MP9401          	2005-04-05	45.05  	
788070p_15C.fits	g.MP9401          	2005-04-05	45.05  	
788070p_16C.fits	g.MP9401          	2005-04-05	45.05  	
788070p_17C.fits	g.MP9401          	2005-04-05	45.05  	
788070p_18C.fits	g.MP9401          	2005-04-05	45.05  	
788070p_19C.fits	g.MP9401          	2005-04-05	45.05  	
788070p_1C.fits 	g.MP9401          	2005-04-05	45.05  	
788070p_20C.fits	g.MP9401          	2005-04-05	45.05  	
788070p_21C.fits	g.MP9401          	2005-04-05	45.05  	
788070p_22C.fits	g.MP9401          	2005-04-05	45.05  	
788070p_23C.fits	g.MP9401          	2005-04-05	45.05  	
788070p_24C.fits	g.MP9401          	2005-04-05	45.05  	
788070p_25C.fits	g.MP9401          	2005-04-05	45.05  	
788070p_26C.fits	g.MP9401          	2005-04-05	45.05  	
788070p_27C.fits	g.MP9401          	2005-04-05	45.05  	
788070p_28C.fits	g.MP9401          	2005-04-05	45.05  	
788070p_29C.fits	g.MP9401          	2005-04-05	45.05  	
788070p_2C.fits 	g.MP9401          	2005-04-05	45.05  	
788070p_30C.fits	g.MP9401          	2005-04-05	45.05  	
788070p_31C.fits	g.MP9401          	2005-04-05	45.05  	
788070p_32C.fits	g.MP9401          	2005-04-05	45.05  	
788070p_33C.fits	g.MP9401          	2005-04-05	45.05  	
788070p_34C.fits	g.MP9401          	2005-04-05	45.05  	
788070p_35C.fits	g.MP9401          	2005-04-05	45.05  	
788070p_36C.fits	g.MP9401          	2005-04-05	45.05  	
788070p_3C.fits 	g.MP9401          	2005-04-05	45.05  	
788070p_4C.fits 	g.MP9401          	2005-04-05	45.05  	
788070p_5C.fits 	g.MP9401          	2005-04-05	45.05  	
788070p_6C.fits 	g.MP9401          	2005-04-05	45.05  	
788070p_7C.fits 	g.MP9401          	2005-04-05	45.05  	
788070p_8C.fits 	g.MP9401          	2005-04-05	45.05  	
788070p_9C.fits 	g.MP9401          	2005-04-05	45.05  	
788578p_10C.fits	g.MP9401          	2005-04-09	450.06 	
788578p_11C.fits	g.MP9401          	2005-04-09	450.06 	
788578p_12C.fits	g.MP9401          	2005-04-09	450.06 	
788578p_13C.fits	g.MP9401          	2005-04-09	450.06 	
788578p_14C.fits	g.MP9401          	2005-04-09	450.06 	
788578p_15C.fits	g.MP9401          	2005-04-09	450.06 	
788578p_16C.fits	g.MP9401          	2005-04-09	450.06 	
788578p_17C.fits	g.MP9401          	2005-04-09	450.06 	
788578p_18C.fits	g.MP9401          	2005-04-09	450.06 	
788578p_19C.fits	g.MP9401          	2005-04-09	450.06 	
788578p_1C.fits 	g.MP9401          	2005-04-09	450.06 	
788578p_20C.fits	g.MP9401          	2005-04-09	450.06 	
788578p_21C.fits	g.MP9401          	2005-04-09	450.06 	
788578p_22C.fits	g.MP9401          	2005-04-09	450.06 	
788578p_23C.fits	g.MP9401          	2005-04-09	450.06 	
788578p_24C.fits	g.MP9401          	2005-04-09	450.06 	
788578p_25C.fits	g.MP9401          	2005-04-09	450.06 	
788578p_26C.fits	g.MP9401          	2005-04-09	450.06 	
788578p_27C.fits	g.MP9401          	2005-04-09	450.06 	
788578p_28C.fits	g.MP9401          	2005-04-09	450.06 	
788578p_29C.fits	g.MP9401          	2005-04-09	450.06 	
788578p_2C.fits 	g.MP9401          	2005-04-09	450.06 	
788578p_30C.fits	g.MP9401          	2005-04-09	450.06 	
788578p_31C.fits	g.MP9401          	2005-04-09	450.06 	
788578p_32C.fits	g.MP9401          	2005-04-09	450.06 	
788578p_33C.fits	g.MP9401          	2005-04-09	450.06 	
788578p_34C.fits	g.MP9401          	2005-04-09	450.06 	
788578p_35C.fits	g.MP9401          	2005-04-09	450.06 	
788578p_36C.fits	g.MP9401          	2005-04-09	450.06 	
788578p_3C.fits 	g.MP9401          	2005-04-09	450.06 	
788578p_4C.fits 	g.MP9401          	2005-04-09	450.06 	
788578p_5C.fits 	g.MP9401          	2005-04-09	450.06 	
788578p_6C.fits 	g.MP9401          	2005-04-09	450.06 	
788578p_7C.fits 	g.MP9401          	2005-04-09	450.06 	
788578p_8C.fits 	g.MP9401          	2005-04-09	450.06 	
788578p_9C.fits 	g.MP9401          	2005-04-09	450.06 	
788579p_10C.fits	g.MP9401          	2005-04-09	450.05 	
788579p_11C.fits	g.MP9401          	2005-04-09	450.05 	
788579p_12C.fits	g.MP9401          	2005-04-09	450.05 	
788579p_13C.fits	g.MP9401          	2005-04-09	450.05 	
788579p_14C.fits	g.MP9401          	2005-04-09	450.05 	
788579p_15C.fits	g.MP9401          	2005-04-09	450.05 	
788579p_16C.fits	g.MP9401          	2005-04-09	450.05 	
788579p_17C.fits	g.MP9401          	2005-04-09	450.05 	
788579p_18C.fits	g.MP9401          	2005-04-09	450.05 	
788579p_19C.fits	g.MP9401          	2005-04-09	450.05 	
788579p_1C.fits 	g.MP9401          	2005-04-09	450.05 	
788579p_20C.fits	g.MP9401          	2005-04-09	450.05 	
788579p_21C.fits	g.MP9401          	2005-04-09	450.05 	
788579p_22C.fits	g.MP9401          	2005-04-09	450.05 	
788579p_23C.fits	g.MP9401          	2005-04-09	450.05 	
788579p_24C.fits	g.MP9401          	2005-04-09	450.05 	
788579p_25C.fits	g.MP9401          	2005-04-09	450.05 	
788579p_26C.fits	g.MP9401          	2005-04-09	450.05 	
788579p_27C.fits	g.MP9401          	2005-04-09	450.05 	
788579p_28C.fits	g.MP9401          	2005-04-09	450.05 	
788579p_29C.fits	g.MP9401          	2005-04-09	450.05 	
788579p_2C.fits 	g.MP9401          	2005-04-09	450.05 	
788579p_30C.fits	g.MP9401          	2005-04-09	450.05 	
788579p_31C.fits	g.MP9401          	2005-04-09	450.05 	
788579p_32C.fits	g.MP9401          	2005-04-09	450.05 	
788579p_33C.fits	g.MP9401          	2005-04-09	450.05 	
788579p_34C.fits	g.MP9401          	2005-04-09	450.05 	
788579p_35C.fits	g.MP9401          	2005-04-09	450.05 	
788579p_36C.fits	g.MP9401          	2005-04-09	450.05 	
788579p_3C.fits 	g.MP9401          	2005-04-09	450.05 	
788579p_4C.fits 	g.MP9401          	2005-04-09	450.05 	
788579p_5C.fits 	g.MP9401          	2005-04-09	450.05 	
788579p_6C.fits 	g.MP9401          	2005-04-09	450.05 	
788579p_7C.fits 	g.MP9401          	2005-04-09	450.05 	
788579p_8C.fits 	g.MP9401          	2005-04-09	450.05 	
788579p_9C.fits 	g.MP9401          	2005-04-09	450.05 	
784535p_10C.fits	r.MP9601          	2005-03-16	600.09 	
784535p_11C.fits	r.MP9601          	2005-03-16	600.09 	
784535p_12C.fits	r.MP9601          	2005-03-16	600.09 	
784535p_13C.fits	r.MP9601          	2005-03-16	600.09 	
784535p_14C.fits	r.MP9601          	2005-03-16	600.09 	
784535p_15C.fits	r.MP9601          	2005-03-16	600.09 	
784535p_16C.fits	r.MP9601          	2005-03-16	600.09 	
784535p_17C.fits	r.MP9601          	2005-03-16	600.09 	
784535p_18C.fits	r.MP9601          	2005-03-16	600.09 	
784535p_19C.fits	r.MP9601          	2005-03-16	600.09 	
784535p_1C.fits 	r.MP9601          	2005-03-16	600.09 	
784535p_20C.fits	r.MP9601          	2005-03-16	600.09 	
784535p_21C.fits	r.MP9601          	2005-03-16	600.09 	
784535p_22C.fits	r.MP9601          	2005-03-16	600.09 	
784535p_23C.fits	r.MP9601          	2005-03-16	600.09 	
784535p_24C.fits	r.MP9601          	2005-03-16	600.09 	
784535p_25C.fits	r.MP9601          	2005-03-16	600.09 	
784535p_26C.fits	r.MP9601          	2005-03-16	600.09 	
784535p_27C.fits	r.MP9601          	2005-03-16	600.09 	
784535p_28C.fits	r.MP9601          	2005-03-16	600.09 	
784535p_29C.fits	r.MP9601          	2005-03-16	600.09 	
784535p_2C.fits 	r.MP9601          	2005-03-16	600.09 	
784535p_30C.fits	r.MP9601          	2005-03-16	600.09 	
784535p_31C.fits	r.MP9601          	2005-03-16	600.09 	
784535p_32C.fits	r.MP9601          	2005-03-16	600.09 	
784535p_33C.fits	r.MP9601          	2005-03-16	600.09 	
784535p_34C.fits	r.MP9601          	2005-03-16	600.09 	
784535p_35C.fits	r.MP9601          	2005-03-16	600.09 	
784535p_36C.fits	r.MP9601          	2005-03-16	600.09 	
784535p_3C.fits 	r.MP9601          	2005-03-16	600.09 	
784535p_4C.fits 	r.MP9601          	2005-03-16	600.09 	
784535p_5C.fits 	r.MP9601          	2005-03-16	600.09 	
784535p_6C.fits 	r.MP9601          	2005-03-16	600.09 	
784535p_7C.fits 	r.MP9601          	2005-03-16	600.09 	
784535p_8C.fits 	r.MP9601          	2005-03-16	600.09 	
784535p_9C.fits 	r.MP9601          	2005-03-16	600.09 	
784536p_10C.fits	r.MP9601          	2005-03-16	600.09 	
784536p_11C.fits	r.MP9601          	2005-03-16	600.09 	
784536p_12C.fits	r.MP9601          	2005-03-16	600.09 	
784536p_13C.fits	r.MP9601          	2005-03-16	600.09 	
784536p_14C.fits	r.MP9601          	2005-03-16	600.09 	
784536p_15C.fits	r.MP9601          	2005-03-16	600.09 	
784536p_16C.fits	r.MP9601          	2005-03-16	600.09 	
784536p_17C.fits	r.MP9601          	2005-03-16	600.09 	
784536p_18C.fits	r.MP9601          	2005-03-16	600.09 	
784536p_19C.fits	r.MP9601          	2005-03-16	600.09 	
784536p_1C.fits 	r.MP9601          	2005-03-16	600.09 	
784536p_20C.fits	r.MP9601          	2005-03-16	600.09 	
784536p_21C.fits	r.MP9601          	2005-03-16	600.09 	
784536p_22C.fits	r.MP9601          	2005-03-16	600.09 	
784536p_23C.fits	r.MP9601          	2005-03-16	600.09 	
784536p_24C.fits	r.MP9601          	2005-03-16	600.09 	
784536p_25C.fits	r.MP9601          	2005-03-16	600.09 	
784536p_26C.fits	r.MP9601          	2005-03-16	600.09 	
784536p_27C.fits	r.MP9601          	2005-03-16	600.09 	
784536p_28C.fits	r.MP9601          	2005-03-16	600.09 	
784536p_29C.fits	r.MP9601          	2005-03-16	600.09 	
784536p_2C.fits 	r.MP9601          	2005-03-16	600.09 	
784536p_30C.fits	r.MP9601          	2005-03-16	600.09 	
784536p_31C.fits	r.MP9601          	2005-03-16	600.09 	
784536p_32C.fits	r.MP9601          	2005-03-16	600.09 	
784536p_33C.fits	r.MP9601          	2005-03-16	600.09 	
784536p_34C.fits	r.MP9601          	2005-03-16	600.09 	
784536p_35C.fits	r.MP9601          	2005-03-16	600.09 	
784536p_36C.fits	r.MP9601          	2005-03-16	600.09 	
784536p_3C.fits 	r.MP9601          	2005-03-16	600.09 	
784536p_4C.fits 	r.MP9601          	2005-03-16	600.09 	
784536p_5C.fits 	r.MP9601          	2005-03-16	600.09 	
784536p_6C.fits 	r.MP9601          	2005-03-16	600.09 	
784536p_7C.fits 	r.MP9601          	2005-03-16	600.09 	
784536p_8C.fits 	r.MP9601          	2005-03-16	600.09 	
784536p_9C.fits 	r.MP9601          	2005-03-16	600.09 	
784537p_10C.fits	r.MP9601          	2005-03-16	600.08 	
784537p_11C.fits	r.MP9601          	2005-03-16	600.08 	
784537p_12C.fits	r.MP9601          	2005-03-16	600.08 	
784537p_13C.fits	r.MP9601          	2005-03-16	600.08 	
784537p_14C.fits	r.MP9601          	2005-03-16	600.08 	
784537p_15C.fits	r.MP9601          	2005-03-16	600.08 	
784537p_16C.fits	r.MP9601          	2005-03-16	600.08 	
784537p_17C.fits	r.MP9601          	2005-03-16	600.08 	
784537p_18C.fits	r.MP9601          	2005-03-16	600.08 	
784537p_19C.fits	r.MP9601          	2005-03-16	600.08 	
784537p_1C.fits 	r.MP9601          	2005-03-16	600.08 	
784537p_20C.fits	r.MP9601          	2005-03-16	600.08 	
784537p_21C.fits	r.MP9601          	2005-03-16	600.08 	
784537p_22C.fits	r.MP9601          	2005-03-16	600.08 	
784537p_23C.fits	r.MP9601          	2005-03-16	600.08 	
784537p_24C.fits	r.MP9601          	2005-03-16	600.08 	
784537p_25C.fits	r.MP9601          	2005-03-16	600.08 	
784537p_26C.fits	r.MP9601          	2005-03-16	600.08 	
784537p_27C.fits	r.MP9601          	2005-03-16	600.08 	
784537p_28C.fits	r.MP9601          	2005-03-16	600.08 	
784537p_29C.fits	r.MP9601          	2005-03-16	600.08 	
784537p_2C.fits 	r.MP9601          	2005-03-16	600.08 	
784537p_30C.fits	r.MP9601          	2005-03-16	600.08 	
784537p_31C.fits	r.MP9601          	2005-03-16	600.08 	
784537p_32C.fits	r.MP9601          	2005-03-16	600.08 	
784537p_33C.fits	r.MP9601          	2005-03-16	600.08 	
784537p_34C.fits	r.MP9601          	2005-03-16	600.08 	
784537p_35C.fits	r.MP9601          	2005-03-16	600.08 	
784537p_36C.fits	r.MP9601          	2005-03-16	600.08 	
784537p_3C.fits 	r.MP9601          	2005-03-16	600.08 	
784537p_4C.fits 	r.MP9601          	2005-03-16	600.08 	
784537p_5C.fits 	r.MP9601          	2005-03-16	600.08 	
784537p_6C.fits 	r.MP9601          	2005-03-16	600.08 	
784537p_7C.fits 	r.MP9601          	2005-03-16	600.08 	
784537p_8C.fits 	r.MP9601          	2005-03-16	600.08 	
784537p_9C.fits 	r.MP9601          	2005-03-16	600.08 	
784538p_10C.fits	r.MP9601          	2005-03-16	600.08 	
784538p_11C.fits	r.MP9601          	2005-03-16	600.08 	
784538p_12C.fits	r.MP9601          	2005-03-16	600.08 	
784538p_13C.fits	r.MP9601          	2005-03-16	600.08 	
784538p_14C.fits	r.MP9601          	2005-03-16	600.08 	
784538p_15C.fits	r.MP9601          	2005-03-16	600.08 	
784538p_16C.fits	r.MP9601          	2005-03-16	600.08 	
784538p_17C.fits	r.MP9601          	2005-03-16	600.08 	
784538p_18C.fits	r.MP9601          	2005-03-16	600.08 	
784538p_19C.fits	r.MP9601          	2005-03-16	600.08 	
784538p_1C.fits 	r.MP9601          	2005-03-16	600.08 	
784538p_20C.fits	r.MP9601          	2005-03-16	600.08 	
784538p_21C.fits	r.MP9601          	2005-03-16	600.08 	
784538p_22C.fits	r.MP9601          	2005-03-16	600.08 	
784538p_23C.fits	r.MP9601          	2005-03-16	600.08 	
784538p_24C.fits	r.MP9601          	2005-03-16	600.08 	
784538p_25C.fits	r.MP9601          	2005-03-16	600.08 	
784538p_26C.fits	r.MP9601          	2005-03-16	600.08 	
784538p_27C.fits	r.MP9601          	2005-03-16	600.08 	
784538p_28C.fits	r.MP9601          	2005-03-16	600.08 	
784538p_29C.fits	r.MP9601          	2005-03-16	600.08 	
784538p_2C.fits 	r.MP9601          	2005-03-16	600.08 	
784538p_30C.fits	r.MP9601          	2005-03-16	600.08 	
784538p_31C.fits	r.MP9601          	2005-03-16	600.08 	
784538p_32C.fits	r.MP9601          	2005-03-16	600.08 	
784538p_33C.fits	r.MP9601          	2005-03-16	600.08 	
784538p_34C.fits	r.MP9601          	2005-03-16	600.08 	
784538p_35C.fits	r.MP9601          	2005-03-16	600.08 	
784538p_36C.fits	r.MP9601          	2005-03-16	600.08 	
784538p_3C.fits 	r.MP9601          	2005-03-16	600.08 	
784538p_4C.fits 	r.MP9601          	2005-03-16	600.08 	
784538p_5C.fits 	r.MP9601          	2005-03-16	600.08 	
784538p_6C.fits 	r.MP9601          	2005-03-16	600.08 	
784538p_7C.fits 	r.MP9601          	2005-03-16	600.08 	
784538p_8C.fits 	r.MP9601          	2005-03-16	600.08 	
784538p_9C.fits 	r.MP9601          	2005-03-16	600.08 	
788069p_10C.fits	r.MP9601          	2005-04-05	60.06  	
788069p_11C.fits	r.MP9601          	2005-04-05	60.06  	
788069p_12C.fits	r.MP9601          	2005-04-05	60.06  	
788069p_13C.fits	r.MP9601          	2005-04-05	60.06  	
788069p_14C.fits	r.MP9601          	2005-04-05	60.06  	
788069p_15C.fits	r.MP9601          	2005-04-05	60.06  	
788069p_16C.fits	r.MP9601          	2005-04-05	60.06  	
788069p_17C.fits	r.MP9601          	2005-04-05	60.06  	
788069p_18C.fits	r.MP9601          	2005-04-05	60.06  	
788069p_19C.fits	r.MP9601          	2005-04-05	60.06  	
788069p_1C.fits 	r.MP9601          	2005-04-05	60.06  	
788069p_20C.fits	r.MP9601          	2005-04-05	60.06  	
788069p_21C.fits	r.MP9601          	2005-04-05	60.06  	
788069p_22C.fits	r.MP9601          	2005-04-05	60.06  	
788069p_23C.fits	r.MP9601          	2005-04-05	60.06  	
788069p_24C.fits	r.MP9601          	2005-04-05	60.06  	
788069p_25C.fits	r.MP9601          	2005-04-05	60.06  	
788069p_26C.fits	r.MP9601          	2005-04-05	60.06  	
788069p_27C.fits	r.MP9601          	2005-04-05	60.06  	
788069p_28C.fits	r.MP9601          	2005-04-05	60.06  	
788069p_29C.fits	r.MP9601          	2005-04-05	60.06  	
788069p_2C.fits 	r.MP9601          	2005-04-05	60.06  	
788069p_30C.fits	r.MP9601          	2005-04-05	60.06  	
788069p_31C.fits	r.MP9601          	2005-04-05	60.06  	
788069p_32C.fits	r.MP9601          	2005-04-05	60.06  	
788069p_33C.fits	r.MP9601          	2005-04-05	60.06  	
788069p_34C.fits	r.MP9601          	2005-04-05	60.06  	
788069p_35C.fits	r.MP9601          	2005-04-05	60.06  	
788069p_36C.fits	r.MP9601          	2005-04-05	60.06  	
788069p_3C.fits 	r.MP9601          	2005-04-05	60.06  	
788069p_4C.fits 	r.MP9601          	2005-04-05	60.06  	
788069p_5C.fits 	r.MP9601          	2005-04-05	60.06  	
788069p_6C.fits 	r.MP9601          	2005-04-05	60.06  	
788069p_7C.fits 	r.MP9601          	2005-04-05	60.06  	
788069p_8C.fits 	r.MP9601          	2005-04-05	60.06  	
788069p_9C.fits 	r.MP9601          	2005-04-05	60.06  	
788574p_10C.fits	r.MP9601          	2005-04-09	600.06 	
788574p_11C.fits	r.MP9601          	2005-04-09	600.06 	
788574p_12C.fits	r.MP9601          	2005-04-09	600.06 	
788574p_13C.fits	r.MP9601          	2005-04-09	600.06 	
788574p_14C.fits	r.MP9601          	2005-04-09	600.06 	
788574p_15C.fits	r.MP9601          	2005-04-09	600.06 	
788574p_16C.fits	r.MP9601          	2005-04-09	600.06 	
788574p_17C.fits	r.MP9601          	2005-04-09	600.06 	
788574p_18C.fits	r.MP9601          	2005-04-09	600.06 	
788574p_19C.fits	r.MP9601          	2005-04-09	600.06 	
788574p_1C.fits 	r.MP9601          	2005-04-09	600.06 	
788574p_20C.fits	r.MP9601          	2005-04-09	600.06 	
788574p_21C.fits	r.MP9601          	2005-04-09	600.06 	
788574p_22C.fits	r.MP9601          	2005-04-09	600.06 	
788574p_23C.fits	r.MP9601          	2005-04-09	600.06 	
788574p_24C.fits	r.MP9601          	2005-04-09	600.06 	
788574p_25C.fits	r.MP9601          	2005-04-09	600.06 	
788574p_26C.fits	r.MP9601          	2005-04-09	600.06 	
788574p_27C.fits	r.MP9601          	2005-04-09	600.06 	
788574p_28C.fits	r.MP9601          	2005-04-09	600.06 	
788574p_29C.fits	r.MP9601          	2005-04-09	600.06 	
788574p_2C.fits 	r.MP9601          	2005-04-09	600.06 	
788574p_30C.fits	r.MP9601          	2005-04-09	600.06 	
788574p_31C.fits	r.MP9601          	2005-04-09	600.06 	
788574p_32C.fits	r.MP9601          	2005-04-09	600.06 	
788574p_33C.fits	r.MP9601          	2005-04-09	600.06 	
788574p_34C.fits	r.MP9601          	2005-04-09	600.06 	
788574p_35C.fits	r.MP9601          	2005-04-09	600.06 	
788574p_36C.fits	r.MP9601          	2005-04-09	600.06 	
788574p_3C.fits 	r.MP9601          	2005-04-09	600.06 	
788574p_4C.fits 	r.MP9601          	2005-04-09	600.06 	
788574p_5C.fits 	r.MP9601          	2005-04-09	600.06 	
788574p_6C.fits 	r.MP9601          	2005-04-09	600.06 	
788574p_7C.fits 	r.MP9601          	2005-04-09	600.06 	
788574p_8C.fits 	r.MP9601          	2005-04-09	600.06 	
788574p_9C.fits 	r.MP9601          	2005-04-09	600.06 	
788575p_10C.fits	r.MP9601          	2005-04-09	600.05 	
788575p_11C.fits	r.MP9601          	2005-04-09	600.05 	
788575p_12C.fits	r.MP9601          	2005-04-09	600.05 	
788575p_13C.fits	r.MP9601          	2005-04-09	600.05 	
788575p_14C.fits	r.MP9601          	2005-04-09	600.05 	
788575p_15C.fits	r.MP9601          	2005-04-09	600.05 	
788575p_16C.fits	r.MP9601          	2005-04-09	600.05 	
788575p_17C.fits	r.MP9601          	2005-04-09	600.05 	
788575p_18C.fits	r.MP9601          	2005-04-09	600.05 	
788575p_19C.fits	r.MP9601          	2005-04-09	600.05 	
788575p_1C.fits 	r.MP9601          	2005-04-09	600.05 	
788575p_20C.fits	r.MP9601          	2005-04-09	600.05 	
788575p_21C.fits	r.MP9601          	2005-04-09	600.05 	
788575p_22C.fits	r.MP9601          	2005-04-09	600.05 	
788575p_23C.fits	r.MP9601          	2005-04-09	600.05 	
788575p_24C.fits	r.MP9601          	2005-04-09	600.05 	
788575p_25C.fits	r.MP9601          	2005-04-09	600.05 	
788575p_26C.fits	r.MP9601          	2005-04-09	600.05 	
788575p_27C.fits	r.MP9601          	2005-04-09	600.05 	
788575p_28C.fits	r.MP9601          	2005-04-09	600.05 	
788575p_29C.fits	r.MP9601          	2005-04-09	600.05 	
788575p_2C.fits 	r.MP9601          	2005-04-09	600.05 	
788575p_30C.fits	r.MP9601          	2005-04-09	600.05 	
788575p_31C.fits	r.MP9601          	2005-04-09	600.05 	
788575p_32C.fits	r.MP9601          	2005-04-09	600.05 	
788575p_33C.fits	r.MP9601          	2005-04-09	600.05 	
788575p_34C.fits	r.MP9601          	2005-04-09	600.05 	
788575p_35C.fits	r.MP9601          	2005-04-09	600.05 	
788575p_36C.fits	r.MP9601          	2005-04-09	600.05 	
788575p_3C.fits 	r.MP9601          	2005-04-09	600.05 	
788575p_4C.fits 	r.MP9601          	2005-04-09	600.05 	
788575p_5C.fits 	r.MP9601          	2005-04-09	600.05 	
788575p_6C.fits 	r.MP9601          	2005-04-09	600.05 	
788575p_7C.fits 	r.MP9601          	2005-04-09	600.05 	
788575p_8C.fits 	r.MP9601          	2005-04-09	600.05 	
788575p_9C.fits 	r.MP9601          	2005-04-09	600.05 	
788576p_10C.fits	r.MP9601          	2005-04-09	600.05 	
788576p_11C.fits	r.MP9601          	2005-04-09	600.05 	
788576p_12C.fits	r.MP9601          	2005-04-09	600.05 	
788576p_13C.fits	r.MP9601          	2005-04-09	600.05 	
788576p_14C.fits	r.MP9601          	2005-04-09	600.05 	
788576p_15C.fits	r.MP9601          	2005-04-09	600.05 	
788576p_16C.fits	r.MP9601          	2005-04-09	600.05 	
788576p_17C.fits	r.MP9601          	2005-04-09	600.05 	
788576p_18C.fits	r.MP9601          	2005-04-09	600.05 	
788576p_19C.fits	r.MP9601          	2005-04-09	600.05 	
788576p_1C.fits 	r.MP9601          	2005-04-09	600.05 	
788576p_20C.fits	r.MP9601          	2005-04-09	600.05 	
788576p_21C.fits	r.MP9601          	2005-04-09	600.05 	
788576p_22C.fits	r.MP9601          	2005-04-09	600.05 	
788576p_23C.fits	r.MP9601          	2005-04-09	600.05 	
788576p_24C.fits	r.MP9601          	2005-04-09	600.05 	
788576p_25C.fits	r.MP9601          	2005-04-09	600.05 	
788576p_26C.fits	r.MP9601          	2005-04-09	600.05 	
788576p_27C.fits	r.MP9601          	2005-04-09	600.05 	
788576p_28C.fits	r.MP9601          	2005-04-09	600.05 	
788576p_29C.fits	r.MP9601          	2005-04-09	600.05 	
788576p_2C.fits 	r.MP9601          	2005-04-09	600.05 	
788576p_30C.fits	r.MP9601          	2005-04-09	600.05 	
788576p_31C.fits	r.MP9601          	2005-04-09	600.05 	
788576p_32C.fits	r.MP9601          	2005-04-09	600.05 	
788576p_33C.fits	r.MP9601          	2005-04-09	600.05 	
788576p_34C.fits	r.MP9601          	2005-04-09	600.05 	
788576p_35C.fits	r.MP9601          	2005-04-09	600.05 	
788576p_36C.fits	r.MP9601          	2005-04-09	600.05 	
788576p_3C.fits 	r.MP9601          	2005-04-09	600.05 	
788576p_4C.fits 	r.MP9601          	2005-04-09	600.05 	
788576p_5C.fits 	r.MP9601          	2005-04-09	600.05 	
788576p_6C.fits 	r.MP9601          	2005-04-09	600.05 	
788576p_7C.fits 	r.MP9601          	2005-04-09	600.05 	
788576p_8C.fits 	r.MP9601          	2005-04-09	600.05 	
788576p_9C.fits 	r.MP9601          	2005-04-09	600.05 	
788577p_10C.fits	r.MP9601          	2005-04-09	600.05 	
788577p_11C.fits	r.MP9601          	2005-04-09	600.05 	
788577p_12C.fits	r.MP9601          	2005-04-09	600.05 	
788577p_13C.fits	r.MP9601          	2005-04-09	600.05 	
788577p_14C.fits	r.MP9601          	2005-04-09	600.05 	
788577p_15C.fits	r.MP9601          	2005-04-09	600.05 	
788577p_16C.fits	r.MP9601          	2005-04-09	600.05 	
788577p_17C.fits	r.MP9601          	2005-04-09	600.05 	
788577p_18C.fits	r.MP9601          	2005-04-09	600.05 	
788577p_19C.fits	r.MP9601          	2005-04-09	600.05 	
788577p_1C.fits 	r.MP9601          	2005-04-09	600.05 	
788577p_20C.fits	r.MP9601          	2005-04-09	600.05 	
788577p_21C.fits	r.MP9601          	2005-04-09	600.05 	
788577p_22C.fits	r.MP9601          	2005-04-09	600.05 	
788577p_23C.fits	r.MP9601          	2005-04-09	600.05 	
788577p_24C.fits	r.MP9601          	2005-04-09	600.05 	
788577p_25C.fits	r.MP9601          	2005-04-09	600.05 	
788577p_26C.fits	r.MP9601          	2005-04-09	600.05 	
788577p_27C.fits	r.MP9601          	2005-04-09	600.05 	
788577p_28C.fits	r.MP9601          	2005-04-09	600.05 	
788577p_29C.fits	r.MP9601          	2005-04-09	600.05 	
788577p_2C.fits 	r.MP9601          	2005-04-09	600.05 	
788577p_30C.fits	r.MP9601          	2005-04-09	600.05 	
788577p_31C.fits	r.MP9601          	2005-04-09	600.05 	
788577p_32C.fits	r.MP9601          	2005-04-09	600.05 	
788577p_33C.fits	r.MP9601          	2005-04-09	600.05 	
788577p_34C.fits	r.MP9601          	2005-04-09	600.05 	
788577p_35C.fits	r.MP9601          	2005-04-09	600.05 	
788577p_36C.fits	r.MP9601          	2005-04-09	600.05 	
788577p_3C.fits 	r.MP9601          	2005-04-09	600.05 	
788577p_4C.fits 	r.MP9601          	2005-04-09	600.05 	
788577p_5C.fits 	r.MP9601          	2005-04-09	600.05 	
788577p_6C.fits 	r.MP9601          	2005-04-09	600.05 	
788577p_7C.fits 	r.MP9601          	2005-04-09	600.05 	
788577p_8C.fits 	r.MP9601          	2005-04-09	600.05 	
788577p_9C.fits 	r.MP9601          	2005-04-09	600.05 	
