FILE            	FILTER            	DATE-OBS  	EXPTIME	
792998p_10C.fits	g.MP9401          	2005-05-09	450.04 	
792998p_11C.fits	g.MP9401          	2005-05-09	450.04 	
792998p_12C.fits	g.MP9401          	2005-05-09	450.04 	
792998p_13C.fits	g.MP9401          	2005-05-09	450.04 	
792998p_14C.fits	g.MP9401          	2005-05-09	450.04 	
792998p_15C.fits	g.MP9401          	2005-05-09	450.04 	
792998p_16C.fits	g.MP9401          	2005-05-09	450.04 	
792998p_17C.fits	g.MP9401          	2005-05-09	450.04 	
792998p_18C.fits	g.MP9401          	2005-05-09	450.04 	
792998p_19C.fits	g.MP9401          	2005-05-09	450.04 	
792998p_1C.fits 	g.MP9401          	2005-05-09	450.04 	
792998p_20C.fits	g.MP9401          	2005-05-09	450.04 	
792998p_21C.fits	g.MP9401          	2005-05-09	450.04 	
792998p_22C.fits	g.MP9401          	2005-05-09	450.04 	
792998p_23C.fits	g.MP9401          	2005-05-09	450.04 	
792998p_24C.fits	g.MP9401          	2005-05-09	450.04 	
792998p_25C.fits	g.MP9401          	2005-05-09	450.04 	
792998p_26C.fits	g.MP9401          	2005-05-09	450.04 	
792998p_27C.fits	g.MP9401          	2005-05-09	450.04 	
792998p_28C.fits	g.MP9401          	2005-05-09	450.04 	
792998p_29C.fits	g.MP9401          	2005-05-09	450.04 	
792998p_2C.fits 	g.MP9401          	2005-05-09	450.04 	
792998p_30C.fits	g.MP9401          	2005-05-09	450.04 	
792998p_31C.fits	g.MP9401          	2005-05-09	450.04 	
792998p_32C.fits	g.MP9401          	2005-05-09	450.04 	
792998p_33C.fits	g.MP9401          	2005-05-09	450.04 	
792998p_34C.fits	g.MP9401          	2005-05-09	450.04 	
792998p_35C.fits	g.MP9401          	2005-05-09	450.04 	
792998p_36C.fits	g.MP9401          	2005-05-09	450.04 	
792998p_3C.fits 	g.MP9401          	2005-05-09	450.04 	
792998p_4C.fits 	g.MP9401          	2005-05-09	450.04 	
792998p_5C.fits 	g.MP9401          	2005-05-09	450.04 	
792998p_6C.fits 	g.MP9401          	2005-05-09	450.04 	
792998p_7C.fits 	g.MP9401          	2005-05-09	450.04 	
792998p_8C.fits 	g.MP9401          	2005-05-09	450.04 	
792998p_9C.fits 	g.MP9401          	2005-05-09	450.04 	
792999p_10C.fits	g.MP9401          	2005-05-09	450.05 	
792999p_11C.fits	g.MP9401          	2005-05-09	450.05 	
792999p_12C.fits	g.MP9401          	2005-05-09	450.05 	
792999p_13C.fits	g.MP9401          	2005-05-09	450.05 	
792999p_14C.fits	g.MP9401          	2005-05-09	450.05 	
792999p_15C.fits	g.MP9401          	2005-05-09	450.05 	
792999p_16C.fits	g.MP9401          	2005-05-09	450.05 	
792999p_17C.fits	g.MP9401          	2005-05-09	450.05 	
792999p_18C.fits	g.MP9401          	2005-05-09	450.05 	
792999p_19C.fits	g.MP9401          	2005-05-09	450.05 	
792999p_1C.fits 	g.MP9401          	2005-05-09	450.05 	
792999p_20C.fits	g.MP9401          	2005-05-09	450.05 	
792999p_21C.fits	g.MP9401          	2005-05-09	450.05 	
792999p_22C.fits	g.MP9401          	2005-05-09	450.05 	
792999p_23C.fits	g.MP9401          	2005-05-09	450.05 	
792999p_24C.fits	g.MP9401          	2005-05-09	450.05 	
792999p_25C.fits	g.MP9401          	2005-05-09	450.05 	
792999p_26C.fits	g.MP9401          	2005-05-09	450.05 	
792999p_27C.fits	g.MP9401          	2005-05-09	450.05 	
792999p_28C.fits	g.MP9401          	2005-05-09	450.05 	
792999p_29C.fits	g.MP9401          	2005-05-09	450.05 	
792999p_2C.fits 	g.MP9401          	2005-05-09	450.05 	
792999p_30C.fits	g.MP9401          	2005-05-09	450.05 	
792999p_31C.fits	g.MP9401          	2005-05-09	450.05 	
792999p_32C.fits	g.MP9401          	2005-05-09	450.05 	
792999p_33C.fits	g.MP9401          	2005-05-09	450.05 	
792999p_34C.fits	g.MP9401          	2005-05-09	450.05 	
792999p_35C.fits	g.MP9401          	2005-05-09	450.05 	
792999p_36C.fits	g.MP9401          	2005-05-09	450.05 	
792999p_3C.fits 	g.MP9401          	2005-05-09	450.05 	
792999p_4C.fits 	g.MP9401          	2005-05-09	450.05 	
792999p_5C.fits 	g.MP9401          	2005-05-09	450.05 	
792999p_6C.fits 	g.MP9401          	2005-05-09	450.05 	
792999p_7C.fits 	g.MP9401          	2005-05-09	450.05 	
792999p_8C.fits 	g.MP9401          	2005-05-09	450.05 	
792999p_9C.fits 	g.MP9401          	2005-05-09	450.05 	
793249p_10C.fits	g.MP9401          	2005-05-11	450.06 	
793249p_11C.fits	g.MP9401          	2005-05-11	450.06 	
793249p_12C.fits	g.MP9401          	2005-05-11	450.06 	
793249p_13C.fits	g.MP9401          	2005-05-11	450.06 	
793249p_14C.fits	g.MP9401          	2005-05-11	450.06 	
793249p_15C.fits	g.MP9401          	2005-05-11	450.06 	
793249p_16C.fits	g.MP9401          	2005-05-11	450.06 	
793249p_17C.fits	g.MP9401          	2005-05-11	450.06 	
793249p_18C.fits	g.MP9401          	2005-05-11	450.06 	
793249p_19C.fits	g.MP9401          	2005-05-11	450.06 	
793249p_1C.fits 	g.MP9401          	2005-05-11	450.06 	
793249p_20C.fits	g.MP9401          	2005-05-11	450.06 	
793249p_21C.fits	g.MP9401          	2005-05-11	450.06 	
793249p_22C.fits	g.MP9401          	2005-05-11	450.06 	
793249p_23C.fits	g.MP9401          	2005-05-11	450.06 	
793249p_24C.fits	g.MP9401          	2005-05-11	450.06 	
793249p_25C.fits	g.MP9401          	2005-05-11	450.06 	
793249p_26C.fits	g.MP9401          	2005-05-11	450.06 	
793249p_27C.fits	g.MP9401          	2005-05-11	450.06 	
793249p_28C.fits	g.MP9401          	2005-05-11	450.06 	
793249p_29C.fits	g.MP9401          	2005-05-11	450.06 	
793249p_2C.fits 	g.MP9401          	2005-05-11	450.06 	
793249p_30C.fits	g.MP9401          	2005-05-11	450.06 	
793249p_31C.fits	g.MP9401          	2005-05-11	450.06 	
793249p_32C.fits	g.MP9401          	2005-05-11	450.06 	
793249p_33C.fits	g.MP9401          	2005-05-11	450.06 	
793249p_34C.fits	g.MP9401          	2005-05-11	450.06 	
793249p_35C.fits	g.MP9401          	2005-05-11	450.06 	
793249p_36C.fits	g.MP9401          	2005-05-11	450.06 	
793249p_3C.fits 	g.MP9401          	2005-05-11	450.06 	
793249p_4C.fits 	g.MP9401          	2005-05-11	450.06 	
793249p_5C.fits 	g.MP9401          	2005-05-11	450.06 	
793249p_6C.fits 	g.MP9401          	2005-05-11	450.06 	
793249p_7C.fits 	g.MP9401          	2005-05-11	450.06 	
793249p_8C.fits 	g.MP9401          	2005-05-11	450.06 	
793249p_9C.fits 	g.MP9401          	2005-05-11	450.06 	
793250p_10C.fits	g.MP9401          	2005-05-11	450.06 	
793250p_11C.fits	g.MP9401          	2005-05-11	450.06 	
793250p_12C.fits	g.MP9401          	2005-05-11	450.06 	
793250p_13C.fits	g.MP9401          	2005-05-11	450.06 	
793250p_14C.fits	g.MP9401          	2005-05-11	450.06 	
793250p_15C.fits	g.MP9401          	2005-05-11	450.06 	
793250p_16C.fits	g.MP9401          	2005-05-11	450.06 	
793250p_17C.fits	g.MP9401          	2005-05-11	450.06 	
793250p_18C.fits	g.MP9401          	2005-05-11	450.06 	
793250p_19C.fits	g.MP9401          	2005-05-11	450.06 	
793250p_1C.fits 	g.MP9401          	2005-05-11	450.06 	
793250p_20C.fits	g.MP9401          	2005-05-11	450.06 	
793250p_21C.fits	g.MP9401          	2005-05-11	450.06 	
793250p_22C.fits	g.MP9401          	2005-05-11	450.06 	
793250p_23C.fits	g.MP9401          	2005-05-11	450.06 	
793250p_24C.fits	g.MP9401          	2005-05-11	450.06 	
793250p_25C.fits	g.MP9401          	2005-05-11	450.06 	
793250p_26C.fits	g.MP9401          	2005-05-11	450.06 	
793250p_27C.fits	g.MP9401          	2005-05-11	450.06 	
793250p_28C.fits	g.MP9401          	2005-05-11	450.06 	
793250p_29C.fits	g.MP9401          	2005-05-11	450.06 	
793250p_2C.fits 	g.MP9401          	2005-05-11	450.06 	
793250p_30C.fits	g.MP9401          	2005-05-11	450.06 	
793250p_31C.fits	g.MP9401          	2005-05-11	450.06 	
793250p_32C.fits	g.MP9401          	2005-05-11	450.06 	
793250p_33C.fits	g.MP9401          	2005-05-11	450.06 	
793250p_34C.fits	g.MP9401          	2005-05-11	450.06 	
793250p_35C.fits	g.MP9401          	2005-05-11	450.06 	
793250p_36C.fits	g.MP9401          	2005-05-11	450.06 	
793250p_3C.fits 	g.MP9401          	2005-05-11	450.06 	
793250p_4C.fits 	g.MP9401          	2005-05-11	450.06 	
793250p_5C.fits 	g.MP9401          	2005-05-11	450.06 	
793250p_6C.fits 	g.MP9401          	2005-05-11	450.06 	
793250p_7C.fits 	g.MP9401          	2005-05-11	450.06 	
793250p_8C.fits 	g.MP9401          	2005-05-11	450.06 	
793250p_9C.fits 	g.MP9401          	2005-05-11	450.06 	
795862p_10C.fits	g.MP9401          	2005-05-27	45.08  	
795862p_11C.fits	g.MP9401          	2005-05-27	45.08  	
795862p_12C.fits	g.MP9401          	2005-05-27	45.08  	
795862p_13C.fits	g.MP9401          	2005-05-27	45.08  	
795862p_14C.fits	g.MP9401          	2005-05-27	45.08  	
795862p_15C.fits	g.MP9401          	2005-05-27	45.08  	
795862p_16C.fits	g.MP9401          	2005-05-27	45.08  	
795862p_17C.fits	g.MP9401          	2005-05-27	45.08  	
795862p_18C.fits	g.MP9401          	2005-05-27	45.08  	
795862p_19C.fits	g.MP9401          	2005-05-27	45.08  	
795862p_1C.fits 	g.MP9401          	2005-05-27	45.08  	
795862p_20C.fits	g.MP9401          	2005-05-27	45.08  	
795862p_21C.fits	g.MP9401          	2005-05-27	45.08  	
795862p_22C.fits	g.MP9401          	2005-05-27	45.08  	
795862p_23C.fits	g.MP9401          	2005-05-27	45.08  	
795862p_24C.fits	g.MP9401          	2005-05-27	45.08  	
795862p_25C.fits	g.MP9401          	2005-05-27	45.08  	
795862p_26C.fits	g.MP9401          	2005-05-27	45.08  	
795862p_27C.fits	g.MP9401          	2005-05-27	45.08  	
795862p_28C.fits	g.MP9401          	2005-05-27	45.08  	
795862p_29C.fits	g.MP9401          	2005-05-27	45.08  	
795862p_2C.fits 	g.MP9401          	2005-05-27	45.08  	
795862p_30C.fits	g.MP9401          	2005-05-27	45.08  	
795862p_31C.fits	g.MP9401          	2005-05-27	45.08  	
795862p_32C.fits	g.MP9401          	2005-05-27	45.08  	
795862p_33C.fits	g.MP9401          	2005-05-27	45.08  	
795862p_34C.fits	g.MP9401          	2005-05-27	45.08  	
795862p_35C.fits	g.MP9401          	2005-05-27	45.08  	
795862p_36C.fits	g.MP9401          	2005-05-27	45.08  	
795862p_3C.fits 	g.MP9401          	2005-05-27	45.08  	
795862p_4C.fits 	g.MP9401          	2005-05-27	45.08  	
795862p_5C.fits 	g.MP9401          	2005-05-27	45.08  	
795862p_6C.fits 	g.MP9401          	2005-05-27	45.08  	
795862p_7C.fits 	g.MP9401          	2005-05-27	45.08  	
795862p_8C.fits 	g.MP9401          	2005-05-27	45.08  	
795862p_9C.fits 	g.MP9401          	2005-05-27	45.08  	
793537p_10C.fits	r.MP9601          	2005-05-13	600.04 	
793537p_11C.fits	r.MP9601          	2005-05-13	600.04 	
793537p_12C.fits	r.MP9601          	2005-05-13	600.04 	
793537p_13C.fits	r.MP9601          	2005-05-13	600.04 	
793537p_14C.fits	r.MP9601          	2005-05-13	600.04 	
793537p_15C.fits	r.MP9601          	2005-05-13	600.04 	
793537p_16C.fits	r.MP9601          	2005-05-13	600.04 	
793537p_17C.fits	r.MP9601          	2005-05-13	600.04 	
793537p_18C.fits	r.MP9601          	2005-05-13	600.04 	
793537p_19C.fits	r.MP9601          	2005-05-13	600.04 	
793537p_1C.fits 	r.MP9601          	2005-05-13	600.04 	
793537p_20C.fits	r.MP9601          	2005-05-13	600.04 	
793537p_21C.fits	r.MP9601          	2005-05-13	600.04 	
793537p_22C.fits	r.MP9601          	2005-05-13	600.04 	
793537p_23C.fits	r.MP9601          	2005-05-13	600.04 	
793537p_24C.fits	r.MP9601          	2005-05-13	600.04 	
793537p_25C.fits	r.MP9601          	2005-05-13	600.04 	
793537p_26C.fits	r.MP9601          	2005-05-13	600.04 	
793537p_27C.fits	r.MP9601          	2005-05-13	600.04 	
793537p_28C.fits	r.MP9601          	2005-05-13	600.04 	
793537p_29C.fits	r.MP9601          	2005-05-13	600.04 	
793537p_2C.fits 	r.MP9601          	2005-05-13	600.04 	
793537p_30C.fits	r.MP9601          	2005-05-13	600.04 	
793537p_31C.fits	r.MP9601          	2005-05-13	600.04 	
793537p_32C.fits	r.MP9601          	2005-05-13	600.04 	
793537p_33C.fits	r.MP9601          	2005-05-13	600.04 	
793537p_34C.fits	r.MP9601          	2005-05-13	600.04 	
793537p_35C.fits	r.MP9601          	2005-05-13	600.04 	
793537p_36C.fits	r.MP9601          	2005-05-13	600.04 	
793537p_3C.fits 	r.MP9601          	2005-05-13	600.04 	
793537p_4C.fits 	r.MP9601          	2005-05-13	600.04 	
793537p_5C.fits 	r.MP9601          	2005-05-13	600.04 	
793537p_6C.fits 	r.MP9601          	2005-05-13	600.04 	
793537p_7C.fits 	r.MP9601          	2005-05-13	600.04 	
793537p_8C.fits 	r.MP9601          	2005-05-13	600.04 	
793537p_9C.fits 	r.MP9601          	2005-05-13	600.04 	
793538p_10C.fits	r.MP9601          	2005-05-13	600.04 	
793538p_11C.fits	r.MP9601          	2005-05-13	600.04 	
793538p_12C.fits	r.MP9601          	2005-05-13	600.04 	
793538p_13C.fits	r.MP9601          	2005-05-13	600.04 	
793538p_14C.fits	r.MP9601          	2005-05-13	600.04 	
793538p_15C.fits	r.MP9601          	2005-05-13	600.04 	
793538p_16C.fits	r.MP9601          	2005-05-13	600.04 	
793538p_17C.fits	r.MP9601          	2005-05-13	600.04 	
793538p_18C.fits	r.MP9601          	2005-05-13	600.04 	
793538p_19C.fits	r.MP9601          	2005-05-13	600.04 	
793538p_1C.fits 	r.MP9601          	2005-05-13	600.04 	
793538p_20C.fits	r.MP9601          	2005-05-13	600.04 	
793538p_21C.fits	r.MP9601          	2005-05-13	600.04 	
793538p_22C.fits	r.MP9601          	2005-05-13	600.04 	
793538p_23C.fits	r.MP9601          	2005-05-13	600.04 	
793538p_24C.fits	r.MP9601          	2005-05-13	600.04 	
793538p_25C.fits	r.MP9601          	2005-05-13	600.04 	
793538p_26C.fits	r.MP9601          	2005-05-13	600.04 	
793538p_27C.fits	r.MP9601          	2005-05-13	600.04 	
793538p_28C.fits	r.MP9601          	2005-05-13	600.04 	
793538p_29C.fits	r.MP9601          	2005-05-13	600.04 	
793538p_2C.fits 	r.MP9601          	2005-05-13	600.04 	
793538p_30C.fits	r.MP9601          	2005-05-13	600.04 	
793538p_31C.fits	r.MP9601          	2005-05-13	600.04 	
793538p_32C.fits	r.MP9601          	2005-05-13	600.04 	
793538p_33C.fits	r.MP9601          	2005-05-13	600.04 	
793538p_34C.fits	r.MP9601          	2005-05-13	600.04 	
793538p_35C.fits	r.MP9601          	2005-05-13	600.04 	
793538p_36C.fits	r.MP9601          	2005-05-13	600.04 	
793538p_3C.fits 	r.MP9601          	2005-05-13	600.04 	
793538p_4C.fits 	r.MP9601          	2005-05-13	600.04 	
793538p_5C.fits 	r.MP9601          	2005-05-13	600.04 	
793538p_6C.fits 	r.MP9601          	2005-05-13	600.04 	
793538p_7C.fits 	r.MP9601          	2005-05-13	600.04 	
793538p_8C.fits 	r.MP9601          	2005-05-13	600.04 	
793538p_9C.fits 	r.MP9601          	2005-05-13	600.04 	
793539p_10C.fits	r.MP9601          	2005-05-13	600.05 	
793539p_11C.fits	r.MP9601          	2005-05-13	600.05 	
793539p_12C.fits	r.MP9601          	2005-05-13	600.05 	
793539p_13C.fits	r.MP9601          	2005-05-13	600.05 	
793539p_14C.fits	r.MP9601          	2005-05-13	600.05 	
793539p_15C.fits	r.MP9601          	2005-05-13	600.05 	
793539p_16C.fits	r.MP9601          	2005-05-13	600.05 	
793539p_17C.fits	r.MP9601          	2005-05-13	600.05 	
793539p_18C.fits	r.MP9601          	2005-05-13	600.05 	
793539p_19C.fits	r.MP9601          	2005-05-13	600.05 	
793539p_1C.fits 	r.MP9601          	2005-05-13	600.05 	
793539p_20C.fits	r.MP9601          	2005-05-13	600.05 	
793539p_21C.fits	r.MP9601          	2005-05-13	600.05 	
793539p_22C.fits	r.MP9601          	2005-05-13	600.05 	
793539p_23C.fits	r.MP9601          	2005-05-13	600.05 	
793539p_24C.fits	r.MP9601          	2005-05-13	600.05 	
793539p_25C.fits	r.MP9601          	2005-05-13	600.05 	
793539p_26C.fits	r.MP9601          	2005-05-13	600.05 	
793539p_27C.fits	r.MP9601          	2005-05-13	600.05 	
793539p_28C.fits	r.MP9601          	2005-05-13	600.05 	
793539p_29C.fits	r.MP9601          	2005-05-13	600.05 	
793539p_2C.fits 	r.MP9601          	2005-05-13	600.05 	
793539p_30C.fits	r.MP9601          	2005-05-13	600.05 	
793539p_31C.fits	r.MP9601          	2005-05-13	600.05 	
793539p_32C.fits	r.MP9601          	2005-05-13	600.05 	
793539p_33C.fits	r.MP9601          	2005-05-13	600.05 	
793539p_34C.fits	r.MP9601          	2005-05-13	600.05 	
793539p_35C.fits	r.MP9601          	2005-05-13	600.05 	
793539p_36C.fits	r.MP9601          	2005-05-13	600.05 	
793539p_3C.fits 	r.MP9601          	2005-05-13	600.05 	
793539p_4C.fits 	r.MP9601          	2005-05-13	600.05 	
793539p_5C.fits 	r.MP9601          	2005-05-13	600.05 	
793539p_6C.fits 	r.MP9601          	2005-05-13	600.05 	
793539p_7C.fits 	r.MP9601          	2005-05-13	600.05 	
793539p_8C.fits 	r.MP9601          	2005-05-13	600.05 	
793539p_9C.fits 	r.MP9601          	2005-05-13	600.05 	
793540p_10C.fits	r.MP9601          	2005-05-13	600.05 	
793540p_11C.fits	r.MP9601          	2005-05-13	600.05 	
793540p_12C.fits	r.MP9601          	2005-05-13	600.05 	
793540p_13C.fits	r.MP9601          	2005-05-13	600.05 	
793540p_14C.fits	r.MP9601          	2005-05-13	600.05 	
793540p_15C.fits	r.MP9601          	2005-05-13	600.05 	
793540p_16C.fits	r.MP9601          	2005-05-13	600.05 	
793540p_17C.fits	r.MP9601          	2005-05-13	600.05 	
793540p_18C.fits	r.MP9601          	2005-05-13	600.05 	
793540p_19C.fits	r.MP9601          	2005-05-13	600.05 	
793540p_1C.fits 	r.MP9601          	2005-05-13	600.05 	
793540p_20C.fits	r.MP9601          	2005-05-13	600.05 	
793540p_21C.fits	r.MP9601          	2005-05-13	600.05 	
793540p_22C.fits	r.MP9601          	2005-05-13	600.05 	
793540p_23C.fits	r.MP9601          	2005-05-13	600.05 	
793540p_24C.fits	r.MP9601          	2005-05-13	600.05 	
793540p_25C.fits	r.MP9601          	2005-05-13	600.05 	
793540p_26C.fits	r.MP9601          	2005-05-13	600.05 	
793540p_27C.fits	r.MP9601          	2005-05-13	600.05 	
793540p_28C.fits	r.MP9601          	2005-05-13	600.05 	
793540p_29C.fits	r.MP9601          	2005-05-13	600.05 	
793540p_2C.fits 	r.MP9601          	2005-05-13	600.05 	
793540p_30C.fits	r.MP9601          	2005-05-13	600.05 	
793540p_31C.fits	r.MP9601          	2005-05-13	600.05 	
793540p_32C.fits	r.MP9601          	2005-05-13	600.05 	
793540p_33C.fits	r.MP9601          	2005-05-13	600.05 	
793540p_34C.fits	r.MP9601          	2005-05-13	600.05 	
793540p_35C.fits	r.MP9601          	2005-05-13	600.05 	
793540p_36C.fits	r.MP9601          	2005-05-13	600.05 	
793540p_3C.fits 	r.MP9601          	2005-05-13	600.05 	
793540p_4C.fits 	r.MP9601          	2005-05-13	600.05 	
793540p_5C.fits 	r.MP9601          	2005-05-13	600.05 	
793540p_6C.fits 	r.MP9601          	2005-05-13	600.05 	
793540p_7C.fits 	r.MP9601          	2005-05-13	600.05 	
793540p_8C.fits 	r.MP9601          	2005-05-13	600.05 	
793540p_9C.fits 	r.MP9601          	2005-05-13	600.05 	
793595p_10C.fits	r.MP9601          	2005-05-14	600.06 	
793595p_11C.fits	r.MP9601          	2005-05-14	600.06 	
793595p_12C.fits	r.MP9601          	2005-05-14	600.06 	
793595p_13C.fits	r.MP9601          	2005-05-14	600.06 	
793595p_14C.fits	r.MP9601          	2005-05-14	600.06 	
793595p_15C.fits	r.MP9601          	2005-05-14	600.06 	
793595p_16C.fits	r.MP9601          	2005-05-14	600.06 	
793595p_17C.fits	r.MP9601          	2005-05-14	600.06 	
793595p_18C.fits	r.MP9601          	2005-05-14	600.06 	
793595p_19C.fits	r.MP9601          	2005-05-14	600.06 	
793595p_1C.fits 	r.MP9601          	2005-05-14	600.06 	
793595p_20C.fits	r.MP9601          	2005-05-14	600.06 	
793595p_21C.fits	r.MP9601          	2005-05-14	600.06 	
793595p_22C.fits	r.MP9601          	2005-05-14	600.06 	
793595p_23C.fits	r.MP9601          	2005-05-14	600.06 	
793595p_24C.fits	r.MP9601          	2005-05-14	600.06 	
793595p_25C.fits	r.MP9601          	2005-05-14	600.06 	
793595p_26C.fits	r.MP9601          	2005-05-14	600.06 	
793595p_27C.fits	r.MP9601          	2005-05-14	600.06 	
793595p_28C.fits	r.MP9601          	2005-05-14	600.06 	
793595p_29C.fits	r.MP9601          	2005-05-14	600.06 	
793595p_2C.fits 	r.MP9601          	2005-05-14	600.06 	
793595p_30C.fits	r.MP9601          	2005-05-14	600.06 	
793595p_31C.fits	r.MP9601          	2005-05-14	600.06 	
793595p_32C.fits	r.MP9601          	2005-05-14	600.06 	
793595p_33C.fits	r.MP9601          	2005-05-14	600.06 	
793595p_34C.fits	r.MP9601          	2005-05-14	600.06 	
793595p_35C.fits	r.MP9601          	2005-05-14	600.06 	
793595p_36C.fits	r.MP9601          	2005-05-14	600.06 	
793595p_3C.fits 	r.MP9601          	2005-05-14	600.06 	
793595p_4C.fits 	r.MP9601          	2005-05-14	600.06 	
793595p_5C.fits 	r.MP9601          	2005-05-14	600.06 	
793595p_6C.fits 	r.MP9601          	2005-05-14	600.06 	
793595p_7C.fits 	r.MP9601          	2005-05-14	600.06 	
793595p_8C.fits 	r.MP9601          	2005-05-14	600.06 	
793595p_9C.fits 	r.MP9601          	2005-05-14	600.06 	
793596p_10C.fits	r.MP9601          	2005-05-14	600.07 	
793596p_11C.fits	r.MP9601          	2005-05-14	600.07 	
793596p_12C.fits	r.MP9601          	2005-05-14	600.07 	
793596p_13C.fits	r.MP9601          	2005-05-14	600.07 	
793596p_14C.fits	r.MP9601          	2005-05-14	600.07 	
793596p_15C.fits	r.MP9601          	2005-05-14	600.07 	
793596p_16C.fits	r.MP9601          	2005-05-14	600.07 	
793596p_17C.fits	r.MP9601          	2005-05-14	600.07 	
793596p_18C.fits	r.MP9601          	2005-05-14	600.07 	
793596p_19C.fits	r.MP9601          	2005-05-14	600.07 	
793596p_1C.fits 	r.MP9601          	2005-05-14	600.07 	
793596p_20C.fits	r.MP9601          	2005-05-14	600.07 	
793596p_21C.fits	r.MP9601          	2005-05-14	600.07 	
793596p_22C.fits	r.MP9601          	2005-05-14	600.07 	
793596p_23C.fits	r.MP9601          	2005-05-14	600.07 	
793596p_24C.fits	r.MP9601          	2005-05-14	600.07 	
793596p_25C.fits	r.MP9601          	2005-05-14	600.07 	
793596p_26C.fits	r.MP9601          	2005-05-14	600.07 	
793596p_27C.fits	r.MP9601          	2005-05-14	600.07 	
793596p_28C.fits	r.MP9601          	2005-05-14	600.07 	
793596p_29C.fits	r.MP9601          	2005-05-14	600.07 	
793596p_2C.fits 	r.MP9601          	2005-05-14	600.07 	
793596p_30C.fits	r.MP9601          	2005-05-14	600.07 	
793596p_31C.fits	r.MP9601          	2005-05-14	600.07 	
793596p_32C.fits	r.MP9601          	2005-05-14	600.07 	
793596p_33C.fits	r.MP9601          	2005-05-14	600.07 	
793596p_34C.fits	r.MP9601          	2005-05-14	600.07 	
793596p_35C.fits	r.MP9601          	2005-05-14	600.07 	
793596p_36C.fits	r.MP9601          	2005-05-14	600.07 	
793596p_3C.fits 	r.MP9601          	2005-05-14	600.07 	
793596p_4C.fits 	r.MP9601          	2005-05-14	600.07 	
793596p_5C.fits 	r.MP9601          	2005-05-14	600.07 	
793596p_6C.fits 	r.MP9601          	2005-05-14	600.07 	
793596p_7C.fits 	r.MP9601          	2005-05-14	600.07 	
793596p_8C.fits 	r.MP9601          	2005-05-14	600.07 	
793596p_9C.fits 	r.MP9601          	2005-05-14	600.07 	
793597p_10C.fits	r.MP9601          	2005-05-14	600.07 	
793597p_11C.fits	r.MP9601          	2005-05-14	600.07 	
793597p_12C.fits	r.MP9601          	2005-05-14	600.07 	
793597p_13C.fits	r.MP9601          	2005-05-14	600.07 	
793597p_14C.fits	r.MP9601          	2005-05-14	600.07 	
793597p_15C.fits	r.MP9601          	2005-05-14	600.07 	
793597p_16C.fits	r.MP9601          	2005-05-14	600.07 	
793597p_17C.fits	r.MP9601          	2005-05-14	600.07 	
793597p_18C.fits	r.MP9601          	2005-05-14	600.07 	
793597p_19C.fits	r.MP9601          	2005-05-14	600.07 	
793597p_1C.fits 	r.MP9601          	2005-05-14	600.07 	
793597p_20C.fits	r.MP9601          	2005-05-14	600.07 	
793597p_21C.fits	r.MP9601          	2005-05-14	600.07 	
793597p_22C.fits	r.MP9601          	2005-05-14	600.07 	
793597p_23C.fits	r.MP9601          	2005-05-14	600.07 	
793597p_24C.fits	r.MP9601          	2005-05-14	600.07 	
793597p_25C.fits	r.MP9601          	2005-05-14	600.07 	
793597p_26C.fits	r.MP9601          	2005-05-14	600.07 	
793597p_27C.fits	r.MP9601          	2005-05-14	600.07 	
793597p_28C.fits	r.MP9601          	2005-05-14	600.07 	
793597p_29C.fits	r.MP9601          	2005-05-14	600.07 	
793597p_2C.fits 	r.MP9601          	2005-05-14	600.07 	
793597p_30C.fits	r.MP9601          	2005-05-14	600.07 	
793597p_31C.fits	r.MP9601          	2005-05-14	600.07 	
793597p_32C.fits	r.MP9601          	2005-05-14	600.07 	
793597p_33C.fits	r.MP9601          	2005-05-14	600.07 	
793597p_34C.fits	r.MP9601          	2005-05-14	600.07 	
793597p_35C.fits	r.MP9601          	2005-05-14	600.07 	
793597p_36C.fits	r.MP9601          	2005-05-14	600.07 	
793597p_3C.fits 	r.MP9601          	2005-05-14	600.07 	
793597p_4C.fits 	r.MP9601          	2005-05-14	600.07 	
793597p_5C.fits 	r.MP9601          	2005-05-14	600.07 	
793597p_6C.fits 	r.MP9601          	2005-05-14	600.07 	
793597p_7C.fits 	r.MP9601          	2005-05-14	600.07 	
793597p_8C.fits 	r.MP9601          	2005-05-14	600.07 	
793597p_9C.fits 	r.MP9601          	2005-05-14	600.07 	
793598p_10C.fits	r.MP9601          	2005-05-14	600.09 	
793598p_11C.fits	r.MP9601          	2005-05-14	600.09 	
793598p_12C.fits	r.MP9601          	2005-05-14	600.09 	
793598p_13C.fits	r.MP9601          	2005-05-14	600.09 	
793598p_14C.fits	r.MP9601          	2005-05-14	600.09 	
793598p_15C.fits	r.MP9601          	2005-05-14	600.09 	
793598p_16C.fits	r.MP9601          	2005-05-14	600.09 	
793598p_17C.fits	r.MP9601          	2005-05-14	600.09 	
793598p_18C.fits	r.MP9601          	2005-05-14	600.09 	
793598p_19C.fits	r.MP9601          	2005-05-14	600.09 	
793598p_1C.fits 	r.MP9601          	2005-05-14	600.09 	
793598p_20C.fits	r.MP9601          	2005-05-14	600.09 	
793598p_21C.fits	r.MP9601          	2005-05-14	600.09 	
793598p_22C.fits	r.MP9601          	2005-05-14	600.09 	
793598p_23C.fits	r.MP9601          	2005-05-14	600.09 	
793598p_24C.fits	r.MP9601          	2005-05-14	600.09 	
793598p_25C.fits	r.MP9601          	2005-05-14	600.09 	
793598p_26C.fits	r.MP9601          	2005-05-14	600.09 	
793598p_27C.fits	r.MP9601          	2005-05-14	600.09 	
793598p_28C.fits	r.MP9601          	2005-05-14	600.09 	
793598p_29C.fits	r.MP9601          	2005-05-14	600.09 	
793598p_2C.fits 	r.MP9601          	2005-05-14	600.09 	
793598p_30C.fits	r.MP9601          	2005-05-14	600.09 	
793598p_31C.fits	r.MP9601          	2005-05-14	600.09 	
793598p_32C.fits	r.MP9601          	2005-05-14	600.09 	
793598p_33C.fits	r.MP9601          	2005-05-14	600.09 	
793598p_34C.fits	r.MP9601          	2005-05-14	600.09 	
793598p_35C.fits	r.MP9601          	2005-05-14	600.09 	
793598p_36C.fits	r.MP9601          	2005-05-14	600.09 	
793598p_3C.fits 	r.MP9601          	2005-05-14	600.09 	
793598p_4C.fits 	r.MP9601          	2005-05-14	600.09 	
793598p_5C.fits 	r.MP9601          	2005-05-14	600.09 	
793598p_6C.fits 	r.MP9601          	2005-05-14	600.09 	
793598p_7C.fits 	r.MP9601          	2005-05-14	600.09 	
793598p_8C.fits 	r.MP9601          	2005-05-14	600.09 	
793598p_9C.fits 	r.MP9601          	2005-05-14	600.09 	
793600p_10C.fits	r.MP9601          	2005-05-14	600.05 	
793600p_11C.fits	r.MP9601          	2005-05-14	600.05 	
793600p_12C.fits	r.MP9601          	2005-05-14	600.05 	
793600p_13C.fits	r.MP9601          	2005-05-14	600.05 	
793600p_14C.fits	r.MP9601          	2005-05-14	600.05 	
793600p_15C.fits	r.MP9601          	2005-05-14	600.05 	
793600p_16C.fits	r.MP9601          	2005-05-14	600.05 	
793600p_17C.fits	r.MP9601          	2005-05-14	600.05 	
793600p_18C.fits	r.MP9601          	2005-05-14	600.05 	
793600p_19C.fits	r.MP9601          	2005-05-14	600.05 	
793600p_1C.fits 	r.MP9601          	2005-05-14	600.05 	
793600p_20C.fits	r.MP9601          	2005-05-14	600.05 	
793600p_21C.fits	r.MP9601          	2005-05-14	600.05 	
793600p_22C.fits	r.MP9601          	2005-05-14	600.05 	
793600p_23C.fits	r.MP9601          	2005-05-14	600.05 	
793600p_24C.fits	r.MP9601          	2005-05-14	600.05 	
793600p_25C.fits	r.MP9601          	2005-05-14	600.05 	
793600p_26C.fits	r.MP9601          	2005-05-14	600.05 	
793600p_27C.fits	r.MP9601          	2005-05-14	600.05 	
793600p_28C.fits	r.MP9601          	2005-05-14	600.05 	
793600p_29C.fits	r.MP9601          	2005-05-14	600.05 	
793600p_2C.fits 	r.MP9601          	2005-05-14	600.05 	
793600p_30C.fits	r.MP9601          	2005-05-14	600.05 	
793600p_31C.fits	r.MP9601          	2005-05-14	600.05 	
793600p_32C.fits	r.MP9601          	2005-05-14	600.05 	
793600p_33C.fits	r.MP9601          	2005-05-14	600.05 	
793600p_34C.fits	r.MP9601          	2005-05-14	600.05 	
793600p_35C.fits	r.MP9601          	2005-05-14	600.05 	
793600p_36C.fits	r.MP9601          	2005-05-14	600.05 	
793600p_3C.fits 	r.MP9601          	2005-05-14	600.05 	
793600p_4C.fits 	r.MP9601          	2005-05-14	600.05 	
793600p_5C.fits 	r.MP9601          	2005-05-14	600.05 	
793600p_6C.fits 	r.MP9601          	2005-05-14	600.05 	
793600p_7C.fits 	r.MP9601          	2005-05-14	600.05 	
793600p_8C.fits 	r.MP9601          	2005-05-14	600.05 	
793600p_9C.fits 	r.MP9601          	2005-05-14	600.05 	
793601p_10C.fits	r.MP9601          	2005-05-14	600.09 	
793601p_11C.fits	r.MP9601          	2005-05-14	600.09 	
793601p_12C.fits	r.MP9601          	2005-05-14	600.09 	
793601p_13C.fits	r.MP9601          	2005-05-14	600.09 	
793601p_14C.fits	r.MP9601          	2005-05-14	600.09 	
793601p_15C.fits	r.MP9601          	2005-05-14	600.09 	
793601p_16C.fits	r.MP9601          	2005-05-14	600.09 	
793601p_17C.fits	r.MP9601          	2005-05-14	600.09 	
793601p_18C.fits	r.MP9601          	2005-05-14	600.09 	
793601p_19C.fits	r.MP9601          	2005-05-14	600.09 	
793601p_1C.fits 	r.MP9601          	2005-05-14	600.09 	
793601p_20C.fits	r.MP9601          	2005-05-14	600.09 	
793601p_21C.fits	r.MP9601          	2005-05-14	600.09 	
793601p_22C.fits	r.MP9601          	2005-05-14	600.09 	
793601p_23C.fits	r.MP9601          	2005-05-14	600.09 	
793601p_24C.fits	r.MP9601          	2005-05-14	600.09 	
793601p_25C.fits	r.MP9601          	2005-05-14	600.09 	
793601p_26C.fits	r.MP9601          	2005-05-14	600.09 	
793601p_27C.fits	r.MP9601          	2005-05-14	600.09 	
793601p_28C.fits	r.MP9601          	2005-05-14	600.09 	
793601p_29C.fits	r.MP9601          	2005-05-14	600.09 	
793601p_2C.fits 	r.MP9601          	2005-05-14	600.09 	
793601p_30C.fits	r.MP9601          	2005-05-14	600.09 	
793601p_31C.fits	r.MP9601          	2005-05-14	600.09 	
793601p_32C.fits	r.MP9601          	2005-05-14	600.09 	
793601p_33C.fits	r.MP9601          	2005-05-14	600.09 	
793601p_34C.fits	r.MP9601          	2005-05-14	600.09 	
793601p_35C.fits	r.MP9601          	2005-05-14	600.09 	
793601p_36C.fits	r.MP9601          	2005-05-14	600.09 	
793601p_3C.fits 	r.MP9601          	2005-05-14	600.09 	
793601p_4C.fits 	r.MP9601          	2005-05-14	600.09 	
793601p_5C.fits 	r.MP9601          	2005-05-14	600.09 	
793601p_6C.fits 	r.MP9601          	2005-05-14	600.09 	
793601p_7C.fits 	r.MP9601          	2005-05-14	600.09 	
793601p_8C.fits 	r.MP9601          	2005-05-14	600.09 	
793601p_9C.fits 	r.MP9601          	2005-05-14	600.09 	
793602p_10C.fits	r.MP9601          	2005-05-14	600.10 	
793602p_11C.fits	r.MP9601          	2005-05-14	600.10 	
793602p_12C.fits	r.MP9601          	2005-05-14	600.10 	
793602p_13C.fits	r.MP9601          	2005-05-14	600.10 	
793602p_14C.fits	r.MP9601          	2005-05-14	600.10 	
793602p_15C.fits	r.MP9601          	2005-05-14	600.10 	
793602p_16C.fits	r.MP9601          	2005-05-14	600.10 	
793602p_17C.fits	r.MP9601          	2005-05-14	600.10 	
793602p_18C.fits	r.MP9601          	2005-05-14	600.10 	
793602p_19C.fits	r.MP9601          	2005-05-14	600.10 	
793602p_1C.fits 	r.MP9601          	2005-05-14	600.10 	
793602p_20C.fits	r.MP9601          	2005-05-14	600.10 	
793602p_21C.fits	r.MP9601          	2005-05-14	600.10 	
793602p_22C.fits	r.MP9601          	2005-05-14	600.10 	
793602p_23C.fits	r.MP9601          	2005-05-14	600.10 	
793602p_24C.fits	r.MP9601          	2005-05-14	600.10 	
793602p_25C.fits	r.MP9601          	2005-05-14	600.10 	
793602p_26C.fits	r.MP9601          	2005-05-14	600.10 	
793602p_27C.fits	r.MP9601          	2005-05-14	600.10 	
793602p_28C.fits	r.MP9601          	2005-05-14	600.10 	
793602p_29C.fits	r.MP9601          	2005-05-14	600.10 	
793602p_2C.fits 	r.MP9601          	2005-05-14	600.10 	
793602p_30C.fits	r.MP9601          	2005-05-14	600.10 	
793602p_31C.fits	r.MP9601          	2005-05-14	600.10 	
793602p_32C.fits	r.MP9601          	2005-05-14	600.10 	
793602p_33C.fits	r.MP9601          	2005-05-14	600.10 	
793602p_34C.fits	r.MP9601          	2005-05-14	600.10 	
793602p_35C.fits	r.MP9601          	2005-05-14	600.10 	
793602p_36C.fits	r.MP9601          	2005-05-14	600.10 	
793602p_3C.fits 	r.MP9601          	2005-05-14	600.10 	
793602p_4C.fits 	r.MP9601          	2005-05-14	600.10 	
793602p_5C.fits 	r.MP9601          	2005-05-14	600.10 	
793602p_6C.fits 	r.MP9601          	2005-05-14	600.10 	
793602p_7C.fits 	r.MP9601          	2005-05-14	600.10 	
793602p_8C.fits 	r.MP9601          	2005-05-14	600.10 	
793602p_9C.fits 	r.MP9601          	2005-05-14	600.10 	
793603p_10C.fits	r.MP9601          	2005-05-14	600.10 	
793603p_11C.fits	r.MP9601          	2005-05-14	600.10 	
793603p_12C.fits	r.MP9601          	2005-05-14	600.10 	
793603p_13C.fits	r.MP9601          	2005-05-14	600.10 	
793603p_14C.fits	r.MP9601          	2005-05-14	600.10 	
793603p_15C.fits	r.MP9601          	2005-05-14	600.10 	
793603p_16C.fits	r.MP9601          	2005-05-14	600.10 	
793603p_17C.fits	r.MP9601          	2005-05-14	600.10 	
793603p_18C.fits	r.MP9601          	2005-05-14	600.10 	
793603p_19C.fits	r.MP9601          	2005-05-14	600.10 	
793603p_1C.fits 	r.MP9601          	2005-05-14	600.10 	
793603p_20C.fits	r.MP9601          	2005-05-14	600.10 	
793603p_21C.fits	r.MP9601          	2005-05-14	600.10 	
793603p_22C.fits	r.MP9601          	2005-05-14	600.10 	
793603p_23C.fits	r.MP9601          	2005-05-14	600.10 	
793603p_24C.fits	r.MP9601          	2005-05-14	600.10 	
793603p_25C.fits	r.MP9601          	2005-05-14	600.10 	
793603p_26C.fits	r.MP9601          	2005-05-14	600.10 	
793603p_27C.fits	r.MP9601          	2005-05-14	600.10 	
793603p_28C.fits	r.MP9601          	2005-05-14	600.10 	
793603p_29C.fits	r.MP9601          	2005-05-14	600.10 	
793603p_2C.fits 	r.MP9601          	2005-05-14	600.10 	
793603p_30C.fits	r.MP9601          	2005-05-14	600.10 	
793603p_31C.fits	r.MP9601          	2005-05-14	600.10 	
793603p_32C.fits	r.MP9601          	2005-05-14	600.10 	
793603p_33C.fits	r.MP9601          	2005-05-14	600.10 	
793603p_34C.fits	r.MP9601          	2005-05-14	600.10 	
793603p_35C.fits	r.MP9601          	2005-05-14	600.10 	
793603p_36C.fits	r.MP9601          	2005-05-14	600.10 	
793603p_3C.fits 	r.MP9601          	2005-05-14	600.10 	
793603p_4C.fits 	r.MP9601          	2005-05-14	600.10 	
793603p_5C.fits 	r.MP9601          	2005-05-14	600.10 	
793603p_6C.fits 	r.MP9601          	2005-05-14	600.10 	
793603p_7C.fits 	r.MP9601          	2005-05-14	600.10 	
793603p_8C.fits 	r.MP9601          	2005-05-14	600.10 	
793603p_9C.fits 	r.MP9601          	2005-05-14	600.10 	
795861p_10C.fits	r.MP9601          	2005-05-27	60.07  	
795861p_11C.fits	r.MP9601          	2005-05-27	60.07  	
795861p_12C.fits	r.MP9601          	2005-05-27	60.07  	
795861p_13C.fits	r.MP9601          	2005-05-27	60.07  	
795861p_14C.fits	r.MP9601          	2005-05-27	60.07  	
795861p_15C.fits	r.MP9601          	2005-05-27	60.07  	
795861p_16C.fits	r.MP9601          	2005-05-27	60.07  	
795861p_17C.fits	r.MP9601          	2005-05-27	60.07  	
795861p_18C.fits	r.MP9601          	2005-05-27	60.07  	
795861p_19C.fits	r.MP9601          	2005-05-27	60.07  	
795861p_1C.fits 	r.MP9601          	2005-05-27	60.07  	
795861p_20C.fits	r.MP9601          	2005-05-27	60.07  	
795861p_21C.fits	r.MP9601          	2005-05-27	60.07  	
795861p_22C.fits	r.MP9601          	2005-05-27	60.07  	
795861p_23C.fits	r.MP9601          	2005-05-27	60.07  	
795861p_24C.fits	r.MP9601          	2005-05-27	60.07  	
795861p_25C.fits	r.MP9601          	2005-05-27	60.07  	
795861p_26C.fits	r.MP9601          	2005-05-27	60.07  	
795861p_27C.fits	r.MP9601          	2005-05-27	60.07  	
795861p_28C.fits	r.MP9601          	2005-05-27	60.07  	
795861p_29C.fits	r.MP9601          	2005-05-27	60.07  	
795861p_2C.fits 	r.MP9601          	2005-05-27	60.07  	
795861p_30C.fits	r.MP9601          	2005-05-27	60.07  	
795861p_31C.fits	r.MP9601          	2005-05-27	60.07  	
795861p_32C.fits	r.MP9601          	2005-05-27	60.07  	
795861p_33C.fits	r.MP9601          	2005-05-27	60.07  	
795861p_34C.fits	r.MP9601          	2005-05-27	60.07  	
795861p_35C.fits	r.MP9601          	2005-05-27	60.07  	
795861p_36C.fits	r.MP9601          	2005-05-27	60.07  	
795861p_3C.fits 	r.MP9601          	2005-05-27	60.07  	
795861p_4C.fits 	r.MP9601          	2005-05-27	60.07  	
795861p_5C.fits 	r.MP9601          	2005-05-27	60.07  	
795861p_6C.fits 	r.MP9601          	2005-05-27	60.07  	
795861p_7C.fits 	r.MP9601          	2005-05-27	60.07  	
795861p_8C.fits 	r.MP9601          	2005-05-27	60.07  	
795861p_9C.fits 	r.MP9601          	2005-05-27	60.07  	
