python /nfs/slac/g/ki/ki04/pkelly/bpz-1.99.2//bpz.py /nfs/slac/g/ki/ki18/anja/SUBARU//MACS1226+21/PHOTOMETRY_W-C-RC_aper/MACS1226+21.calibrated.alter.cat  -COLUMNS /nfs/slac/g/ki/ki18/anja/SUBARU//MACS1226+21/PHOTOMETRY_W-C-RC_aper/spec.APER1._aper.CWWSB_capak.list.cat.columns  -MAG no  -SPECTRA CWWSB_capak.list  -PRIOR hdfn_SB  -CHECK yes  -PLOTS yes  -VERBOSE no  -ZMAX 4.0  -INTERP 8  -PROBS_LITE /nfs/slac/g/ki/ki18/anja/SUBARU//MACS1226+21/PHOTOMETRY_W-C-RC_aper/all_bpz-APER1.CWWSB_capak.probs.list  -OUTPUT /nfs/slac/g/ki/ki18/anja/SUBARU//MACS1226+21/PHOTOMETRY_W-C-RC_aper/all_bpz-APER1.CWWSB_capak.bpz.list

#new#
python /nfs/slac/g/ki/ki04/pkelly/bpz-1.99.2//bpz.py /nfs/slac/g/ki/ki18/anja/SUBARU//MACS1226+21/PHOTOMETRY_W-C-RC_aper/MACS1226+21.calibrated.alter.cat \
 -COLUMNS /nfs/slac/g/ki/ki18/anja/SUBARU//MACS1226+21/PHOTOMETRY_W-C-RC_aper/spec.APER1._aper.CWWSB_capak.list.cat.columns \
 -MAG no \
 -SPECTRA CWWSB_capak.list \
 -PRIOR hdfn_SB \
 -CHECK yes \
 -PLOTS yes \
 -VERBOSE no \
 -ZMAX 4.0 \
 -INTERP 8 \
 -PROBS_LITE /nfs/slac/g/ki/ki18/anja/SUBARU//MACS1226+21/PHOTOMETRY_W-C-RC_aper/all_bpz-APER1.CWWSB_capak.probs.list \
 -OUTPUT /nfs/slac/g/ki/ki18/anja/SUBARU//MACS1226+21/PHOTOMETRY_W-C-RC_aper/all_bpz-APER1.CWWSB_capak.bpz.list

#old#
python /nfs/slac/g/ki/ki04/pkelly/bpz-1.99.2//bpz.py /nfs/slac/g/ki/ki18/anja/SUBARU//MACS1226+21/PHOTOMETRY_W-C-RC_aper/all_bpzAPER1CWWSB_capak.list1_0.cat \
 -COLUMNS /nfs/slac/g/ki/ki18/anja/SUBARU//MACS1226+21/PHOTOMETRY_W-C-RC_aper/spec.APER1._aper.CWWSB_capak.list.cat.columns \
 -MAG no \
 -SPECTRA CWWSB_capak.list \
 -PRIOR hdfn_SB \
 -CHECK yes \
 -PLOTS yes \
 -VERBOSE no \
 -ZMAX 4.0 \
 -PLOTS yes \
 -INTERP 8 \
 -PROBS_LITE /nfs/slac/g/ki/ki18/anja/SUBARU//MACS1226+21/PHOTOMETRY_W-C-RC_aper/all_bpzAPER1CWWSB_capak.list1_0.probs \
 -OUTPUT /nfs/slac/g/ki/ki18/anja/SUBARU//MACS1226+21/PHOTOMETRY_W-C-RC_aper/all_bpzAPER1CWWSB_capak.list1_0.bpz
input cats: ls /nfs/slac/g/ki/ki05/anja/SUBARU/MACS*/PHOTOMETRY_W-C-RC_aper/all_bpz*.cat
MACS0417-11/PHOTOMETRY_W-C-RC_aper/all_bpzAPER1CWWSB_capak.list1_0.cat
MACS0417-11/PHOTOMETRY_W-C-RC_aper/all_bpzAPER1CWWSB_capak.list1_1.cat
MACS0417-11/PHOTOMETRY_W-C-RC_aper/all_bpzAPER1CWWSB_capak.list1_2.cat
MACS0417-11/PHOTOMETRY_W-C-RC_aper/all_bpzAPER1CWWSB_capak.list1_3.cat
MACS0429-02/PHOTOMETRY_W-C-RC_aper/all_bpzAPER1CWWSB_capak.list1_0.cat
MACS0429-02/PHOTOMETRY_W-C-RC_aper/all_bpzAPER1CWWSB_capak.list1_1.cat
MACS0429-02/PHOTOMETRY_W-C-RC_aper/all_bpzAPER1CWWSB_capak.list1_2.cat
MACS0429-02/PHOTOMETRY_W-C-RC_aper/all_bpzAPER1CWWSB_capak.list1_3.cat
MACS0451+00/PHOTOMETRY_W-C-RC_aper/all_bpzAPER1CWWSB_capak.list1_0.cat
MACS0451+00/PHOTOMETRY_W-C-RC_aper/all_bpzAPER1CWWSB_capak.list1_1.cat
MACS0451+00/PHOTOMETRY_W-C-RC_aper/all_bpzAPER1CWWSB_capak.list1_2.cat
MACS0451+00/PHOTOMETRY_W-C-RC_aper/all_bpzAPER1CWWSB_capak.list1_3.cat
MACS0454-03/PHOTOMETRY_W-C-RC_aper/all_bpzAPER1CWWSB_capak.list1_0.cat
MACS0454-03/PHOTOMETRY_W-C-RC_aper/all_bpzAPER1CWWSB_capak.list1_1.cat
MACS0454-03/PHOTOMETRY_W-C-RC_aper/all_bpzAPER1CWWSB_capak.list1_2.cat
MACS0454-03/PHOTOMETRY_W-C-RC_aper/all_bpzAPER1CWWSB_capak.list1_3.cat
MACS0647+70/PHOTOMETRY_W-C-RC_aper/all_bpzAPER1CWWSB_capak.list1_0.cat
MACS0647+70/PHOTOMETRY_W-C-RC_aper/all_bpzAPER1CWWSB_capak.list1_1.cat
MACS0647+70/PHOTOMETRY_W-C-RC_aper/all_bpzAPER1CWWSB_capak.list1_2.cat
MACS0647+70/PHOTOMETRY_W-C-RC_aper/all_bpzAPER1CWWSB_capak.list1_3.cat
MACS0744+39/PHOTOMETRY_W-C-RC_aper/all_bpzAPER1CWWSB_capak.list1_0.cat
MACS0744+39/PHOTOMETRY_W-C-RC_aper/all_bpzAPER1CWWSB_capak.list1_1.cat
MACS0744+39/PHOTOMETRY_W-C-RC_aper/all_bpzAPER1CWWSB_capak.list1_2.cat
MACS0744+39/PHOTOMETRY_W-C-RC_aper/all_bpzAPER1CWWSB_capak.list1_3.cat
MACS1115+01/PHOTOMETRY_W-C-RC_aper/all_bpzAPER1CWWSB_capak.list1_0.cat
MACS1115+01/PHOTOMETRY_W-C-RC_aper/all_bpzAPER1CWWSB_capak.list1_1.cat
MACS1115+01/PHOTOMETRY_W-C-RC_aper/all_bpzAPER1CWWSB_capak.list1_2.cat
MACS1115+01/PHOTOMETRY_W-C-RC_aper/all_bpzAPER1CWWSB_capak.list1_3.cat
MACS1206-08/PHOTOMETRY_W-C-RC_aper/all_bpzAPER1CWWSB_capak.list1_0.cat
MACS1206-08/PHOTOMETRY_W-C-RC_aper/all_bpzAPER1CWWSB_capak.list1_1.cat
MACS1206-08/PHOTOMETRY_W-C-RC_aper/all_bpzAPER1CWWSB_capak.list1_2.cat
MACS1206-08/PHOTOMETRY_W-C-RC_aper/all_bpzAPER1CWWSB_capak.list1_3.cat
MACS1347-11/PHOTOMETRY_W-C-RC_aper/all_bpzAPER1CWWSB_capak.list1_0.cat
MACS1347-11/PHOTOMETRY_W-C-RC_aper/all_bpzAPER1CWWSB_capak.list1_1.cat
MACS1347-11/PHOTOMETRY_W-C-RC_aper/all_bpzAPER1CWWSB_capak.list1_2.cat
MACS1347-11/PHOTOMETRY_W-C-RC_aper/all_bpzAPER1CWWSB_capak.list1_3.cat
MACS1427+44/PHOTOMETRY_W-C-RC_aper/all_bpzAPER1CWWSB_capak.list1_0.cat
MACS1427+44/PHOTOMETRY_W-C-RC_aper/all_bpzAPER1CWWSB_capak.list1_1.cat
MACS1427+44/PHOTOMETRY_W-C-RC_aper/all_bpzAPER1CWWSB_capak.list1_2.cat
MACS1427+44/PHOTOMETRY_W-C-RC_aper/all_bpzAPER1CWWSB_capak.list1_3.cat
MACS1532+30/PHOTOMETRY_W-C-RC_aper/all_bpzAPER1CWWSB_capak.list1_0.cat
MACS1532+30/PHOTOMETRY_W-C-RC_aper/all_bpzAPER1CWWSB_capak.list1_1.cat
MACS1532+30/PHOTOMETRY_W-C-RC_aper/all_bpzAPER1CWWSB_capak.list1_2.cat
MACS1532+30/PHOTOMETRY_W-C-RC_aper/all_bpzAPER1CWWSB_capak.list1_3.cat
MACS1621+38/PHOTOMETRY_W-C-RC_aper/all_bpzAPER1CWWSB_capak.list1_0.cat
MACS1621+38/PHOTOMETRY_W-C-RC_aper/all_bpzAPER1CWWSB_capak.list1_1.cat
MACS1621+38/PHOTOMETRY_W-C-RC_aper/all_bpzAPER1CWWSB_capak.list1_2.cat
MACS1621+38/PHOTOMETRY_W-C-RC_aper/all_bpzAPER1CWWSB_capak.list1_3.cat
MACS1731+22/PHOTOMETRY_W-C-RC_aper/all_bpzAPER1CWWSB_capak.list1_0.cat
MACS1731+22/PHOTOMETRY_W-C-RC_aper/all_bpzAPER1CWWSB_capak.list1_1.cat
MACS1731+22/PHOTOMETRY_W-C-RC_aper/all_bpzAPER1CWWSB_capak.list1_2.cat
MACS1731+22/PHOTOMETRY_W-C-RC_aper/all_bpzAPER1CWWSB_capak.list1_3.cat
MACS1824+43/PHOTOMETRY_W-C-RC_aper/all_bpzAPER1CWWSB_capak.list1_0.cat
MACS1824+43/PHOTOMETRY_W-C-RC_aper/all_bpzAPER1CWWSB_capak.list1_1.cat
MACS1824+43/PHOTOMETRY_W-C-RC_aper/all_bpzAPER1CWWSB_capak.list1_2.cat
MACS1824+43/PHOTOMETRY_W-C-RC_aper/all_bpzAPER1CWWSB_capak.list1_3.cat
MACS1931-26/PHOTOMETRY_W-C-RC_aper/all_bpzAPER1CWWSB_capak.list1_0.cat
MACS1931-26/PHOTOMETRY_W-C-RC_aper/all_bpzAPER1CWWSB_capak.list1_1.cat
MACS1931-26/PHOTOMETRY_W-C-RC_aper/all_bpzAPER1CWWSB_capak.list1_2.cat
MACS1931-26/PHOTOMETRY_W-C-RC_aper/all_bpzAPER1CWWSB_capak.list1_3.cat
MACS2129-07/PHOTOMETRY_W-C-RC_aper/all_bpzAPER1CWWSB_capak.list1_0.cat
MACS2129-07/PHOTOMETRY_W-C-RC_aper/all_bpzAPER1CWWSB_capak.list1_1.cat
MACS2129-07/PHOTOMETRY_W-C-RC_aper/all_bpzAPER1CWWSB_capak.list1_2.cat
MACS2129-07/PHOTOMETRY_W-C-RC_aper/all_bpzAPER1CWWSB_capak.list1_3.cat
MACS2140-23/PHOTOMETRY_W-C-RC_aper/all_bpzAPER1CWWSB_capak.list1_0.cat
MACS2140-23/PHOTOMETRY_W-C-RC_aper/all_bpzAPER1CWWSB_capak.list1_1.cat
MACS2140-23/PHOTOMETRY_W-C-RC_aper/all_bpzAPER1CWWSB_capak.list1_2.cat
MACS2140-23/PHOTOMETRY_W-C-RC_aper/all_bpzAPER1CWWSB_capak.list1_3.cat
MACS2214-13/PHOTOMETRY_W-C-RC_aper/all_bpzAPER1CWWSB_capak.list1_0.cat
MACS2214-13/PHOTOMETRY_W-C-RC_aper/all_bpzAPER1CWWSB_capak.list1_1.cat
MACS2214-13/PHOTOMETRY_W-C-RC_aper/all_bpzAPER1CWWSB_capak.list1_2.cat
MACS2214-13/PHOTOMETRY_W-C-RC_aper/all_bpzAPER1CWWSB_capak.list1_3.cat
MACS2228+20/PHOTOMETRY_W-C-RC_aper/all_bpzAPER1CWWSB_capak.list1_0.cat
MACS2228+20/PHOTOMETRY_W-C-RC_aper/all_bpzAPER1CWWSB_capak.list1_1.cat
MACS2228+20/PHOTOMETRY_W-C-RC_aper/all_bpzAPER1CWWSB_capak.list1_2.cat
MACS2228+20/PHOTOMETRY_W-C-RC_aper/all_bpzAPER1CWWSB_capak.list1_3.cat

input columns: ls /nfs/slac/g/ki/ki05/anja/SUBARU/MACS*/PHOTOMETRY_W-C-RC_aper/spec*.columns
MACS0417-11/PHOTOMETRY_W-C-RC_aper/spec.APER1._aper.CWWSB_capak.list.cat.columns
MACS0429-02/PHOTOMETRY_W-C-RC_aper/spec.APER1._aper.CWWSB_capak.list.cat.columns
MACS0451+00/PHOTOMETRY_W-C-RC_aper/spec.APER1._aper.CWWSB_capak.list.cat.columns
MACS0454-03/PHOTOMETRY_W-C-RC_aper/spec.APER1._aper.CWWSB_capak.list.cat.columns
MACS0647+70/PHOTOMETRY_W-C-RC_aper/spec.APER1._aper.CWWSB_capak.list.cat.columns
MACS0744+39/PHOTOMETRY_W-C-RC_aper/spec.APER1._aper.CWWSB_capak.list.cat.columns
MACS1115+01/PHOTOMETRY_W-C-RC_aper/spec.APER1._aper.CWWSB_capak.list.cat.columns
MACS1206-08/PHOTOMETRY_W-C-RC_aper/spec.APER1._aper.CWWSB_capak.list.cat.columns
MACS1347-11/PHOTOMETRY_W-C-RC_aper/spec.APER1._aper.CWWSB_capak.list.cat.columns
MACS1427+44/PHOTOMETRY_W-C-RC_aper/spec.APER1._aper.CWWSB_capak.list.cat.columns
MACS1532+30/PHOTOMETRY_W-C-RC_aper/spec.APER1._aper.CWWSB_capak.list.cat.columns
MACS1621+38/PHOTOMETRY_W-C-RC_aper/spec.APER1._aper.CWWSB_capak.list.cat.columns
MACS1731+22/PHOTOMETRY_W-C-RC_aper/spec.APER1._aper.CWWSB_capak.list.cat.columns
MACS1824+43/PHOTOMETRY_W-C-RC_aper/spec.APER1._aper.CWWSB_capak.list.cat.columns
MACS1931-26/PHOTOMETRY_W-C-RC_aper/spec.APER1._aper.CWWSB_capak.list.cat.columns
MACS2129-07/PHOTOMETRY_W-C-RC_aper/spec.APER1._aper.CWWSB_capak.list.cat.columns
MACS2140-23/PHOTOMETRY_W-C-RC_aper/spec.APER1._aper.CWWSB_capak.list.cat.columns
MACS2214-13/PHOTOMETRY_W-C-RC_aper/spec.APER1._aper.CWWSB_capak.list.cat.columns
MACS2228+20/PHOTOMETRY_W-C-RC_aper/spec.APER1._aper.CWWSB_capak.list.cat.columns

output cats: ls /nfs/slac/g/ki/ki05/anja/SUBARU/MACS*/PHOTOMETRY_W-C-RC_aper/all_bpz*.bpz
MACS0417-11/PHOTOMETRY_W-C-RC_aper/all_bpzAPER1CWWSB_capak.list1_0.bpz
MACS0417-11/PHOTOMETRY_W-C-RC_aper/all_bpzAPER1CWWSB_capak.list1_1.bpz
MACS0417-11/PHOTOMETRY_W-C-RC_aper/all_bpzAPER1CWWSB_capak.list1_2.bpz
MACS0417-11/PHOTOMETRY_W-C-RC_aper/all_bpzAPER1CWWSB_capak.list1_3.bpz
MACS0429-02/PHOTOMETRY_W-C-RC_aper/all_bpzAPER1CWWSB_capak.list1_0.bpz
MACS0429-02/PHOTOMETRY_W-C-RC_aper/all_bpzAPER1CWWSB_capak.list1_1.bpz
MACS0429-02/PHOTOMETRY_W-C-RC_aper/all_bpzAPER1CWWSB_capak.list1_2.bpz
MACS0429-02/PHOTOMETRY_W-C-RC_aper/all_bpzAPER1CWWSB_capak.list1_3.bpz
MACS0451+00/PHOTOMETRY_W-C-RC_aper/all_bpzAPER1CWWSB_capak.list1_0.bpz
MACS0451+00/PHOTOMETRY_W-C-RC_aper/all_bpzAPER1CWWSB_capak.list1_1.bpz
MACS0451+00/PHOTOMETRY_W-C-RC_aper/all_bpzAPER1CWWSB_capak.list1_2.bpz
MACS0451+00/PHOTOMETRY_W-C-RC_aper/all_bpzAPER1CWWSB_capak.list1_3.bpz
MACS0454-03/PHOTOMETRY_W-C-RC_aper/all_bpzAPER1CWWSB_capak.list1_0.bpz
MACS0454-03/PHOTOMETRY_W-C-RC_aper/all_bpzAPER1CWWSB_capak.list1_1.bpz
MACS0454-03/PHOTOMETRY_W-C-RC_aper/all_bpzAPER1CWWSB_capak.list1_2.bpz
MACS0454-03/PHOTOMETRY_W-C-RC_aper/all_bpzAPER1CWWSB_capak.list1_3.bpz
MACS0647+70/PHOTOMETRY_W-C-RC_aper/all_bpzAPER1CWWSB_capak.list1_0.bpz
MACS0647+70/PHOTOMETRY_W-C-RC_aper/all_bpzAPER1CWWSB_capak.list1_1.bpz
MACS0647+70/PHOTOMETRY_W-C-RC_aper/all_bpzAPER1CWWSB_capak.list1_2.bpz
MACS0647+70/PHOTOMETRY_W-C-RC_aper/all_bpzAPER1CWWSB_capak.list1_3.bpz
MACS0744+39/PHOTOMETRY_W-C-RC_aper/all_bpzAPER1CWWSB_capak.list1_0.bpz
MACS0744+39/PHOTOMETRY_W-C-RC_aper/all_bpzAPER1CWWSB_capak.list1_1.bpz
MACS0744+39/PHOTOMETRY_W-C-RC_aper/all_bpzAPER1CWWSB_capak.list1_2.bpz
MACS0744+39/PHOTOMETRY_W-C-RC_aper/all_bpzAPER1CWWSB_capak.list1_3.bpz
MACS1115+01/PHOTOMETRY_W-C-RC_aper/all_bpzAPER1CWWSB_capak.list1_0.bpz
MACS1115+01/PHOTOMETRY_W-C-RC_aper/all_bpzAPER1CWWSB_capak.list1_1.bpz
MACS1115+01/PHOTOMETRY_W-C-RC_aper/all_bpzAPER1CWWSB_capak.list1_2.bpz
MACS1115+01/PHOTOMETRY_W-C-RC_aper/all_bpzAPER1CWWSB_capak.list1_3.bpz
MACS1206-08/PHOTOMETRY_W-C-RC_aper/all_bpzAPER1CWWSB_capak.list1_0.bpz
MACS1206-08/PHOTOMETRY_W-C-RC_aper/all_bpzAPER1CWWSB_capak.list1_1.bpz
MACS1206-08/PHOTOMETRY_W-C-RC_aper/all_bpzAPER1CWWSB_capak.list1_2.bpz
MACS1206-08/PHOTOMETRY_W-C-RC_aper/all_bpzAPER1CWWSB_capak.list1_3.bpz
MACS1347-11/PHOTOMETRY_W-C-RC_aper/all_bpzAPER1CWWSB_capak.list1_0.bpz
MACS1347-11/PHOTOMETRY_W-C-RC_aper/all_bpzAPER1CWWSB_capak.list1_1.bpz
MACS1347-11/PHOTOMETRY_W-C-RC_aper/all_bpzAPER1CWWSB_capak.list1_2.bpz
MACS1347-11/PHOTOMETRY_W-C-RC_aper/all_bpzAPER1CWWSB_capak.list1_3.bpz
MACS1427+44/PHOTOMETRY_W-C-RC_aper/all_bpzAPER1CWWSB_capak.list1_0.bpz
MACS1427+44/PHOTOMETRY_W-C-RC_aper/all_bpzAPER1CWWSB_capak.list1_1.bpz
MACS1427+44/PHOTOMETRY_W-C-RC_aper/all_bpzAPER1CWWSB_capak.list1_2.bpz
MACS1427+44/PHOTOMETRY_W-C-RC_aper/all_bpzAPER1CWWSB_capak.list1_3.bpz
MACS1532+30/PHOTOMETRY_W-C-RC_aper/all_bpzAPER1CWWSB_capak.list1_0.bpz
MACS1532+30/PHOTOMETRY_W-C-RC_aper/all_bpzAPER1CWWSB_capak.list1_1.bpz
MACS1532+30/PHOTOMETRY_W-C-RC_aper/all_bpzAPER1CWWSB_capak.list1_2.bpz
MACS1532+30/PHOTOMETRY_W-C-RC_aper/all_bpzAPER1CWWSB_capak.list1_3.bpz
MACS1621+38/PHOTOMETRY_W-C-RC_aper/all_bpzAPER1CWWSB_capak.list1_0.bpz
MACS1621+38/PHOTOMETRY_W-C-RC_aper/all_bpzAPER1CWWSB_capak.list1_1.bpz
MACS1621+38/PHOTOMETRY_W-C-RC_aper/all_bpzAPER1CWWSB_capak.list1_2.bpz
MACS1621+38/PHOTOMETRY_W-C-RC_aper/all_bpzAPER1CWWSB_capak.list1_3.bpz
MACS1731+22/PHOTOMETRY_W-C-RC_aper/all_bpzAPER1CWWSB_capak.list1_0.bpz
MACS1731+22/PHOTOMETRY_W-C-RC_aper/all_bpzAPER1CWWSB_capak.list1_1.bpz
MACS1731+22/PHOTOMETRY_W-C-RC_aper/all_bpzAPER1CWWSB_capak.list1_2.bpz
MACS1731+22/PHOTOMETRY_W-C-RC_aper/all_bpzAPER1CWWSB_capak.list1_3.bpz
MACS1824+43/PHOTOMETRY_W-C-RC_aper/all_bpzAPER1CWWSB_capak.list1_0.bpz
MACS1824+43/PHOTOMETRY_W-C-RC_aper/all_bpzAPER1CWWSB_capak.list1_1.bpz
MACS1824+43/PHOTOMETRY_W-C-RC_aper/all_bpzAPER1CWWSB_capak.list1_2.bpz
MACS1824+43/PHOTOMETRY_W-C-RC_aper/all_bpzAPER1CWWSB_capak.list1_3.bpz
MACS1931-26/PHOTOMETRY_W-C-RC_aper/all_bpzAPER1CWWSB_capak.list1_0.bpz
MACS1931-26/PHOTOMETRY_W-C-RC_aper/all_bpzAPER1CWWSB_capak.list1_1.bpz
MACS1931-26/PHOTOMETRY_W-C-RC_aper/all_bpzAPER1CWWSB_capak.list1_2.bpz
MACS1931-26/PHOTOMETRY_W-C-RC_aper/all_bpzAPER1CWWSB_capak.list1_3.bpz
MACS2129-07/PHOTOMETRY_W-C-RC_aper/all_bpzAPER1CWWSB_capak.list1_0.bpz
MACS2129-07/PHOTOMETRY_W-C-RC_aper/all_bpzAPER1CWWSB_capak.list1_1.bpz
MACS2129-07/PHOTOMETRY_W-C-RC_aper/all_bpzAPER1CWWSB_capak.list1_2.bpz
MACS2129-07/PHOTOMETRY_W-C-RC_aper/all_bpzAPER1CWWSB_capak.list1_3.bpz
MACS2140-23/PHOTOMETRY_W-C-RC_aper/all_bpzAPER1CWWSB_capak.list1_0.bpz
MACS2140-23/PHOTOMETRY_W-C-RC_aper/all_bpzAPER1CWWSB_capak.list1_1.bpz
MACS2140-23/PHOTOMETRY_W-C-RC_aper/all_bpzAPER1CWWSB_capak.list1_2.bpz
MACS2140-23/PHOTOMETRY_W-C-RC_aper/all_bpzAPER1CWWSB_capak.list1_3.bpz
MACS2214-13/PHOTOMETRY_W-C-RC_aper/all_bpzAPER1CWWSB_capak.list1_0.bpz
MACS2214-13/PHOTOMETRY_W-C-RC_aper/all_bpzAPER1CWWSB_capak.list1_1.bpz
MACS2214-13/PHOTOMETRY_W-C-RC_aper/all_bpzAPER1CWWSB_capak.list1_2.bpz
MACS2214-13/PHOTOMETRY_W-C-RC_aper/all_bpzAPER1CWWSB_capak.list1_3.bpz
MACS2228+20/PHOTOMETRY_W-C-RC_aper/all_bpzAPER1CWWSB_capak.list1_0.bpz
MACS2228+20/PHOTOMETRY_W-C-RC_aper/all_bpzAPER1CWWSB_capak.list1_1.bpz
MACS2228+20/PHOTOMETRY_W-C-RC_aper/all_bpzAPER1CWWSB_capak.list1_2.bpz
MACS2228+20/PHOTOMETRY_W-C-RC_aper/all_bpzAPER1CWWSB_capak.list1_3.bpz
