## finalmask reg examples
/nfs/slac/g/ki/ki05/anja/SUBARU/MACS0417-11/masks/coadd_W-C-RC_good.mask.reg
/nfs/slac/g/ki/ki05/anja/SUBARU/MACS0429-02/masks/coadd_W-C-RC_gabodsid2525.mask.reg
/nfs/slac/g/ki/ki05/anja/SUBARU/MACS0429-02/masks/coadd_W-C-RC_good.mask.reg
/nfs/slac/g/ki/ki05/anja/SUBARU/MACS0451+00/masks/coadd_W-C-RC_gabodsid3238.mask.reg
/nfs/slac/g/ki/ki05/anja/SUBARU/MACS0451+00/masks/coadd_W-C-RC_gabodsid725.mask.reg
/nfs/slac/g/ki/ki05/anja/SUBARU/MACS0451+00/masks/coadd_W-C-RC_good.mask.reg
/nfs/slac/g/ki/ki05/anja/SUBARU/MACS0454-03/masks/coadd_W-C-RC_gabodsid2255.mask.reg
/nfs/slac/g/ki/ki05/anja/SUBARU/MACS0454-03/masks/coadd_W-C-RC_good.mask.reg
/nfs/slac/g/ki/ki05/anja/SUBARU/MACS0647+70/masks/coadd_W-C-RC_good.mask.reg
/nfs/slac/g/ki/ki05/anja/SUBARU/MACS0744+39/masks/coadd_W-C-RC_gabodsid1432.mask.reg
/nfs/slac/g/ki/ki05/anja/SUBARU/MACS0744+39/masks/coadd_W-C-RC_gabodsid2255.mask.reg
/nfs/slac/g/ki/ki05/anja/SUBARU/MACS0744+39/masks/coadd_W-C-RC_gabodsid3238.mask.reg
/nfs/slac/g/ki/ki05/anja/SUBARU/MACS0744+39/masks/coadd_W-C-RC_good.conv.mask.reg
/nfs/slac/g/ki/ki05/anja/SUBARU/MACS0744+39/masks/coadd_W-C-RC_good.mask.reg
/nfs/slac/g/ki/ki05/anja/SUBARU/MACS1115+01/masks/coadd_W-C-RC_good.mask.reg
/nfs/slac/g/ki/ki05/anja/SUBARU/MACS1206-08/masks/coadd_W-C-RC_good.mask.reg
/nfs/slac/g/ki/ki05/anja/SUBARU/MACS1347-11/masks/coadd_W-C-RC_good.mask.reg
/nfs/slac/g/ki/ki05/anja/SUBARU/MACS1427+44/masks/coadd_W-C-RC_good.mask.reg
/nfs/slac/g/ki/ki05/anja/SUBARU/MACS1532+30/masks/coadd_W-C-RC_gab1554-rot0.mask.reg
/nfs/slac/g/ki/ki05/anja/SUBARU/MACS1532+30/masks/coadd_W-C-RC_gab1554-rot1.mask.reg
/nfs/slac/g/ki/ki05/anja/SUBARU/MACS1532+30/masks/coadd_W-C-RC_gabodsid1554.mask.reg
/nfs/slac/g/ki/ki05/anja/SUBARU/MACS1532+30/masks/coadd_W-C-RC_good.mask.reg
/nfs/slac/g/ki/ki05/anja/SUBARU/MACS1621+38/masks/coadd_W-C-RC_good.mask.reg
/nfs/slac/g/ki/ki05/anja/SUBARU/MACS1731+22/masks/coadd_W-C-RC_gab3058-rot0.mask.reg
/nfs/slac/g/ki/ki05/anja/SUBARU/MACS1731+22/masks/coadd_W-C-RC_gab908-rot0.mask.reg
/nfs/slac/g/ki/ki05/anja/SUBARU/MACS1731+22/masks/coadd_W-C-RC_gab908-rot1.mask.reg
/nfs/slac/g/ki/ki05/anja/SUBARU/MACS1731+22/masks/coadd_W-C-RC_gabodsid3058.mask.reg
/nfs/slac/g/ki/ki05/anja/SUBARU/MACS1731+22/masks/coadd_W-C-RC_gabodsid908.mask.reg
/nfs/slac/g/ki/ki05/anja/SUBARU/MACS1731+22/masks/coadd_W-C-RC_good.conv.mask.reg
/nfs/slac/g/ki/ki05/anja/SUBARU/MACS1731+22/masks/coadd_W-C-RC_good.mask.reg
/nfs/slac/g/ki/ki05/anja/SUBARU/MACS1824+43/masks/coadd_W-C-RC_good.mask.reg
/nfs/slac/g/ki/ki05/anja/SUBARU/MACS1931-26/masks/coadd_W-C-RC_good.mask.reg
/nfs/slac/g/ki/ki05/anja/SUBARU/MACS2129-07/masks/coadd_W-C-RC_good.mask.reg
/nfs/slac/g/ki/ki05/anja/SUBARU/MACS2140-23/masks/coadd_W-C-RC_gabodsid1252.mask.reg
/nfs/slac/g/ki/ki05/anja/SUBARU/MACS2140-23/masks/coadd_W-C-RC_gabodsid1668.mask.reg
/nfs/slac/g/ki/ki05/anja/SUBARU/MACS2140-23/masks/coadd_W-C-RC_gabodsid3058.mask.reg
/nfs/slac/g/ki/ki05/anja/SUBARU/MACS2140-23/masks/coadd_W-C-RC_gabodsid3238.mask.reg
/nfs/slac/g/ki/ki05/anja/SUBARU/MACS2140-23/masks/coadd_W-C-RC_good.mask.reg
/nfs/slac/g/ki/ki05/anja/SUBARU/MACS2214-13/masks/coadd_W-C-RC_gab1668-rot0.mask.reg
/nfs/slac/g/ki/ki05/anja/SUBARU/MACS2214-13/masks/coadd_W-C-RC_gab1668-rot1.mask.reg
/nfs/slac/g/ki/ki05/anja/SUBARU/MACS2214-13/masks/coadd_W-C-RC_good.mask.reg
/nfs/slac/g/ki/ki05/anja/SUBARU/MACS2228+20/masks/coadd_W-C-RC_Rot0.conv.mask.reg
/nfs/slac/g/ki/ki05/anja/SUBARU/MACS2228+20/masks/coadd_W-C-RC_Rot0.mask.reg
/nfs/slac/g/ki/ki05/anja/SUBARU/MACS2228+20/masks/coadd_W-C-RC_Rot1.conv.mask.reg
/nfs/slac/g/ki/ki05/anja/SUBARU/MACS2228+20/masks/coadd_W-C-RC_Rot1.mask.reg
/nfs/slac/g/ki/ki05/anja/SUBARU/MACS2228+20/masks/coadd_W-C-RC_good.mask.reg

## edgemask reg examples
/nfs/slac/g/ki/ki05/anja/SUBARU/MACS0647+70/masks/coadd_W-C-RC_good.edgemask.reg
/nfs/slac/g/ki/ki05/anja/SUBARU/MACS0744+39/masks/coadd_W-C-RC_good.edgemask.reg
/nfs/slac/g/ki/ki05/anja/SUBARU/MACS1731+22/masks/coadd_W-C-RC_good.edgemask.reg

