BonnLogger.py
BonnLogger.sh
MLmasstable.py
RegionMaker1pt1.py
TestBadOverscansTestData.py
TestLogger.py
WeightMasker.py
adam_BBSSCR_stats_MACS0416.sh
adam_BBSSCR_stats_MACS1226.sh
adam_CTcorr_make_images_para.sh
adam_CTcorr_run_correction_para.py
adam_apply_RADIAL_MASK_para.sh
adam_catchup_MACS0416.sh
adam_coadd_MACS0416-24.sh
adam_coadd_MACS1226+21.sh
adam_coadd_many.sh
adam_do_linking_filter_dirs.sh
adam_do_masking_master.sh
adam_do_photometry.sh
adam_do_update_headers.sh
adam_files_startingpoint.py
adam_fix_flags.py
adam_fix_regionmasks.sh
adam_make_autosuppression_ims.py
adam_make_backmask_ims.py
adam_make_difference_coadds_MACS1226_and_MACS0416.sh
adam_notes-coadd_different_configs.sh
adam_notes-example_checking_CRN_performance_MACS1226.sh
adam_notes-myseeing_or_getseeing.sh
adam_notes-quick-do_photometry_notes.sh
adam_pipeline_notes.sh
adam_qc_wrapper.py
adam_quicktools_backup_and_rm_files.py
adam_quicktools_backup_regs.py
adam_quicktools_ds9_chips2mosaic.sh
adam_quicktools_get_num_path_supa_chip_ending.py
adam_quicktools_get_sextractor_shortened_error_log.sh
adam_quicktools_nohupify_kill_job.sh
adam_quicktools_nohupify_run_job.sh
adam_quicktools_reg_phys2wcs.sh
adam_quicktools_test_waitpid.sh
adam_quicktools_test_waitpid_bjobs.sh
adam_reg2weights-maybe_coadd_catchup.sh
adam_seeing_pretest.sh
adam_tmp-do_photometry_wait_then_run.sh
adam_use_fix_autosuppression.sh
adam_vars.py
adam_vars.sh
adam_vars_show.sh
adam_view_coadds_MACS0416_and_MACS1226.sh
add_regionmasks.sh
all_fit.py
anja_plots.py
apply_calibration.py
apply_geometric_magcor.py
apply_ringmask_para.sh
astrom_photom_coadd_S-OCFR_W-OCF.sh
backmask.py
backref_coaddpos.py
backup_reg.sh
backup_rings.sh
banff.py
bashreader.py
batch_ic.sh
batch_regen.sh
batch_regen_coma.sh
batch_suppress.sh
bootstrap_masses.py
calc_area.py
calc_test_save.py
calc_tmpsave_from_pat_dir.py
calcset.py
calculate_fringevalues_para.sh
change_headernames.sh
check_badchips.sh
check_coadd_status.sh
check_files.sh
check_psf_3s_vis.sh
check_psf_coadd.sh
check_psf_coadd_vis.sh
check_science_PSF_para.sh
check_science_PSF_plot.sh
choosepoly.py
clean_empty_regionfiles.sh
clean_oldIC.sh
clean_photometry.sh
clean_suppression.sh
clean_weightfiles.sh
cleandirs.sh
cleanfiles.sh
cleanup.sh
cleanup_weightmaking.sh
coadd_ubercheck.py
coaddinputs.py
combine_unstacked_config_cats.py
compare_masses.py
compile_masking.py
compile_psfproperties.py
config_bonn.py
construct_illumstatus.sh
convertRegion2Poly.py
convertSpecialFilters.py
convert_aper.py
convolve_coadd.py
cosmos_sim.py
cp_aux_data.sh
createAutotrackerList.py
createExclusion.py
createObjectLists.py
create_abs_photo_3SEC.sh
create_abs_photo_info.sh
create_absphot_header.sh
create_absphotom_photometrix.sh
create_astrom_3SEC_para.sh
create_astrom_3SEC_target_para.sh
create_astrom_std_para.sh
create_astromcats_para.sh
create_astromcats_scampIC_para.sh
create_astromcats_scamp_para.sh
create_astromcats_weights_para.sh
create_astrometrix_astrom.sh
create_astrometrix_astrom_run.sh
create_astrometrix_header_para.sh
create_badpixel_mask.sh
create_binnedmosaics.sh
create_binnedmosaics_empty.sh
create_bitpixchange.sh
create_calibheader_para.sh
create_checkplot_rh_mag.sh
create_gaussfiltered_image.sh
create_gausssmoothing_kernel.py
create_global_science_weighted.sh
create_global_weights_flags_para.sh
create_global_weights_para.sh
create_globalweight_base.sh
create_globalweight_base_science.sh
create_illumfringe_para.sh
create_illumfringe_stars_para.sh
create_norm.sh
create_norm_illum_fringe.sh
create_norm_many.sh
create_norm_para.sh
create_photometrix.sh
create_rings.py
create_run_list.sh
create_scamp_astrom_astrom_photom.sh
create_scamp_astrom_photom.sh
create_scamp_photom.sh
create_science_weighted.sh
create_science_weighted_file.sh
create_sciencesub_weighted.sh
create_seeing_file.sh
create_skysub_delink_para.sh
create_skysub_para.sh
create_smoothed_coadd.sh
create_stats_table.sh
create_stats_table_chips.sh
create_stellar_tracks.sh
create_weights_delink_para.sh
create_weights_flags_para.sh
create_weights_para.sh
create_weights_raw_delink_para.sh
create_weights_raw_delink_para_CRNitschke.sh
create_weights_raw_delink_para_CRNitschke_file.sh
create_weights_raw_delink_para_CRNitschke_setup.sh
create_zp_correct_header.sh
crossval.py
cutout_bpz.py
datamanager.py
datarobot.py
determine_seeing.sh
distribute_sets.sh
distribute_sets_rot.sh
distribute_sets_subaru.sh
distribute_standards_subaru.py
distribute_standards_subaru.sh
divideByMasterFlat.py
do_Subaru_0025_B.sh
do_Subaru_0025_I.sh
do_Subaru_0025_R.sh
do_Subaru_0025_V.sh
do_Subaru_10_1_DARK.sh
do_Subaru_10_2_DARK.sh
do_Subaru_2001_06.sh
do_Subaru_2002_06.dm.sh
do_Subaru_2002_06.sh
do_Subaru_2002_06_I.sh
do_Subaru_2003_09.sh
do_Subaru_DARK_Template.sh
do_Subaru_add_data_template.sh
do_Subaru_coadd_rotations.sh
do_Subaru_coadd_template.sh
do_Subaru_coadd_template_scamp.sh
do_Subaru_phot_template.sh
do_Subaru_preprocess_10_2_adam.sh
do_Subaru_preprocess_10_2_simple.sh
do_Subaru_preprocess_10_3_adam.sh
do_Subaru_preprocess_10_3_simple.sh
do_Subaru_preprocess_adam.sh
do_Subaru_preprocess_config8.sh
do_Subaru_preprocess_notes.sh
do_Subaru_preprocess_template.sh
do_Subaru_register_4batch.sh
do_Subaru_register_HDFN.sh
do_Subaru_register_template.sh
do_Subaru_template_masking.sh
do_coadd_batch.sh
do_coadd_batchpixscale.sh
do_geo_photometry.sh
do_lensing.sh
do_masking.sh
do_median_compare_prep2.sh
do_multiple_exposures.py
do_multiple_photoz.py
do_photometry-new_ending.sh
do_photometry.py
do_photometry.sh
do_photometry_3sec.sh
do_photometry_alt.sh
do_photoz.py
do_rotation_study.sh
do_testsnratio.sh
download_manager.py
download_remote.py
dummy0.sh
dummy1.sh
dummy2.sh
dummy3.sh
dummy4.sh
dump_cat_filters.py
dump_cat_filters_pickles.py
echo_args.sh
extract_catalog_subset.py
extract_object_cats.py
fastftp.py
findByExposure.py
find_bad.py
find_pdb_offsets.py
fit_SIS.py
fit_phot.py
fit_pickles.sh
fitmodel.py
fix_radec.py
fixbadccd_para.sh
flux_comp.py
full_suppression.sh
gaussianNoise.py
get_bias_frames.sh
get_bias_period.sh
get_cluster_specZ.py
get_error_log.sh
get_seeing.py
get_seeing.sh
henkstyle.py
henkstyle_batchrunner.py
horizontal_paste.py
ic_wrapper.py
illumcorutils.py
illummodels.py
inputs.sh
instructions.sh
interpolatemodel.py
intrinsicscatter.py
intrinsicscatter2.py
intrinsicscatter_grid.py
intrinsicscatter_grid_plots.py
kde.py
ldac.py
ldacpaste.py
ldactoasc.py
leastsq.py
lib.py
limiting_mag.py
link_MEGAPRIME_preprocessed.sh
link_flags.sh
lio.sh
list_ext.sh
list_ext_para.sh
list_mode.sh
list_mode_para.sh
list_mode_sigma.sh
list_mode_sigma_para.sh
lph_outliers.py
mag_distribution_korr.sh
makeRingMaskFlag.py
make_ahead_mult.sh
make_checkplot.sh
make_checkplot_coadd.sh
make_checkplot_stats.sh
make_edgemask.py
make_flat_batch.sh
make_ldac_spectra.py
make_lephare_cats.py
make_nongauss_sims.py
make_residuals.sh
make_superflat_batch.sh
manageconfigs.py
manageconfigs_test.py
mark_badchips.sh
mark_badimages.sh
maskAutotracker.py
maskBadOverscans.py
mask_arc.py
mask_coadd.sh
maskstars.sh
mass_radialrange_script.py
match_neighbor.sh
match_prepostcoadd.py
match_simple.sh
maxlike_2param_driver.py
maxlike_altvoigt_driver.py
maxlike_bentstep_voigt.py
maxlike_bootstrap.py
maxlike_controller.py
maxlike_covar_driver.py
maxlike_floatvoigt_shapedistro.py
maxlike_floatvoigt_simdriver.py
maxlike_general_filehandler.py
maxlike_masses.py
maxlike_mymc_driver.py
maxlike_nfw2param.py
maxlike_plots.py
maxlike_secure_bentstep3_voigt_driver.py
maxlike_secure_bentstep_voigt_driver.py
maxlike_secure_driver.py
maxlike_secure_floatvoigt_driver.py
maxlike_sim_filehandler.py
maxlike_simdriver.py
maxlike_simsplit_driver.py
maxlike_split_bent3_driver.py
maxlike_split_driver.py
maxlike_subaru_driver.py
maxlike_subaru_filehandler.py
maxlike_subaru_secure_filehandler.py
maxlike_voigt_simdriver.py
measure_shapes.sh
measure_shapes_wrapper.sh
measure_skew_surface.py
measure_unstacked_photometry.py
merge_filters.py
merge_sex_ksb.sh
merge_unstacked_photometry.py
mk_ldac_spec.py
mk_saturation_plot.py
mk_ssc_SDSS.py
mlbootstrap.py
mlcc_covar_bootstrap.py
move_suppression.sh
mpfit.py
mymc.py
new_calibrate.py
newmanstyle_batchrunner.py
nfwmodelML_batchrunner.py
nfwmodel_contam.py
nfwmodel_normshapedistro.py
nfwmodel_sim.py
nfwmodel_voigtnorm_shapedistro.py
nfwmodel_voigtshapedistro.py
nfwutils.py
parakill.sh
parallel_manager.sh
pdzfile_utils.py
pdzperturb.py
pdzplot.py
perform_coadd_rot_swarp.sh
perform_coadd_swarp.sh
perform_coadd_swarp_pretty.sh
phot_slr.sh
phot_slr_cosmos.sh
photo_abs.py
photo_abs.save.py
photo_abs_m.py
photo_abs_new.py
photocalibrate_cat.py
photocalibrate_magauto.py
photometry_catalogs.sh
photometry_db.py
photorunner.sh
photoz_comp_plots.py
pickles_mags.py
pipelog_WFI.py
plotSIS.py
plot_GalDensity.py
plot_contamination.py
plot_histo.py
plot_spec.py
prefilter_mlcc_bootstrap.sh
prep_cosmos_run.py
prep_photoz.py
prep_science_para.sh
prepare_coadd_swarp.sh
prepare_coadd_swarp_3s.sh
prepare_coadd_swarp_chips.sh
prepare_coadd_swarp_pretty.sh
preprocess_cosmos_sims.py
prior_hdfn_ground.py
process_bias_4channels_eclipse_para.sh
process_bias_eclipse_para.sh
process_cosmos_sims.py
process_cosmos_sims_plots.py
process_flat_4channels_eclipse_para.sh
process_flat_eclipse_para.sh
process_overscan_channels_para.sh
process_science_4channels_eclipse_para.sh
process_science_eclipse_para.sh
process_science_illum_eclipse_para.sh
process_science_illum_fringe_eclipse_para.sh
process_split_Subaru_eclipse.sh
process_standard_eclipse_para.sh
process_standard_eclipse_para_OC.sh
process_sub_images_para.sh
process_superflat_para.sh
process_superflat_rot_para.sh
produce_3sec_cats.sh
produce_catalogs.sh
propagate_badccd.sh
publication_plots.py
pymc_mymcmc_adapter.py
qc_wrapper.py
quality_studies_psf.py
read_MCMC.py
read_photoz.py
redo_cluster_mass_sum.py
redsequence.py
regionfile.py
reject_objs_helper.py
resample_coadd_swarp_chips_para.sh
resample_coadd_swarp_para.sh
resample_coadd_swarp_pretty_para.sh
retrieve_and_match.py
retrieve_sdss.py
retrieve_test.py
reweight.py
run_addContamination.py
run_analyseldac.py
run_geocor_unstacked_photometry.sh
run_lensingcat_masking.py
run_lephare.sh
run_ml_cc_comp.py
run_ml_sim_bias.py
run_postpred.py
run_shapedistro.py
run_unstacked_photometry.sh
run_update_configheaders_onall.sh
save_pdz.py
save_slr.py
save_zp.py
scampcat.py
scatter_sims.py
scatter_sims_plots.py
script_run_geocor_unstacked.sh
select_best.sh
set_6.sh
set_manual_zp.py
setup_CFH12K.sh
setup_SUBARU.sh
setup_SUBARU_old.sh
setup_general.sh
shapedistro.py
shapedistro_crossval.py
shapedistro_plots.py
shapedistro_residuals.py
shearmodel.py
shearprofile.py
shearprofileplots.py
shearratio.py
shearratio_plots.py
shearratio_plots_scan.py
shearsolver.py
simple_ic.py
skewsurface_plots.py
slr_kpno_new.py
slr_kpno_new.simul.py
slroffset_histograms.py
snratio.py
sort_aux_data.sh
spikefinder_para.sh
spikefinder_para_NOsh.sh
spit_out_fluxkeys.py
split_bias_script.py
splitoff_aux_data.sh
sqlcl.py
statusreport.py
study_flat.py
subarucorr.py
submit_coadd_batch.sh
submit_coadd_batch2.sh
submit_coadd_batch2_coma.sh
submit_coadd_batch3.sh
submit_photo_batch.sh
submit_photo_batch_coma.sh
suppressreflections.py
test_calibration_pipeline.py
test_coadd_ready.sh
test_datamanager.py
test_raw.py
test_run_prep.sh
test_swarp.py
testcommand.sh
testprogs.sh
transferMasks.py
transfer_catbackup.sh
transfer_photocalibration.py
transform_ds9_reg.sh
transform_ds9_reg_alt.sh
transform_regions_phys-wcs.sh
unfixbadccd_para.sh
unpack_subaru.sh
update_coadd_header.sh
update_config_header.sh
update_config_header_megaprime.sh
update_config_header_wircam.sh
utilities.py
varcontainer.py
warp_the_pickle.py
wcsconvertregions.py
wcsregionfile.py
