## grep "\<sne\>" *.* > adam_notes-where_sne_shows_up.log


3SEC.py:        os.system('mkdir ' +  os.environ['sne'] + '/plots/' + directory )
3SEC.py:        os.system('rm ' + os.environ['sne'] + '/plots/' + directory + '/*')
adam_do_photometry.py:#export sne=/nfs/slac/g/ki/ki04/pkelly
adam_notes-calc_test_save-slr-run_diag.log:        logfile = os.environ['sne'] + '/coadd/' + dtop2['objname']
adam_notes-calc_test_save-slr-run_diag.log:        logfile = os.environ['sne'] + '/coadd/' + dtop2['objname']
adam_notes-photom_notes_all.log:export sne=/nfs/slac/kipac/fs1/u/awright/SUBARU/
adam_notes-pkelly_paths.log:export sne=/nfs/slac/g/ki/ki04/pkelly
adam_notes-pkelly_paths.log:setenv sne /nfs/slac/g/ki/ki04/pkelly
adam_notes-pkelly_paths.log:setenv BPZPATH $sne/bpz-1.99.2
adam_notes-pkelly_paths.log:setenv BPZPATHNEW $sne/bpz-1.99.3/plots/
adam_notes-pkelly_paths.log:setenv COLORPRO $sne/colorpro-1.0.6
adam_notes-pkelly_paths.log:setenv BIGMACS $sne/bigmacs/big-macs-calibrate/
adam_notes-pkelly_paths.log:setenv BIGMACSMAKE $sne/big-macs-calibrate-all/
adam_notes-pkelly_paths.log:setenv SLR_INSTALL $sne/slr-v1.1
adam_notes-pkelly_paths.log:setenv SLR_DATA $sne/slr_data
adam_notes-pkelly_paths.log:setenv DUST_DIR $sne/DUST/
adam_notes-pkelly_paths.log:setenv LEPHAREDIR $sne/lephare_dev/
adam_notes-pkelly_paths.log:setenv LEPHAREWORK $sne/lepharework/
adam_notes-pkelly_paths.log:setenv PYTHONPATH $sne/lib/python/:$PYTHONPATH
adam_notes-pkelly_paths.log:setenv PYTHONPATH $sne/bpz.1.99.2/:$PYTHONPATH
adam_notes-pkelly_paths.log:setenv PYTHONPATH ${sne}/lib/python2.7/site-packages/:${PYTHONPATH}
adam_tmp_calc_test_save.py:            os.system('mkdir -p ' + os.environ['sne'] + '/scamp/')
adam_tmp_calc_test_save.py:            logfile = os.environ['sne'] + '/photoz_log/' + dtop2['objname']
adam_tmp_calc_test_save.py:                os.system('mkdir -p ' + os.environ['sne'] + '/scamp/')
adam_tmp_calc_test_save.py:                logfile = os.environ['sne'] + '/photoz_log/' + dtop2['objname']
adam_tmp_calc_test_save.py:                os.system('mkdir -p ' + os.environ['sne'] + '/scamp/')
adam_tmp_calc_test_save.py:                logfile = os.environ['sne'] + '/slr_log/' + dtop2['objname']
adam_tmp_calc_test_save.py:                os.system('mkdir -p ' + os.environ['sne'] + '/scamp/')
adam_tmp_calc_test_save.py:                logfile = os.environ['sne'] + '/photoz_log/' + dtop2['objname']
adam_tmp_calc_test_save.py:                os.system('mkdir -p ' + os.environ['sne'] + '/scamp/')
adam_tmp_calc_test_save.py:                logfile = os.environ['sne'] + '/photoz_log/' + dtop2['objname']
adam_vars_show.sh:echo "sne="$sne
calc_resam.py:        os.system('mkdir ' +  os.environ['sne'] + '/plots/' + directory )
calc_resam.py:        os.system('rm ' + os.environ['sne'] + '/plots/' + directory + '/*')
calc_test.old.py:        os.system('mkdir ' +  os.environ['sne'] + '/plots/' + directory )
calc_test.old.py:        os.system('rm ' + os.environ['sne'] + '/plots/' + directory + '/*')
calc_test.save.py:        os.system('mkdir ' +  os.environ['sne'] + '/plots/' + directory )
calc_test.save.py:        os.system('rm ' + os.environ['sne'] + '/plots/' + directory + '/*')
calc_test_save.6.25.py:        os.system('mkdir ' +  os.environ['sne'] + '/plots/' + directory )
calc_test_save.6.25.py:        os.system('rm ' + os.environ['sne'] + '/plots/' + directory + '/*')
calc_test_save.nov23.py:            os.system('mkdir -p ' + os.environ['sne'] + '/scamp/')
calc_test_save.nov23.py:            logfile = os.environ['sne'] + '/scamp/' + dtop2['objname']
calc_test_save.nov23.py:        os.system('mkdir ' +  os.environ['sne'] + '/plots/' + directory )
calc_test_save.nov23.py:        os.system('rm ' + os.environ['sne'] + '/plots/' + directory + '/*')
calc_test_save.olddb.py:        os.system('mkdir ' +  os.environ['sne'] + '/plots/' + directory )
calc_test_save.olddb.py:        os.system('rm ' + os.environ['sne'] + '/plots/' + directory + '/*')
calc_test_save.ppgplot.py:            os.system('mkdir -p ' + os.environ['sne'] + '/scamp/')
calc_test_save.ppgplot.py:            logfile = os.environ['sne'] + '/scamp/' + dtop2['objname']
calc_test_save.ppgplot.py:        os.system('mkdir ' +  os.environ['sne'] + '/plots/' + directory )
calc_test_save.ppgplot.py:        os.system('rm ' + os.environ['sne'] + '/plots/' + directory + '/*')
calc_test_save.ppgplot.py:            tmpdir = tempfile.NamedTemporaryFile(dir=os.environ['sne']+'/work/').name   
calc_test_save.ppgplot.py:            tmphome = tempfile.NamedTemporaryFile(dir=os.environ['sne']+'/work/').name
calc_test_save.py:            os.system('mkdir -p ' + os.environ['sne'] + '/scamp/')
calc_test_save.py:            logfile = os.environ['sne'] + '/slr_log/' + dtop2['objname']
calc_test_save.py:                os.system('mkdir -p ' + os.environ['sne'] + '/scamp/')
calc_test_save.py:                logfile = os.environ['sne'] + '/slr_log/' + dtop2['objname']
calc_test_save.py:    web = open(os.environ['sne'] + '/magnification/index.html' , 'w',0)
calc_test_save.py:    web = open(os.environ['sne'] + '/photoz/index.html' , 'w',0)
calc_test_save.py:        rederrs = os.environ['sne'] + '/photoz/' + dtop2['objname'] + '/CWWSB_capak.list/redshifterrors.html'
calc_test_save.py:            newdir = os.environ['sne'] + '/photoz/' + dtop2['objname'] + '/OLD_CWWSB_capak.list/'                           
calc_test_save.py:                command = 'cp -r ' + os.environ['sne'] + '/photoz/' + dtop2['objname'] + '/CWWSB_capak.list/*cmd* ' + newdir
calc_test_save.py:            command = 'cp -r ' + os.environ['sne'] + '/photoz/' + dtop2['objname'] + '/CWWSB_capak.list/*seeing* ' + newdir
calc_test_save.py:            command = 'cp -r ' + os.environ['sne'] + '/photoz/' + dtop2['objname'] + '/CWWSB_capak.list/*column* ' + newdir
calc_test_save.py:            command = 'cp -r ' + os.environ['sne'] + '/photoz/' + dtop2['objname'] + '/CWWSB_capak.list/*red* ' + newdir
calc_test_save.py:        fs_removed = glob( os.environ['sne'] + '/photoz/' + dtop2['objname'] + '/SLRplots/' + pick + '*removed*png')
calc_test_save.py:        fs_no_rejection = glob( os.environ['sne'] + '/photoz/' + dtop2['objname'] + '/SLRplots/' + pick + '*rejection*png')
calc_test_save.py:        file = open(os.environ['sne'] + '/photoz/' + dtop2['objname'] + '/SLRplots/all.html','w')
calc_test_save.py:                os.system('mkdir -p ' + os.environ['sne'] + '/scamp/')
calc_test_save.py:                logfile = os.environ['sne'] + '/photoz_log/' + dtop2['objname']
calc_test_save.py:                os.system('mkdir -p ' + os.environ['sne'] + '/scamp/')
calc_test_save.py:                logfile = os.environ['sne'] + '/photoz_log/' + dtop2['objname']
calc_test_save.py:                os.system('mkdir -p ' + os.environ['sne'] + '/scamp/')
calc_test_save.py:                logfile = os.environ['sne'] + '/photoz_log/' + dtop2['objname']
calc_test_save.py:                os.system('mkdir -p ' + os.environ['sne'] + '/scamp/')
calc_test_save.py:                logfile = os.environ['sne'] + '/photoz_log/' + dtop2['objname']
calc_test_save.py:        logfile = os.environ['sne'] + '/coadd/' + dtop2['objname']
calc_test_save.py:        logfile = os.environ['sne'] + '/coadd/' + dtop2['objname']
calc_test_save.py:            os.system('mkdir -p ' + os.environ['sne'] + '/scamp/')
calc_test_save.py:            logfile = os.environ['sne'] + '/scamp/' + dtop2['objname']
calc_test_save.py:        os.system('mkdir ' +  os.environ['sne'] + '/plots/' + directory )
calc_test_save.py:        os.system('rm ' + os.environ['sne'] + '/plots/' + directory + '/*')
calc_test_save.py:            os.system('mkdir -p ' + os.environ['sne']+'/work/')
calc_test_save.py:            tmpdir = tempfile.NamedTemporaryFile(dir=os.environ['sne']+'/work/').name   
calc_test_save.py:            tmphome = tempfile.NamedTemporaryFile(dir=os.environ['sne']+'/work/').name
calc_test_save.run.py:        os.system('mkdir ' +  os.environ['sne'] + '/plots/' + directory )
calc_test_save.run.py:        os.system('rm ' + os.environ['sne'] + '/plots/' + directory + '/*')
calc_test_save.save.py:        os.system('mkdir ' +  os.environ['sne'] + '/plots/' + directory )
calc_test_save.save.py:        os.system('rm ' + os.environ['sne'] + '/plots/' + directory + '/*')
calc_test_save.save1.py:        os.system('mkdir ' +  os.environ['sne'] + '/plots/' + directory )
calc_test_save.save1.py:        os.system('rm ' + os.environ['sne'] + '/plots/' + directory + '/*')
calc_test_save.save2.py:        os.system('mkdir ' +  os.environ['sne'] + '/plots/' + directory )
calc_test_save.save2.py:        os.system('rm ' + os.environ['sne'] + '/plots/' + directory + '/*')
calc_tmpsave.py:        os.system('mkdir ' +  os.environ['sne'] + '/plots/' + directory )
calc_tmpsave.py:        os.system('rm ' + os.environ['sne'] + '/plots/' + directory + '/*')
calc_tmpsave_from_pat_dir.py:        os.system('mkdir ' +  os.environ['sne'] + '/plots/' + directory )
calc_tmpsave_from_pat_dir.py:        os.system('rm ' + os.environ['sne'] + '/plots/' + directory + '/*')
cosmos_all.py:    cutout_bpz.plot_res('COSMOS.bpz',os.environ['sne'] + '/photoz/COSMOS/','CWWSB_capak.list')
cosmos_spec.py:    cutout_bpz.plot_res('COSMOS.bpz',os.environ['sne'] + '/photoz/COSMOS/','CWWSB_capak.list')
cutout.py:os.system('stiff ' + reduce(lambda x,y:x + ' ' + y,images) + ' -OUTFILE_NAME ' + os.environ['sne'] + '/all.tif -BINNING 1 -GAMMA_FAC 1.6')
cutout.py:os.system('convert ' + os.environ['sne'] + '/all.tif ' + os.environ['sne'] + '/fix.tif')
cutout.py:im = Image.open(os.environ['sne'] + '/fix.tif')
cutout.py:page = open(os.environ['sne'] + '/photoz/index.html','w')
cutout.py:    outfile = os.environ['sne'] + '/photoz/' + str(index) + '.png' 
cutout.py:    image = os.environ['sne'] + '/photoz/' + str(index) + '.jpg' 
cutout_bpz.py:if not 'sne' in os.environ:
cutout_bpz.py:    os.environ['sne'] = '/nfs/slac/g/ki/ki04/pkelly'
cutout_bpz.py:    pagemain = open(os.environ['sne'] + '/photoz/' + cluster + '/' + SPECTRA + '/index.html','w')    
cutout_bpz.py:    pylab.savefig(os.environ['sne'] + '/photoz/' + cluster + '/' + SPECTRA +'/odds.png')
cutout_bpz.py:    pylab.savefig(os.environ['sne'] + '/photoz/' + cluster + '/' + SPECTRA +'/zdist.png')
cutout_bpz.py:    pagemain = open(os.environ['sne'] + '/photoz/' + cluster + '/' + SPECTRA + '/zdistribution.html','w')  
cutout_bpz.py:    pagemain = open(os.environ['sne'] + '/photoz/' + cluster + '/' + SPECTRA + '/thecorrections.html','w')  
cutout_bpz.py:            file = os.environ['sne'] + '/photoz/' + cluster + '/' + SPECTRA + '/' + key + '.png'
cutout_bpz.py:    base = os.environ['sne'] + '/photoz/' + cluster + '/'
cutout_bpz.py:    output_dir = os.environ['sne'] + '/photoz/'
cutout_bpz.py:            #outfile = os.environ['sne'] + '/photoz/' + cluster + '/' + SPECTRA + '/' + str(index) + '.png' 
cutout_bpz.py:            #outfile = os.environ['sne'] + '/photoz/' + str(index) + '.png' 
cutout_bpz.save.py:if not 'sne' in os.environ:
cutout_bpz.save.py:    os.environ['sne'] = '/nfs/slac/g/ki/ki04/pkelly'
cutout_bpz.save.py:    base = os.environ['sne'] + '/photoz/' + cluster + '/'
cutout_bpz.save.py:    os.system('mkdir -p ' + os.environ['sne'] + '/photoz/' + cluster + '/' + SPECTRA + '/') 
cutout_bpz.save.py:        pagemain = open(os.environ['sne'] + '/photoz/' + cluster + '/' + SPECTRA + '/index.html','w')    
cutout_bpz.save.py:        pylab.savefig(os.environ['sne'] + '/photoz/' + cluster + '/' + SPECTRA +'/odds.png')
cutout_bpz.save.py:        pylab.savefig(os.environ['sne'] + '/photoz/' + cluster + '/' + SPECTRA +'/zdist.png')
cutout_bpz.save.py:        pagemain = open(os.environ['sne'] + '/photoz/' + cluster + '/' + SPECTRA + '/zdistribution.html','w')  
cutout_bpz.save.py:        pagemain = open(os.environ['sne'] + '/photoz/' + cluster + '/' + SPECTRA + '/thecorrections.html','w')  
cutout_bpz.save.py:                file = os.environ['sne'] + '/photoz/' + cluster + '/' + SPECTRA + '/' + key + '.png'
cutout_bpz.save.py:    os.system('mkdir -p ' + os.environ['sne'] + '/photoz/' + cluster)           
cutout_bpz.save.py:    ffile = os.environ['sne'] + '/photoz/' + cluster + '/all.tif'
cutout_bpz.save.py:        os.system('mkdir ' + os.environ['sne'] + '/photoz/' + cluster + '/')
cutout_bpz.save.py:        os.system('chmod o+rx ' + os.environ['sne'] + '/photoz/' + cluster + '/')
cutout_bpz.save.py:        os.system('convert ' + os.environ['sne'] + '/photoz/' + cluster + '/all.tif ' + os.environ['sne'] + '/photoz/' + cluster + '/fix.tif')
cutout_bpz.save.py:    im = Image.open(os.environ['sne'] + '/photoz/' + cluster + '/fix.tif')
cutout_bpz.save.py:    outbase = os.environ['sne'] + '/photoz/' + cluster + '/'
cutout_bpz.save.py:            outfile = os.environ['sne'] + '/photoz/' + cluster + '/' + SPECTRA + '/' + str(index) + '.png' 
cutout_bpz.save.py:            #outfile = os.environ['sne'] + '/photoz/' + str(index) + '.png' 
cutout_bpz.save.py:                image = os.environ['sne'] + '/photoz/' + cluster + '/' + SPECTRA + '/' + str(index) + '.jpg'  
cutout_bpz.save.py:            file = os.environ['sne'] + '/photoz/' + cluster + '/' + SPECTRA + '/objects.html'
cutout_bpz.save2.py:if not 'sne' in os.environ:
cutout_bpz.save2.py:    os.environ['sne'] = '/nfs/slac/g/ki/ki04/pkelly'
cutout_bpz.save2.py:    pagemain = open(os.environ['sne'] + '/photoz/' + cluster + '/' + SPECTRA + '/index.html','w')    
cutout_bpz.save2.py:    pylab.savefig(os.environ['sne'] + '/photoz/' + cluster + '/' + SPECTRA +'/odds.png')
cutout_bpz.save2.py:    pylab.savefig(os.environ['sne'] + '/photoz/' + cluster + '/' + SPECTRA +'/zdist.png')
cutout_bpz.save2.py:    pagemain = open(os.environ['sne'] + '/photoz/' + cluster + '/' + SPECTRA + '/zdistribution.html','w')  
cutout_bpz.save2.py:    pagemain = open(os.environ['sne'] + '/photoz/' + cluster + '/' + SPECTRA + '/thecorrections.html','w')  
cutout_bpz.save2.py:            file = os.environ['sne'] + '/photoz/' + cluster + '/' + SPECTRA + '/' + key + '.png'
cutout_bpz.save2.py:    base = os.environ['sne'] + '/photoz/' + cluster + '/'
cutout_bpz.save2.py:    os.system('mkdir -p ' + os.environ['sne'] + '/photoz/' + cluster + '/' + SPECTRA + '/') 
cutout_bpz.save2.py:        pagemain = open(os.environ['sne'] + '/photoz/' + cluster + '/' + SPECTRA + '/index.html','w')    
cutout_bpz.save2.py:        pylab.savefig(os.environ['sne'] + '/photoz/' + cluster + '/' + SPECTRA +'/odds.png')
cutout_bpz.save2.py:        pylab.savefig(os.environ['sne'] + '/photoz/' + cluster + '/' + SPECTRA +'/zdist.png')
cutout_bpz.save2.py:        pagemain = open(os.environ['sne'] + '/photoz/' + cluster + '/' + SPECTRA + '/zdistribution.html','w')  
cutout_bpz.save2.py:        pagemain = open(os.environ['sne'] + '/photoz/' + cluster + '/' + SPECTRA + '/thecorrections.html','w')  
cutout_bpz.save2.py:                file = os.environ['sne'] + '/photoz/' + cluster + '/' + SPECTRA + '/' + key + '.png'
cutout_bpz.save2.py:    os.system('mkdir -p ' + os.environ['sne'] + '/photoz/' + cluster)           
cutout_bpz.save2.py:    outbase = os.environ['sne'] + '/photoz/' + cluster + '/'
cutout_bpz.save2.py:    ffile = os.environ['sne'] + '/photoz/' + cluster + '/fix.tif'
cutout_bpz.save2.py:        os.system('mkdir ' + os.environ['sne'] + '/photoz/' + cluster + '/')
cutout_bpz.save2.py:        os.system('chmod o+rx ' + os.environ['sne'] + '/photoz/' + cluster + '/')
cutout_bpz.save2.py:    os.system('convert ' + os.environ['sne'] + '/photoz/' + cluster + '/fix.tif ' + os.environ['sne'] + '/photoz/' + cluster + '/fix.jpg')
cutout_bpz.save2.py:    im = Image.open(os.environ['sne'] + '/photoz/' + cluster + '/fix.jpg')
cutout_bpz.save2.py:            #outfile = os.environ['sne'] + '/photoz/' + cluster + '/' + SPECTRA + '/' + str(index) + '.png' 
cutout_bpz.save2.py:            #outfile = os.environ['sne'] + '/photoz/' + str(index) + '.png' 
cutout_bpz.save2.py:                image = os.environ['sne'] + '/photoz/' + cluster + '/' + SPECTRA + '/' + str(index) + '.jpg'  
cutout_bpz.save2.py:            file = os.environ['sne'] + '/photoz/' + cluster + '/' + SPECTRA + '/objects.html'
cutout_bpz_backup.py:    base = os.environ['sne'] + '/photoz/' + cluster + '/'
cutout_bpz_backup.py:    ffile = os.environ['sne'] + '/photoz/' + cluster + '/all.tif'
cutout_bpz_backup.py:        os.system('mkdir ' + os.environ['sne'] + '/photoz/' + cluster + '/')
cutout_bpz_backup.py:        os.system('chmod o+rx ' + os.environ['sne'] + '/photoz/' + cluster + '/')
cutout_bpz_backup.py:        os.system('convert ' + os.environ['sne'] + '/photoz/' + cluster + '/all.tif ' + os.environ['sne'] + '/photoz/' + cluster + '/fix.tif')
cutout_bpz_backup.py:    im = Image.open(os.environ['sne'] + '/photoz/' + cluster + '/fix.tif')
cutout_bpz_backup.py:        plot_res(outputcat.replace('.tab',''),os.environ['sne'] + '/photoz/' + cluster + '/')
cutout_bpz_backup.py:            outfile = os.environ['sne'] + '/photoz/' + cluster + '/' + str(index) + '.png' 
cutout_bpz_backup.py:            #outfile = os.environ['sne'] + '/photoz/' + str(index) + '.png' 
cutout_bpz_backup.py:                image = os.environ['sne'] + '/photoz/' + cluster + '/' + str(index) + '.jpg'  
cutout_bpz_backup.py:            page = open(os.environ['sne'] + '/photoz/' + cluster + '/index.html','w')
cutout_eazy.py:os.system('mkdir ' + os.environ['sne'] + '/photoz/' + cluster + '/')
cutout_eazy.py:os.system('chmod o+rx ' + os.environ['sne'] + '/photoz/' + cluster + '/')
cutout_eazy.py:ffile = os.environ['sne'] + '/photoz/' + cluster + '/all.tif'
cutout_eazy.py:    os.system('convert ' + os.environ['sne'] + '/photoz/' + cluster + '/all.tif ' + os.environ['sne'] + '/photoz/' + cluster + '/fix.tif')
cutout_eazy.py:im = Image.open(os.environ['sne'] + '/photoz/' + cluster + '/fix.tif')
cutout_eazy.py:plot_res(outputcat.replace('.tab',''),os.environ['sne'] + '/photoz/' + cluster + '/')
cutout_eazy.py:        outfile = os.environ['sne'] + '/photoz/' + cluster + '/' + str(index) + '.png' 
cutout_eazy.py:        #outfile = os.environ['sne'] + '/photoz/' + str(index) + '.png' 
cutout_eazy.py:            image = os.environ['sne'] + '/photoz/' + cluster + '/' + str(index) + '.jpg'  
cutout_eazy.py:        page = open(os.environ['sne'] + '/photoz/' + cluster + '/index.html','w')
fit_DOUG.py:        path = os.environ['sne'] + '/photoz/' + cluster + '/CWWSB_capak.list/'
fit_DOUG.py:        groupf = os.environ['sne'] + '/photoz/shearratios/' + cluster + '_sr.pdf'
fix_hdfn_flag.py:        logfile = os.environ['sne'] + '/coadd/' + dtop2['objname']
fix_hdfn_flag.py:        logfile = os.environ['sne'] + '/coadd/' + dtop2['objname']
fix_hdfn_flag.py:            os.system('mkdir -p ' + os.environ['sne'] + '/scamp/')
fix_hdfn_flag.py:            logfile = os.environ['sne'] + '/scamp/' + dtop2['objname']
fix_hdfn_flag.py:        os.system('mkdir ' +  os.environ['sne'] + '/plots/' + directory )
fix_hdfn_flag.py:        os.system('rm ' + os.environ['sne'] + '/plots/' + directory + '/*')
fix_hdfn_flag.py:            os.system('mkdir -p ' + os.environ['sne']+'/work/')
fix_hdfn_flag.py:            tmpdir = tempfile.NamedTemporaryFile(dir=os.environ['sne']+'/work/').name   
fix_hdfn_flag.py:            tmphome = tempfile.NamedTemporaryFile(dir=os.environ['sne']+'/work/').name
illumcorutils.py:        os.system('mkdir ' +  os.environ['sne'] + '/plots/' + directory )
illumcorutils.py:        os.system('rm ' + os.environ['sne'] + '/plots/' + directory + '/*')
kdtree.py:    file = os.environ['sne'] + '/cosmos/cosmos_zphot_mag25.nums.fits'
kdtree.py:    file = os.environ['sne'] + '/cosmos/cosmos_zphot_mag25.nums.fits'
kdtree2.py:    file = os.environ['sne'] + '/cosmos/cosmos_zphot_mag25.nums.fits'
kdtree2.py:    file = os.environ['sne'] + '/cosmos/cosmos_zphot_mag25.nums.fits'
magnification.py:    website = os.environ['sne'] + '/magnification/' + cluster + '/' 
mask_arc.py:path= os.environ['sne'] + '/arc' 
measanja.py:        path = os.environ['sne'] + '/arc/' 
measanja.py:path= os.environ['sne'] + '/arc' 
measback.py:path= os.environ['sne'] + '/arc' 
parse_cosmos.py:file = os.environ['sne'] + '/cosmos/cosmos_zphot_mag25.tbl'
parse_cosmos.py:file = os.environ['sne'] + '/cosmos/cosmos_zphot_mag25.nums'
pat.py:        logfile = os.environ['sne'] + '/coadd/' + dtop2['objname']
pat.py:        logfile = os.environ['sne'] + '/coadd/' + dtop2['objname']
pat.py:            os.system('mkdir -p ' + os.environ['sne'] + '/scamp/')
pat.py:            logfile = os.environ['sne'] + '/scamp/' + dtop2['objname']
pat.py:        os.system('mkdir ' +  os.environ['sne'] + '/plots/' + directory )
pat.py:        os.system('rm ' + os.environ['sne'] + '/plots/' + directory + '/*')
pat.py:            os.system('mkdir -p ' + os.environ['sne']+'/work/')
pat.py:            tmpdir = tempfile.NamedTemporaryFile(dir=os.environ['sne']+'/work/').name   
pat.py:            tmphome = tempfile.NamedTemporaryFile(dir=os.environ['sne']+'/work/').name
patslr.py:    base = os.environ['sne'] + '/photoz/' + cluster + '/'
plot.py:pylab.savefig(os.environ['sne'] + '/photoz/papfigs/best_spec_BVRI.pdf')
plot_COSMOS2.py:web = os.environ['sne'] + '/photoz/COSMOS' + set + '/'
plot_COSMOS2dhist.py:web = os.environ['sne'] + '/photoz/COSMOS' + set + '/'
plot_COSMOS_pdz.py:    web = '/afs/slac.stanford.edu/u/ki/pkelly/' # os.environ['sne'] + '/photoz/COSMOS_' + set + '_' + ext + '/'
plot_HDFN_pdz.py:        web = os.environ['sne'] + '/photoz/COSMOS_' + set + '/'
qc_wrapper.py:        command = 'python ' + os.environ['sne'] + '/qc/trunk/fit_locus.py -f ' + catalog + ' -c ' + columnsSDSS + ' -e 1 -b 0 -a -p ' + os.environ['sne'] + '/photoz/' + cluster + '/brightSDSSplots/'
qc_wrapper.py:        command = 'python ' + os.environ['sne'] + '/qc/trunk/fit_locus.py -f ' + catalog + ' -c ' + columnsSDSS + ' -e 1 -b 0 -a -p ' + os.environ['sne'] + '/photoz/' + cluster + '/faintSDSSplots/'
qc_wrapper.py:        command = 'python ' + os.environ['sne'] + '/qc/trunk/fit_locus.py -f ' + catalog + ' -c ' + columns + ' -e 1 -b 0 -a -p ' + os.environ['sne'] + '/photoz/' + cluster + '/SLRplots/'
qc_wrapper.py:        command = 'python ' + os.environ['sne'] + '/qc/trunk/fit_locus.py -f ' + catalog + ' -c ' + columns + ' -e 1 -b 0 -p ' + os.environ['sne'] + '/photoz/' + cluster + '/SLRplots/'
read_photoz.py:incat = os.environ['sne'] + '/0018.zsout' #'/tmp/zs.cat'
run_batch.py:os.chdir(os.environ['sne'] + '/work/')
run_batch.py:    output_me = os.environ['sne'] + '/batch/ob' + str(num)
run_batch.py:    output = os.environ['sne'] + '/batch/o' + str(num)
run_batch.py:    error = os.environ['sne'] + '/batch/e' + str(num)
run_batch.py:    #file.write('bsub -R rhel40 -q medium -e ' + os.environ['sne'] + '/batch/e' + str(num) + ' -o ' + os.environ['sne'] + '/batch/o' + str(num) + ' python batch_sub.py\n')
run_batch.py:    #file.write('bsub -R rhel40 -q long -e ' + os.environ['sne'] + '/batch/e' + str(num) + ' -o /dev/null python batch_sub.py\n')
run_th.py:gs = glob(os.environ['sne'] + '/spec/Id000*')
s1.py:        os.system('mkdir ' +  os.environ['sne'] + '/plots/' + directory )
s1.py:        os.system('rm ' + os.environ['sne'] + '/plots/' + directory + '/*')
sdss_slr.fieldID.py:                os.system('mkdir -p ' + os.environ['sne'] + '/scamp/')
sdss_slr.py:                #os.system('mkdir -p ' + os.environ['sne'] + '/scamp/')
sdss_slr.save.py:                os.system('mkdir -p ' + os.environ['sne'] + '/scamp/')
sed_plot.py:if not 'sne' in os.environ:
sed_plot.py:    os.environ['sne'] = '/nfs/slac/g/ki/ki04/pkelly'
sed_plot.py:    pagemain = open(os.environ['sne'] + '/photoz/' + cluster + '/' + SPECTRA + '/index.html','w')    
sed_plot.py:    pylab.savefig(os.environ['sne'] + '/photoz/' + cluster + '/' + SPECTRA +'/odds.png')
sed_plot.py:    pylab.savefig(os.environ['sne'] + '/photoz/' + cluster + '/' + SPECTRA +'/zdist.png')
sed_plot.py:    pagemain = open(os.environ['sne'] + '/photoz/' + cluster + '/' + SPECTRA + '/zdistribution.html','w')  
sed_plot.py:    pagemain = open(os.environ['sne'] + '/photoz/' + cluster + '/' + SPECTRA + '/thecorrections.html','w')  
sed_plot.py:            file = os.environ['sne'] + '/photoz/' + cluster + '/' + SPECTRA + '/' + key + '.png'
sed_plot.py:    base = os.environ['sne'] + '/photoz/' + cluster + '/'
sed_plot.py:    os.system('mkdir -p ' + os.environ['sne'] + '/photoz/' + cluster + '/' + SPECTRA + '/') 
sed_plot.py:        pagemain = open(os.environ['sne'] + '/photoz/' + cluster + '/' + SPECTRA + '/index.html','w')    
sed_plot.py:        pylab.savefig(os.environ['sne'] + '/photoz/' + cluster + '/' + SPECTRA +'/odds.png')
sed_plot.py:        pylab.savefig(os.environ['sne'] + '/photoz/' + cluster + '/' + SPECTRA +'/zdist.png')
sed_plot.py:        pagemain = open(os.environ['sne'] + '/photoz/' + cluster + '/' + SPECTRA + '/zdistribution.html','w')  
sed_plot.py:        pagemain = open(os.environ['sne'] + '/photoz/' + cluster + '/' + SPECTRA + '/thecorrections.html','w')  
sed_plot.py:                file = os.environ['sne'] + '/photoz/' + cluster + '/' + SPECTRA + '/' + key + '.png'
sed_plot.py:    os.system('mkdir -p ' + os.environ['sne'] + '/photoz/' + cluster)           
sed_plot.py:    outbase = os.environ['sne'] + '/photoz/' + cluster + '/'
sed_plot.py:    ffile = os.environ['sne'] + '/photoz/' + cluster + '/fix.tif'
sed_plot.py:        os.system('mkdir ' + os.environ['sne'] + '/photoz/' + cluster + '/')
sed_plot.py:        os.system('chmod o+rx ' + os.environ['sne'] + '/photoz/' + cluster + '/')
sed_plot.py:    os.system('convert ' + os.environ['sne'] + '/photoz/' + cluster + '/fix.tif ' + os.environ['sne'] + '/photoz/' + cluster + '/fix.jpg')
sed_plot.py:    im = Image.open(os.environ['sne'] + '/photoz/' + cluster + '/fix.jpg')
sed_plot.py:            #outfile = os.environ['sne'] + '/photoz/' + cluster + '/' + SPECTRA + '/' + str(index) + '.png' 
sed_plot.py:            #outfile = os.environ['sne'] + '/photoz/' + str(index) + '.png' 
sed_plot.py:                image = os.environ['sne'] + '/photoz/' + cluster + '/' + SPECTRA + '/' + str(index) + '.jpg'  
sed_plot.py:            file = os.environ['sne'] + '/photoz/' + cluster + '/' + SPECTRA + '/objects.html'
slr_kpn_new.simul.save.py:    #location = os.environ['sne'] + '/photoz/' + cluster + '/SLRplots/'
slr_kpn_new.simul.save.py:        location = os.environ['sne'] + '/photoz/' + cluster + '/SLRplots/'
slr_kpno.new.py:    os.system('mkdir -p ' + os.environ['sne'] + '/photoz/' + cluster)           
slr_kpno.py:    os.system('mkdir -p ' + os.environ['sne'] + '/photoz/' + cluster)           
slr_kpno_new.gof.py:        location = os.environ['sne'] + '/photoz/' + cluster + '/SLRplots/'
slr_kpno_new.py:        location = os.environ['sne'] + '/photoz/' + cluster + '/SLRplots/'
slr_kpno_new.savesimul.py:    location = os.environ['sne'] + '/photoz/' + cluster + '/SLRplots/'
slr_kpno_new.savesimul.py:        location = os.environ['sne'] + '/photoz/' + cluster + '/SLRplots/'
slr_kpno_new.simul.py:    #location = os.environ['sne'] + '/photoz/' + cluster + '/SLRplots/'
slr_kpno_new.simul.py:        location = os.environ['sne'] + '/photoz/' + cluster + '/SLRplots/'
slr_kpno_new.simul.save.py:    #location = os.environ['sne'] + '/photoz/' + cluster + '/SLRplots/'
slr_kpno_new.simul.save.py:        location = os.environ['sne'] + '/photoz/' + cluster + '/SLRplots/'
slr_kpno_new.uband.py:    #location = os.environ['sne'] + '/photoz/' + cluster + '/SLRplots/'
slr_kpno_new.uband.py:        location = os.environ['sne'] + '/photoz/' + cluster + '/SLRplots/'
slr_kpno_new_simul.py:    #location = os.environ['sne'] + '/photoz/' + cluster + '/SLRplots/'
slr_kpno_new_simul.py:        location = os.environ['sne'] + '/photoz/' + cluster + '/SLRplots/'
slr_kpno_new_simul.save.py:    #location = os.environ['sne'] + '/photoz/' + cluster + '/SLRplots/'
slr_kpno_new_simul.save.py:        location = os.environ['sne'] + '/photoz/' + cluster + '/SLRplots/'
slr_pat.py:    base = os.environ['sne'] + '/photoz/' + cluster + '/'
slr_pat.py:    os.system('mkdir -p ' + os.environ['sne'] + '/photoz/' + cluster)           
slr_pat_better.py:    base = os.environ['sne'] + '/photoz/' + cluster + '/'
slr_pat_better.py:    os.system('mkdir -p ' + os.environ['sne'] + '/photoz/' + cluster)           
stat_cat.py:    base = os.environ['sne'] + '/photoz/compare/'
temp2.py:            os.system('mkdir -p ' + os.environ['sne'] + '/scamp/')
temp2.py:            logfile = os.environ['sne'] + '/photoz_log/' + dtop2['objname']
test_shear.py:web = os.environ['sne'] + '/photoz/COSMOS/'
warp_the_pickle.py:        pylab.savefig(os.environ['sne'] + '/photoz/slrs/' + info.replace('/','').replace(' ','_') + '.pdf')
