BBSSCR_stats-SS_redo_wcrc.txt
BBSSCR_stats-SS_redo_wsi_wsz.txt
BBSSCR_stats-all_W-C-IC_2010-02-12.txt
BBSSCR_stats-all_W-C-IC_2011-01-06.txt
BBSSCR_stats-all_W-J-B_2010-02-12.txt
BBSSCR_stats-all_W-J-V_2010-02-12.txt
BBSSCR_stats-all_W-S-G+_2010-04-15.txt
BBSSCR_stats-before_W-C-RC_2006-03-04.txt
BBSSCR_stats-before_W-C-RC_2010-02-12.txt
BBSSCR_stats-before_W-S-I+_2010-04-15.txt
BBSSCR_stats-before_W-S-Z+_2011-01-06.txt
BBSSCR_stats-header.txt
CRNitschke_final_MACS0416-24_2010-11-04_W-C-RC.txt
CRNitschke_final_MACS0416-24_2010-11-04_W-J-B.txt
CRNitschke_final_MACS0416-24_2010-11-04_W-J-B_Max170.txt
CRNitschke_final_MACS0416-24_2010-11-04_W-J-B_Max180.txt
CRNitschke_final_MACS0416-24_2010-11-04_W-J-B_Max190.txt
CRNitschke_final_MACS0416-24_2010-11-04_W-S-Z+.txt
CRNitschke_final_MACS1226+21_2006-03-04_W-C-RC.txt
CRNitschke_final_MACS1226+21_2010-02-12_W-C-IC.txt
CRNitschke_final_MACS1226+21_2010-02-12_W-C-RC.txt
CRNitschke_final_MACS1226+21_2010-02-12_W-J-B.txt
CRNitschke_final_MACS1226+21_2010-02-12_W-J-V.txt
CRNitschke_final_MACS1226+21_2010-04-15_W-S-G+.txt
CRNitschke_final_MACS1226+21_2010-04-15_W-S-I+.txt
CRNitschke_final_MACS1226+21_2011-01-06_W-C-IC.txt
CRNitschke_final_MACS1226+21_2011-01-06_W-S-Z+.txt
OUT-do_photometry-MERGE_STARS_SDSS_CALIB_APPLY_SLR.log
OUT-mask_coadd.asteroids.log
SMOKA_A2744_New.txt
SUBARU.ini
WeightMasker.py
adam_BBSSCR_stats_MACS0416.sh
adam_BBSSCR_stats_MACS1226.sh
adam_MACS1226_info.txt
adam_catchup_MACS0416.sh
adam_coadd_MACS0416-24.sh
adam_coadd_MACS1226+21.sh
adam_do_photometry.sh
adam_make_difference_coadds_MACS1226_and_MACS0416.sh
adam_notes-coadd_different_configs.sh
adam_notes-coadd_mode_conditions.log
adam_notes-coherent_shifts-ldac_hist.log
adam_notes-coherent_shifts.log
adam_notes-do_photometry_issues.log
adam_notes-example_checking_CRN_performance_MACS1226.sh
adam_notes-fit_locus.log
adam_notes-myseeing_or_getseeing.sh
adam_notes-quick-do_photometry_notes.sh
adam_notes-reg_examples.log
adam_qc_wrapper.py
adam_tmp-do_photometry_wait_then_run.sh
adam_use_fix_autosuppression.sh
adam_vars.py
adam_vars.sh
adam_vars.txt
adam_vars_show.sh
adam_view_coadds_MACS0416_and_MACS1226.sh
astrom_photom_coadd_S-OCFR_W-OCF.sh
calc_tmpsave_from_pat_dir.py
coadd_W-C-RC_MACS0647+70_good.edgemask.reg
coadd_W-C-RC_MACS0744+39_good.edgemask.reg
coadd_W-C-RC_MACS1731+22_good.edgemask.reg
cr2masks.ret
crD2M.ret
create_science_weighted_file.sh
create_weights_raw_delink_para_CRNitschke_file.sh
do_Subaru_preprocess_10_2_adam.sh
do_Subaru_preprocess_10_2_simple.sh
do_Subaru_preprocess_10_3_adam.sh
do_Subaru_preprocess_notes.sh
do_multiple_photoz.pyc
do_photometry-new_ending.sh
dummy0.sh
dummy1.sh
dummy2.sh
dummy3.sh
dummy4.sh
echo_args.sh
emmi.ret
get_error_log.sh
get_seeing.sh
inputs.sh
instructions.sh
my.log
run_slr_funcs_logger-calc_test_save.log
save_pid.txt
scamp.xsl
seeing_MACS0416-24.cat
seeing_MACS1226+21.cat
setup_SUBARU_old.sh
spikefinder_para_NOsh.sh
transform_regions_phys-wcs.sh
vars_MACS1226_and_MACS0416.log
