adam_apply_RADIAL_MASK_para.sh
adam_do_linking_filter_dirs.sh
adam_do_update_headers.sh
adam_group2-do_Subaru_preprocess_10_3.sh
apply_ringmask_para.sh
check_psf_3s_vis.sh
check_psf_coadd_vis.sh
cp_aux_data.sh
create_astrometrix_header_para.sh
create_checkplot_rh_mag.sh
create_gaussfiltered_image.sh
create_scamp_astrom_astrom_photom.sh
create_skysub_delink_para.sh
create_smoothed_coadd.sh
create_stellar_tracks.sh
determine_seeing.sh
do_Subaru_0025_B.sh
do_Subaru_0025_I.sh
do_Subaru_0025_R.sh
do_Subaru_0025_V.sh
do_Subaru_2002_06_I.sh
do_Subaru_add_data_template.sh
do_Subaru_coadd_rotations.sh
do_Subaru_coadd_template.sh
do_Subaru_coadd_template_scamp.sh
do_Subaru_phot_template.sh
do_Subaru_preprocess_10_2_adam.sh
do_Subaru_preprocess_10_2_simple.sh
do_Subaru_preprocess_10_3_adam.sh
do_Subaru_preprocess_10_3_simple.sh
do_Subaru_preprocess_adam.sh
do_Subaru_preprocess_config8.sh
do_Subaru_preprocess_template.sh
do_Subaru_register_HDFN.sh
do_Subaru_register_template.sh
do_Subaru_template_masking.sh
do_coadd_batchpixscale.sh
do_lensing.sh
do_masking.sh
do_median_compare_prep2.sh
do_photometry_3sec.sh
do_photometry_alt.sh
do_testsnratio.sh
fixbadccd_para.sh
mark_badimages.sh
match_neighbor.sh
match_simple.sh
measure_shapes_wrapper.sh
phot_slr_cosmos.sh
produce_3sec_cats.sh
propagate_badccd.sh
resample_coadd_swarp_chips_para.sh
resample_coadd_swarp_para.sh
resample_coadd_swarp_pretty_para.sh
run_geocor_unstacked_photometry.sh
run_unstacked_photometry.sh
setup_CFH12K.sh
sort_aux_data.sh
testprogs.sh
unfixbadccd_para.sh
unpack_subaru.sh
update_config_header_megaprime.sh
update_config_header_wircam.sh
