Restored 'do_Subaru_preprocess_2009-01-23_W-C-RC.sh'
Restored 'p.py'
Restored 'calc_tmp.save2.py'
Restored 'do_Subaru_2000-12-27_W-C-RC.sh'
Restored 'do_Subaru_2000-11-22_W-C-RC.sh'
Restored 'do_Subaru_2000-12-27_W-C-RC_copy1.sh'
Restored 'do_Subaru_register_MACS1423.sh'
Restored 'phot_slr.py'
Restored 'calc_tmp.savefeb10.py'
Restored 'do_Subaru_preprocess_2009-01-23_W-J-V.sh'
Restored 'do_Subaru_coadd_MACS2243_special.sh'
Restored 'test_file'
Restored 'do_Subaru_2000-12-27_W-C-RC_copy2.sh'
Restored 'do_Subaru_coadd_A2219.sh'
Restored 'i.py'
Restored 'do_Subaru_register_MACS1621.sh'
Restored 'do_Subaru_coadd_A2219_V.sh'
Restored 't.py'
Restored 'do_Subaru_preprocess_2009-01-23_W-J-B.sh'
Restored 'do_Subaru_preprocess_2005-12-31_W-C-IC.sh'
Restored 'u.py'
Restored 'apply_RADIAL_MASK_para.sh'
Restored 'do_Subaru_2000-12-27_W-C-RC_skyflatall.sh'
Restored 'do_Subaru_2001-01-20_W-C-RC.sh'
Restored 'do_Subaru_coadd_MACS0911.sh'
Restored 'do_Subaru_preprocess_2006-12-21_W-C-IC.sh'
Restored 'do_Subaru_register_MACS1427.sh'
Restored 'rr.py'
Restored 'calc_tmpsave.save.py'
Restored 'do_Subaru_coadd_MACS0018_V.sh'
Restored 'do_Subaru_preprocess_2009-01-23_W-S-Z+.sh'
Restored 'do_Subaru_2001-03-17_W-J-V.sh'
Restored 'do_Subaru_register_MACS0018.sh'
Restored 'run_QC.txt'
Restored 'calc_tmp.savesingle.py'
Restored 'calc_tmp.py'
Restored 'do_Subaru_2001-02-20_W-J-B.sh'
Restored 'do_Subaru_2000-11-22_W-J-V.sh'
Restored 'y.py'
Restored 'do_Subaru_preprocess_2009-01-23_W-C-IC.sh'
Restored 'cluster_QC.txt'
Restored 'o.py'
Restored 'do_Subaru_2000-12-27_W-C-IC.sh'
Restored 'locus.txt'
Restored 'adam_backup_regs.py'
Restored 'Plot_cluster_seeing_e1e2.py'
svn: Working copy path 'test_file' does not exist in repository
