# These are all python scripts that have, as their last comment on svn "additional python scripts that may not be needed"
3SEC.py 
ACScomp.py
HDFN_photz.py
add_mysql.py
advanced_calc.py
all.py
all_corr.py
anja_coadd.py
anja_sdss.py
apply_cal_table.py
batch_sub.py
batch_sub.save.py
beta.py
blank.py
bpz_eazy.py
cal_extinctions.py
cal_extinctions.save.py
calc_illum.py
calc_resam.py
calc_test.old.py
calc_test.save.py
calc_test_save.6.25.py
calc_test_save.nov23.py
calc_test_save.olddb.py
calc_test_save.ppgplot.py
calc_test_save.run.py
calc_test_save.save.py
calc_test_save.save1.py
calc_test_save.save2.py
calc_tmpsave.py
calibrate_COSMOS.py
color.py
color_color.py
colorcolor.py
conv.py
convert_CFHT.py
convert_tkrs.py
convertpos.py
cosmos_all.py
cosmos_spec.py
crop.py
cutout.py
cutout_bpz.save.py
cutout_bpz.save2.py
cutout_bpz_backup.py
cutout_eazy.py
divideByMasterFlat.save.py
divideByMasterFlat.save2.py
do_multiple.save.py
do_multiple.save2.py
do_multiple_pat.py
dosearch.py
extinction.py
fastdust.py
fastftp.save.py
fastslr.py
figure.py
fit_DOUG.py
fit_GROUND.py
fit_PAPER.py
fit_PAPER_BAD.py
fit_PAT.py
fit_PAT2.py
fit_PAT3.py
fit_SPACE.py
fit_SPACE2.py
fix_hdfn_flag.py
gather.py
get_sdss.py
getridofduplicates.py
hdfn_all.py
invert.py
kd_example.py
kd_example2.py
kdtree.py
kdtree2.py
leastsq.pat.py
mag_histo.py
magnification.py
make_fake.py
mask_arc.save.py
mask_arc.save2.py
match.py
match_3SEC.py
match_many.py
match_spec.py
match_threeseconds.py
measanja.py
measback.py
mk_calibrate.py
mk_cluster_tab.py
mk_hr.py
mk_satfind.py
mk_satpylab.py
mk_saturation_plot.save.py
mk_ssc_SDSS.save.py
mk_web_page.py
mkcolorcolor.py
mklist.py
mkplot.py
mkplot_bpz.py
mkplotsspecme.py
mkstandardlist.py
mkstatplot.py
mkstet.py
mkstetson.py
move_hdfn_40.py
mstatlib.py
ned.compact_2.py
ned.py
new_calibrate.save.py
nfwmodel.py
nfwmodel_binned_batchrunner.py
old_read_photoz.py
parse_anja.py
parse_cosmos.py
parse_cowie.py
parse_discoverer.py
parse_photoz.py
parse_shifts.py
parse_wh.py
parselph.py
pat.py
pat_sr.py
patplot.py
patprofile.py
patslr.py
photo_abs.erroct.py
photo_abs.errs.py
photo_abs.two.py
photo_abs_all.py
photo_abs_new.save.py
photo_illum.py
photocalibrate_cat.NEW.py
photometry.py
plot.py
plot_COSMOS.py
plot_COSMOS2.py
plot_COSMOS2dhist.py
plot_COSMOS_pdz.py
plot_HDFN_pdz.py
plot_cas.py
plot_mags.py
plot_rederr.py
plot_spec2.py
plot_subset.py
populateFLAT.py
quality_ck.py
record_photometry.py
retrieve_erben.py
retrieve_images.py
retrieve_long.py
retrieve_spectra.py
rmbackground.py
rmbackground.save.py
run_batch.py
run_batch_flat.py
run_photoz.py
run_slr.py
run_th.py
runic.py
s1.py
save.py
save_reg.py
savedivide.py
scamp.py
scamp_code.py
sdss_retrieve_pos.py
sdss_slr.fieldID.py
sdss_slr.py
sdss_slr.save.py
sed_plot.py
settings.py
shear_ratio.py
slr_check.py
slr_kpn_new.simul.save.py
slr_kpno.new.py
slr_kpno.py
slr_kpno_new.gof.py
slr_kpno_new.savesimul.py
slr_kpno_new.simul.save.py
slr_kpno_new.uband.py
slr_kpno_new_simul.py
slr_kpno_new_simul.save.py
slr_pat.py
slr_pat_better.py
snapshots.py
ss.py
ss.save.py
starnum.py
start.py
stat_cat.py
subset.py
t2response.py
temp2.py
test_exceptions.py
test_shear.py
test_sort.py
testkd.py
threesec.py
transform_filts.py
warp_the_pickle_new.py
