#wget -nd -r 'ftp://smokaftp:4N1PaNda1Lyr@smokaftp.nao.ac.jp/arwright1004025200NT'
#tar -zxvf arwright1004025200NT_data.tar.gz
#wget -nd -r 'ftp://smokaftp:4N1PaNda1Lyr@smokaftp.nao.ac.jp/arwright1004030129NT'
#tar -zxvf arwright1004030129NT_data.tar.gz
#wget -nd -r 'ftp://smokaftp:4N1PaNda1Lyr@smokaftp.nao.ac.jp/arwright1004033642NT'
#tar -zxvf arwright1004033642NT_data.tar.gz
#wget -nd -r 'ftp://smokaftp:4N1PaNda1Lyr@smokaftp.nao.ac.jp/arwright1004031215NT'
#tar -zxvf arwright1004031215NT_data.tar.gz
#wget -nd -r 'ftp://smokaftp:4N1PaNda1Lyr@smokaftp.nao.ac.jp/arwright1004032034NT'
#tar -zxvf arwright1004032034NT_data.tar.gz

for cluster in MACSJ0159.8-0849 Z2701 Z2089 MACSJ0429.6-0253
do
	mkdir ${cluster}
	#mkdir -p ${cluster}/SCIENCE
	#mkdir -p ${cluster}/FLAT
	#mkdir -p ${cluster}/BIAS
done

mv arwright1004025200NT_data MACSJ0159.8-0849/SCIENCE #correct
mv arwright1004030129NT_data Z2701/SCIENCE_FLAT #ok? ZwCl0949.6+5207
mv arwright1004033642NT_data Z2089/SCIENCE_FLAT # actually mv Z2089/SCIENCE MACSJ0159.8-0849/FLAT
mv arwright1004031215NT_data MACSJ0429.6-0253/SCIENCE_FLAT
mv arwright1004032034NT_data MACSJ0159.8-0849/BIAS

mv *arwright1004025200NT*  MACSJ0159.8-0849
mv *arwright1004030129NT*  Z2701
mv *arwright1004033642NT*  Z2089
mv *arwright1004031215NT*  MACSJ0429.6-0253
mv *arwright1004032034NT*  MACSJ0159.8-0849

echo "separate out Z2701/SCIENCE_FLAT"
echo "separate out Z2089/SCIENCE_FLAT"
echo "separate out MACSJ0429.6-0253/SCIENCE_FLAT"
mkdir Z2701/SCIENCE
mkdir Z2701/FLAT
mkdir Z2089/SCIENCE
mkdir Z2089/FLAT
mkdir MACSJ0429.6-0253/SCIENCE
mkdir MACSJ0429.6-0253/FLAT

for cluster in MACSJ0159.8-0849 Z2701 Z2089 MACSJ0429.6-0253
do
	dfits ${cluster}/SCIENCE_FLAT/*.fits | fitsort OBJECT DATE-OBS FILTER01 | cut -c 19- | uniq > ${cluster}-SCIENCE_FLAT.log2
	dfits ${cluster}/FLAT/*.fits | fitsort OBJECT DATE-OBS FILTER01 | cut -c 19- | uniq > ${cluster}-FLAT.log2
	dfits ${cluster}/SCIENCE/*.fits | fitsort OBJECT DATE-OBS FILTER01 | cut -c 19- | uniq > ${cluster}-SCIENCE.log2
	dfits ${cluster}/BIAS/*.fits | fitsort OBJECT DATE-OBS FILTER01 | cut -c 19- | uniq > ${cluster}-BIAS.log2
done

for fl in `\ls *.log2` ; do echo " " >> all.log2 ; echo ${fl} >> all.log2 ; cat ${fl} >> all.log2 ;done

error: cannot open file [MACSJ0159.8-0849/SCIENCE_FLAT/*.fits]
error: cannot open file [MACSJ0159.8-0849/FLAT/*.fits]
error: cannot open file [MACSJ0159.8-0849/BIAS/*.fits]
error: cannot open file [Z2701/SCIENCE_FLAT/*.fits]
error: cannot open file [Z2701/BIAS/*.fits]
error: cannot open file [Z2089/SCIENCE_FLAT/*.fits]
error: cannot open file [Z2089/FLAT/*.fits]
error: cannot open file [Z2089/BIAS/*.fits]
error: cannot open file [MACSJ0429.6-0253/SCIENCE/*.fits]
error: cannot open file [MACSJ0429.6-0253/BIAS/*.fits]


rm MACSJ0159.8-0849-SCIENCE_FLAT.log2
rm MACSJ0159.8-0849-BIAS.log2
rm Z2701-SCIENCE_FLAT.log2
rm Z2701-BIAS.log2
rm Z2089-SCIENCE_FLAT.log2
rm Z2089-FLAT.log2
rm Z2089-SCIENCE.log2
rm Z2089-BIAS.log2
rm MACSJ0429.6-0253-SCIENCE.log2
rm MACSJ0429.6-0253-BIAS.log2

