** if I'm not mistaken, var_correction is sigma_jack from the paper
** sigma_jack criteria is we consider a fit acceptable if sigma_jack < 0.01 mag. All fits pass this criteria. (wtg2 paper says <sigma_jack>=0.003 mag)
** I'm not sure what cut is failing that makes W-S-Z+_2010-03-12 in need of a bootstrap from the W-C-RC_2010-03-12 solution. It actually has the best sigma_jack value, although it's variance is higher and reduced chi-squared is lower.

##PPRUN           var_correction mean    std        sdss_imp_all match_stars sdss_imp todo
W-J-B_2009-04-29  0.00295759     1.03676 0.0141992  1.06142      552.0       1.04574  good
W-J-B_2010-03-12  0.00453122     1.09648 0.0100641  1.03157      682.0       1.03096  good
W-C-RC_2010-03-12 0.0028744      1.02544 0.00169285 1.05806      699.0       1.05106  good
W-S-Z+_2010-03-12 0.00236964     1.01683 0.00161947 0.998194     555.0       0.99783  bootstrap
W-S-Z+_2009-04-29 0.00564083     1.02223 0.00388873 1.05008      737.0        1.0403  good

## Reduced chi-squared values and variances
W-C-RC/W-C-RC_2010-03-12/table_zps_runs.txt:### best-fit ZP values ### PPRUN: W-C-RC_2010-03-12
W-C-RC/W-C-RC_2010-03-12/table_zps_runs.txt:          __sample_size-is-all__calc_illum-is-True__sample-is-sdss__try_linear-is-True : ROT=1: redchisq=0.020 
W-C-RC/W-C-RC_2010-03-12/table_zps_runs.txt:          __sample_size-is-all__calc_illum-is-True__sample-is-sdss__try_linear-is-True : ROT=1: variance=0.02 weight_variance=0.00 redchi=2.608 
W-J-B/W-J-B_2009-04-29/table_zps_runs.txt:### best-fit ZP values ### PPRUN: W-J-B_2009-04-29
W-J-B/W-J-B_2009-04-29/table_zps_runs.txt:          __sample_size-is-all__calc_illum-is-True__sample-is-sdss__try_linear-is-True : ROT=1: redchisq=0.053 
W-J-B/W-J-B_2009-04-29/table_zps_runs.txt:          __sample_size-is-all__calc_illum-is-True__sample-is-sdss__try_linear-is-True : ROT=1: variance=0.04 weight_variance=0.01 redchi=5.165 
W-J-B/W-J-B_2010-03-12/table_zps_runs.txt:### best-fit ZP values ### PPRUN: W-J-B_2010-03-12
W-J-B/W-J-B_2010-03-12/table_zps_runs.txt:          __sample_size-is-all__calc_illum-is-True__sample-is-sdss__try_linear-is-True : ROT=1: redchisq=0.040 
W-J-B/W-J-B_2010-03-12/table_zps_runs.txt:          __sample_size-is-all__calc_illum-is-True__sample-is-sdss__try_linear-is-True : ROT=1: variance=0.07 weight_variance=0.02 redchi=5.195 
W-S-Z+/W-S-Z+_2009-04-29/table_zps_runs.txt:### best-fit ZP values ### PPRUN: W-S-Z+_2009-04-29
W-S-Z+/W-S-Z+_2009-04-29/table_zps_runs.txt:          __sample_size-is-all__calc_illum-is-True__sample-is-sdss__try_linear-is-True : ROT=1: redchisq=0.014 
W-S-Z+/W-S-Z+_2009-04-29/table_zps_runs.txt:          __sample_size-is-all__calc_illum-is-True__sample-is-sdss__try_linear-is-True : ROT=1: variance=0.11 weight_variance=0.01 redchi=1.440 
W-S-Z+/W-S-Z+_2010-03-12/table_zps_runs.txt:### best-fit ZP values ### PPRUN: W-S-Z+_2010-03-12
W-S-Z+/W-S-Z+_2010-03-12/table_zps_runs.txt:          __sample_size-is-all__calc_illum-is-True__sample-is-sdss__try_linear-is-True : ROT=1: redchisq=0.012 
W-S-Z+/W-S-Z+_2010-03-12/table_zps_runs.txt:          __sample_size-is-all__calc_illum-is-True__sample-is-sdss__try_linear-is-True : ROT=1: variance=0.12 weight_variance=0.05 redchi=1.152

## sort_results says W-S-Z+_2010-03-12 needs help
sort_results| help_list= {'W-S-Z+_2010-03-12': {'status': 'help', 'bootstrap_good': 'no input measurements', 'PPRUN': 'W-S-Z+_2010-03-12', 'primary_catalog': '/nfs/slac/g/ki/ki18/anja/SUBARU/MACS1115+01/PHOTOMETRY/ILLUMINATION/catalog_W-S-Z+_2009-04-29.cat', 'primary': 'W-S-Z+_2009-04-29', 'EXPTIME': '220.0', 'FILTER': 'W-S-Z+', 'catalog': '/nfs/slac/g/ki/ki18/anja/SUBARU/MACS1115+01/PHOTOMETRY/ILLUMINATION/catalog_W-S-Z+_2010-03-12.cat', 'OBJNAME': 'MACS1115+01', 'secondary_catalog': '/nfs/slac/g/ki/ki18/anja/SUBARU/MACS1115+01/PHOTOMETRY/ILLUMINATION/catalog_W-C-RC_2010-03-12.cat', 'todo': 'bootstrap', 'FILTER_NUM': 5, 'secondary': 'W-C-RC_2010-03-12'}}
sort_results| g= W-J-B_2009-04-29  good_list[g]= {'status': 'good', 'bootstrap_good': 'no input measurements', 'PPRUN': 'W-J-B_2009-04-29', 'primary': None, 'EXPTIME': '480.0', 'FILTER': 'W-J-B', 'catalog': '/nfs/slac/g/ki/ki18/anja/SUBARU/MACS1115+01/PHOTOMETRY/ILLUMINATION/catalog_W-J-B_2009-04-29.cat', 'OBJNAME': 'MACS1115+01', 'file': '//nfs/slac/g/ki/ki18/anja/SUBARU/MACS1115+01//W-J-B/SCIENCE/SUPA0109617_10OCF.fits', 'todo': 'good', 'FILTER_NUM': 1, 'secondary': None}
sort_results| g= W-J-B_2010-03-12  good_list[g]= {'status': 'good', 'bootstrap_good': 'no input measurements', 'PPRUN': 'W-J-B_2010-03-12', 'primary': None, 'EXPTIME': '480.0', 'FILTER': 'W-J-B', 'catalog': '/nfs/slac/g/ki/ki18/anja/SUBARU/MACS1115+01/PHOTOMETRY/ILLUMINATION/catalog_W-J-B_2010-03-12.cat', 'OBJNAME': 'MACS1115+01', 'file': '//nfs/slac/g/ki/ki18/anja/SUBARU/MACS1115+01//W-J-B/SCIENCE/SUPA0120015_10OCF.fits', 'todo': 'good', 'FILTER_NUM': 1, 'secondary': None}
sort_results| g= W-C-RC_2010-03-12  good_list[g]= {'status': 'good', 'bootstrap_good': 'no input measurements', 'PPRUN': 'W-C-RC_2010-03-12', 'primary': None, 'EXPTIME': '240.0', 'FILTER': 'W-C-RC', 'catalog': '/nfs/slac/g/ki/ki18/anja/SUBARU/MACS1115+01/PHOTOMETRY/ILLUMINATION/catalog_W-C-RC_2010-03-12.cat', 'OBJNAME': 'MACS1115+01', 'file': '//nfs/slac/g/ki/ki18/anja/SUBARU/MACS1115+01//W-C-RC/SCIENCE/SUPA0120144_10OCFS.fits', 'todo': 'good', 'FILTER_NUM': 3, 'secondary': None}
sort_results| g= W-S-Z+_2009-04-29  good_list[g]= {'status': 'good', 'bootstrap_good': 'no input measurements', 'PPRUN': 'W-S-Z+_2009-04-29', 'primary': None, 'EXPTIME': '220.0', 'FILTER': 'W-S-Z+', 'catalog': '/nfs/slac/g/ki/ki18/anja/SUBARU/MACS1115+01/PHOTOMETRY/ILLUMINATION/catalog_W-S-Z+_2009-04-29.cat', 'OBJNAME': 'MACS1115+01', 'file': '//nfs/slac/g/ki/ki18/anja/SUBARU/MACS1115+01//W-S-Z+/SCIENCE/SUPA0109600_10OCFSF.fits', 'todo': 'good', 'FILTER_NUM': 5, 'secondary': None}
sort_results| h= W-S-Z+_2010-03-12  help_list[h]= {'status': 'help', 'bootstrap_good': 'no input measurements', 'PPRUN': 'W-S-Z+_2010-03-12', 'primary_catalog': '/nfs/slac/g/ki/ki18/anja/SUBARU/MACS1115+01/PHOTOMETRY/ILLUMINATION/catalog_W-S-Z+_2009-04-29.cat', 'primary': 'W-S-Z+_2009-04-29', 'EXPTIME': '220.0', 'FILTER': 'W-S-Z+', 'catalog': '/nfs/slac/g/ki/ki18/anja/SUBARU/MACS1115+01/PHOTOMETRY/ILLUMINATION/catalog_W-S-Z+_2010-03-12.cat', 'OBJNAME': 'MACS1115+01', 'secondary_catalog': '/nfs/slac/g/ki/ki18/anja/SUBARU/MACS1115+01/PHOTOMETRY/ILLUMINATION/catalog_W-C-RC_2010-03-12.cat', 'todo': 'bootstrap', 'FILTER_NUM': 5, 'secondary': 'W-C-RC_2010-03-12'}
