#!/bin/bash
set -xv

export cluster='MACS1115+01'
export SUBARUDIR=/nfs/slac/g/ki/ki18/anja/SUBARU/ ; export INSTRUMENT=SUBARU
#mkdir /nfs/slac/kipac/fs1/u/awright/batch_files/coadd_MACS1115+01/

export filter=W-J-B
./adam_pre_coadd_cleanup.sh
bsub -q long -W 7000 -R rhel60 -o /nfs/slac/kipac/fs1/u/awright/batch_files/coadd_MACS1115+01//OUT-2017-09-29-do_coadd_batch_${filter}.out  -e /nfs/slac/kipac/fs1/u/awright/batch_files/coadd_MACS1115+01//OUT-2017-09-29-do_coadd_batch_${filter}.err "./do_coadd_batch.sh MACS1115+01 W-J-B 'all ' 'none' OCFI"

export filter=W-S-Z+
./adam_pre_coadd_cleanup.sh
bsub -q long -W 7000 -R rhel60 -o /nfs/slac/kipac/fs1/u/awright/batch_files/coadd_MACS1115+01//OUT-2017-09-29-do_coadd_batch_${filter}.out  -e /nfs/slac/kipac/fs1/u/awright/batch_files/coadd_MACS1115+01//OUT-2017-09-29-do_coadd_batch_${filter}.err "./do_coadd_batch.sh MACS1115+01 W-S-Z+ 'all ' 'none' OCFSFI"

export filter=W-J-V
./adam_pre_coadd_cleanup.sh
bsub -q long -W 7000 -R rhel60 -o /nfs/slac/kipac/fs1/u/awright/batch_files/coadd_MACS1115+01//OUT-2017-09-29-do_coadd_batch_${filter}.out  -e /nfs/slac/kipac/fs1/u/awright/batch_files/coadd_MACS1115+01//OUT-2017-09-29-do_coadd_batch_${filter}.err "./do_coadd_batch.sh MACS1115+01 W-J-V 'all exposure good' 'none' OCFSI"

export filter='W-C-IC'
./adam_pre_coadd_cleanup.sh
bsub -q long -W 7000 -R rhel60 -o /nfs/slac/kipac/fs1/u/awright/batch_files/coadd_MACS1115+01//OUT-2017-09-29-do_coadd_batch_${filter}.out  -e /nfs/slac/kipac/fs1/u/awright/batch_files/coadd_MACS1115+01//OUT-2017-09-29-do_coadd_batch_${filter}.err "./do_coadd_batch.sh MACS1115+01 W-C-IC 'all ' 'none' OCFSI"

export filter='W-C-RC'
./adam_pre_coadd_cleanup.sh
bsub -q long -W 7000 -R rhel60 -o /nfs/slac/kipac/fs1/u/awright/batch_files/coadd_MACS1115+01//OUT-2017-09-29-do_coadd_batch_${filter}.out  -e /nfs/slac/kipac/fs1/u/awright/batch_files/coadd_MACS1115+01//OUT-2017-09-29-do_coadd_batch_${filter}.err "./do_coadd_batch.sh MACS1115+01 W-C-RC 'all exposure good gabodsid rot' 'none' OCFSRI"

wait 700
export cluster='MACS0416-24'
export filter='W-C-RC'
./adam_pre_coadd_cleanup.sh
bsub -q long -W 7000 -R rhel60 -o /nfs/slac/kipac/fs1/u/awright/batch_files/coadd_MACS0416-24//OUT-2017-09-29-do_coadd_batch_${filter}.out -e /nfs/slac/kipac/fs1/u/awright/batch_files/coadd_MACS0416-24//OUT-2017-09-29-do_coadd_batch_${filter}.err "./do_coadd_batch.sh MACS0416-24 ${filter} 'all exposure good ' 'none' OCFR  "

export filter='W-S-Z+'
./adam_pre_coadd_cleanup.sh 
bsub -q long -W 7000 -R rhel60 -o /nfs/slac/kipac/fs1/u/awright/batch_files/coadd_MACS0416-24//OUT-2017-09-29-do_coadd_batch_${filter}.out -e /nfs/slac/kipac/fs1/u/awright/batch_files/coadd_MACS0416-24//OUT-2017-09-29-do_coadd_batch_${filter}.err "./do_coadd_batch.sh MACS0416-24 ${filter} 'all ' 'none' OCF  "

export filter='W-J-B'
./adam_pre_coadd_cleanup.sh
bsub -q long -W 7000 -R rhel60 -o /nfs/slac/kipac/fs1/u/awright/batch_files/coadd_MACS0416-24//OUT-2017-09-29-do_coadd_batch_${filter}.out -e /nfs/slac/kipac/fs1/u/awright/batch_files/coadd_MACS0416-24//OUT-2017-09-29-do_coadd_batch_${filter}.err "./do_coadd_batch.sh MACS0416-24 ${filter} 'all ' 'none' OCF  "
