SPTJ0000-5748
MACSJ0011.7-1523
MACSJ0150.3-1005
MACSJ0159.8-0849
MACSJ0242.5-2132
A478
MACSJ0429.6-0253
RXJ0439.0+0520
CIZAJ0747.5-1917
Z2089
MACSJ0913.7+4056
MACSJ0947.2+7623
Z2701
RXJ1023.8-2715
MACSJ1115.8+0129
MACSJ1347.5-1144
MACSJ1359.1-1929
A1835
3C295
MACSJ1423.8+2404
MACSJ1427.2+4407
MACSJ1427.6-2521
RXJ1459.4-1811
RXJ1504.1-0248
A2029
RXJ1524.2-3154
MACSJ1532.8+3021
MACSJ1621.3+3810
A2204
MACSJ1720.2+3536
MACSJ1931.8-2634
SPTJ2043-5035
MACSJ2046.0-3430
RXJ2129.6+0005
MACSJ2140.2-2339
MACSJ2229.7-2755
SPTJ2331-5051
SPTJ2344-4242
3C186
CLJ1415
SPTJ0549-62
MACSJ1447.4+0827
