DONE postH_preprocess_template-step9.sh
 adam_fgas_postH-do_Subaru_preprocess.sh
 postH_preprocess_writer.sh
 adam_fgas_preH-do_Subaru_preprocess.sh
 postH_preprocess_template.sh
 postH_preprocess_template-superflats.sh

for pprun in `cat MACS1115+01_ppruns.txt` 
do
  sed "s/CHANGEIT/${pprun}/g" postH_preprocess_template.sh > postH_${pprun}_preprocess-start_weights.sh 
  chmod u+x postH_${pprun}_preprocess-start_weights.sh 
  echo "./postH_${pprun}_preprocess-start_weights.sh 2>&1 | tee -a OUT-postH_${pprun}_preprocess_template-start_weights.log" 
  rm OUT-postH_${pprun}_preprocess_template-start_weights.log
done

for pprun in 2009-03-28_W-S-I+ 2009-09-19_W-J-V 2010-11-04_W-J-B 2010-11-04_W-S-Z+ 2012-07-23_W-C-RC 2013-06-10_W-S-Z+ 2010-03-12_W-J-V 2010-03-12_W-S-I+ 2010-12-05_W-J-V 2015-12-15_W-J-B 2015-12-15_W-C-RC 2015-12-15_W-S-Z+
do
	\ls ~/data/${pprun}/superflat_exclusion
done


2009-03-28_W-S-I+   70  OCFS 	/u/ki/awright/data/2009-03-28_W-S-I+/superflat_exclusion
2009-09-19_W-J-V    70  OCF 	/u/ki/awright/data/2009-09-19_W-J-V/superflat_exclusion
2010-11-04_W-J-B    NAN OCF 	ls: cannot access /u/ki/awright/data/2010-11-04_W-J-B/superflat_exclusion: No such file or directory
2010-11-04_W-S-Z+   260 OCFSF	/u/ki/awright/data/2010-11-04_W-S-Z+/superflat_exclusion
2012-07-23_W-C-RC   NAN OCF	ls: cannot access /u/ki/awright/data/2012-07-23_W-C-RC/superflat_exclusion: No such file or directory
2013-06-10_W-S-Z+   80  OCFSF	/u/ki/awright/data/2013-06-10_W-S-Z+/superflat_exclusion
2010-12-05_W-J-V    80  OCFS	/u/ki/awright/data/2010-12-05_W-J-V/superflat_exclusion
2015-12-15_W-J-B    289 OCF     /u/ki/awright/data/2015-12-15_W-J-B/superflat_exclusion
2015-12-15_W-C-RC   130 OCF     /u/ki/awright/data/2015-12-15_W-C-RC/superflat_exclusion

## it the case that for these V-band images I won't have a superflat
2010-03-12_W-J-V    NAN (?)	ls: cannot access /u/ki/awright/data/2010-03-12_W-J-V/superflat_exclusion: No such file or directory
2007-02-13_W-J-V    NAN (?) 	ls: cannot access 

## for the following it's unclear in one way or another:
it seems likely that for the Z and I band ones I'll have a superflat, but I'm not sure how reliable the present superflat_exclusion files are
for 2015-12-15_W-S-Z+ I'll have to exclude all 30s images and all of the MACS0159 images, but it's unclear if the result is going to work, so I might have to get a little more creative and use one of the SET23456789 techniques
also, were these made before the new superflat techniques?
2010-03-12_W-S-I+   200 (?)	/u/ki/awright/data/2010-03-12_W-S-I+/superflat_exclusion
2015-12-15_W-S-Z+   205 OCFSF   /u/ki/awright/data/2015-12-15_W-S-Z+/superflat_exclusion
2007-02-13_W-S-I+   150 (?)	



for pprun in 2009-03-28_W-S-I+ 2010-11-04_W-S-Z+ 2013-06-10_W-S-Z+ 2010-12-05_W-J-V
do
  sed "s/CHANGEIT/${pprun}/g" postH_preprocess_template-superflats.sh > postH_${pprun}_preprocess-superflats.sh 
  chmod u+x postH_${pprun}_preprocess-superflats.sh 
  echo "./postH_${pprun}_preprocess-adjust.sh 2>&1 | tee -a OUT-postH_${pprun}_preprocess_template-adjust.log" 
done
