filename                                         mode      lquartile  median    uquartile  mean      sigma   goodpix  goodpix%
W-J-V_2007-02-13
W-J-V_2007-02-13/SCIENCE/SUPA0051473_8OCF.fits	2212.47	2189.93	2213.51	2238.48	2121.17	 34.55	8160000	100.00
W-J-V_2007-02-13/SCIENCE/SUPA0051474_8OCF.fits	2210.71	2188.01	2211.55	2236.29	2132.21	 34.36	8160000	100.00
W-J-V_2007-02-13/SCIENCE/SUPA0051475_8OCF.fits	2209.16	2185.92	2210.16	2234.13	2134.18	 35.60	8160000	100.00
W-J-V_2007-02-13/SCIENCE/SUPA0051476_8OCF.fits	2177.97	2155.23	2179.35	2203.61	2119.62	 34.86	8160000	100.00
W-J-V_2007-02-13/SCIENCE/SUPA0051477_8OCF.fits	2170.78	2148.54	2171.68	2196.45	2111.40	 34.10	8160000	100.00
W-J-V_2010-03-12
W-J-V_2010-03-12/SCIENCE/SUPA0119554_8OCF.fits	2132.02	2111.56	2132.19	2153.48	2068.38	 30.58	8369912	 99.99
W-J-V_2010-03-12/SCIENCE/SUPA0119555_8OCF.fits	2080.06	2059.76	2080.64	2100.35	2055.13	 30.69	8369914	 99.99
W-J-V_2010-03-12/SCIENCE/SUPA0119556_8OCF.fits	1933.67	1914.32	1933.65	1953.49	2025.93	 28.92	8370432	100.00
W-J-V_2010-03-12/SCIENCE/SUPA0119557_8OCF.fits	1781.07	1763.29	1781.83	1800.63	1905.32	 27.24	8363914	 99.92
W-J-V_2010-03-12/SCIENCE/SUPA0119558_8OCF.fits	1699.29	1681.81	1700.17	1719.46	1806.71	 26.79	8362778	 99.91
W-J-V_2010-03-12/SCIENCE/SUPA0119559_8OCF.fits	1722.33	1704.10	1723.07	1742.38	1813.21	 27.58	8363978	 99.92
W-J-V_2010-03-12/SCIENCE/SUPA0119560_8OCF.fits	1741.96	1723.78	1742.54	1762.45	1828.44	 27.52	8363827	 99.92
W-J-V_2010-03-12/SCIENCE/SUPA0119561_8OCF.fits	1725.45	1707.41	1726.31	1745.29	1815.68	 27.64	8361818	 99.90
W-J-V_2010-03-12/SCIENCE/SUPA0119562_8OCF.fits	1736.60	1718.91	1737.37	1757.02	1822.79	 26.78	8361794	 99.90
W-J-V_2010-12-05
W-J-V_2010-12-05/SCIENCE/SUPA0127026_8OCF.fits	1780.62	1763.58	1781.81	1799.82	1891.67	 26.44	8366085	 99.95
W-J-V_2010-12-05/SCIENCE/SUPA0127027_8OCF.fits	1746.30	1729.93	1747.33	1766.14	1831.22	 25.45	8359665	 99.87
W-J-V_2010-12-05/SCIENCE/SUPA0127028_8OCF.fits	1726.61	1709.42	1727.34	1745.53	1819.69	 26.01	8359824	 99.87
W-J-V_2010-12-05/SCIENCE/SUPA0127029_8OCF.fits	1707.93	1690.86	1708.82	1727.16	1813.06	 26.16	8360185	 99.88
W-J-V_2010-12-05/SCIENCE/SUPA0127030_8OCF.fits	1702.95	1685.71	1704.14	1722.37	1810.87	 26.74	8360710	 99.88
W-J-V_2010-12-05/SCIENCE/SUPA0127031_8OCF.fits	1682.74	1665.79	1683.65	1702.77	1800.34	 25.99	8362199	 99.90
W-J-V_2010-12-05/SCIENCE/SUPA0127032_8OCF.fits	1689.15	1672.04	1690.14	1709.39	1802.17	 26.25	8361841	 99.90
W-S-I+_2007-02-13
W-S-I+_2007-02-13/SCIENCE/SUPA0051503_8OCF.fits	11297.69	11245.37	11301.37	11359.56	10864.08	 81.26	8160000	100.00
W-S-I+_2007-02-13/SCIENCE/SUPA0051504_8OCF.fits	11237.40	11186.18	11242.00	11300.95	10798.19	 80.65	8160000	100.00
W-S-I+_2007-02-13/SCIENCE/SUPA0051505_8OCF.fits	10739.06	10687.95	10742.90	10802.49	10606.57	 79.47	8160000	100.00
W-S-I+_2007-02-13/SCIENCE/SUPA0051506_8OCF.fits	10377.86	10326.64	10380.66	10438.41	10475.55	 78.55	8160000	100.00
W-S-I+_2007-02-13/SCIENCE/SUPA0051610_8OCF.fits	11711.72	11656.56	11715.03	11775.39	11004.85	 85.62	8160000	100.00
W-S-I+_2007-02-13/SCIENCE/SUPA0051611_8OCF.fits	11306.19	11252.25	11309.57	11371.52	10899.80	 83.82	8159999	100.00
W-S-I+_2007-02-13/SCIENCE/SUPA0051612_8OCF.fits	11073.42	11020.18	11077.25	11136.38	10673.51	 82.69	8159991	100.00
W-S-I+_2007-02-13/SCIENCE/SUPA0051613_8OCF.fits	11276.00	11222.02	11280.18	11342.97	10856.78	 85.00	8160000	100.00
W-S-I+_2009-03-28
W-S-I+_2009-03-28/SCIENCE/SUPA0108251_8OCF.fits	10337.58	10293.58	10339.77	10388.38	10361.43	 68.30	8352501	 99.79
W-S-I+_2009-03-28/SCIENCE/SUPA0108252_8OCF.fits	9525.33	9483.51	9527.88	9573.59	8887.05	 64.11	8351212	 99.77
W-S-I+_2009-03-28/SCIENCE/SUPA0108253_8OCF.fits	9282.71	9238.89	9284.74	9330.92	8820.85	 67.13	8350338	 99.76
W-S-I+_2009-03-28/SCIENCE/SUPA0108254_8OCF.fits	9225.56	9184.15	9228.24	9274.53	8731.53	 64.32	8349486	 99.75
W-S-I+_2009-03-28/SCIENCE/SUPA0108255_8OCF.fits	9366.94	9326.01	9368.52	9414.19	8861.50	 62.75	8351439	 99.77
W-S-I+_2009-03-28/SCIENCE/SUPA0108256_8OCF.fits	9233.47	9191.82	9235.96	9281.55	8741.43	 63.86	8352760	 99.79
W-S-I+_2009-03-28/SCIENCE/SUPA0108257_8OCF.fits	9134.81	9093.85	9136.69	9183.25	8524.24	 62.83	8352716	 99.79
W-S-I+_2009-03-28/SCIENCE/SUPA0108258_8OCF.fits	9239.57	9198.76	9242.15	9286.68	8755.15	 63.35	8353811	 99.80
W-S-I+_2009-03-28/SCIENCE/SUPA0108259_8OCF.fits	9265.23	9223.15	9267.84	9313.80	8798.68	 64.51	8353686	 99.80
W-S-I+_2009-03-28/SCIENCE/SUPA0108260_8OCF.fits	9352.98	9310.28	9355.09	9403.47	8853.01	 65.49	8356636	 99.84
W-S-I+_2009-03-28/SCIENCE/SUPA0108261_8OCF.fits	9473.36	9429.92	9474.34	9521.17	8866.18	 65.75	8360046	 99.88
W-S-I+_2009-03-28/SCIENCE/SUPA0108416_8OCF.fits	12936.13	12883.00	12939.23	12996.00	13835.34	 81.42	8349966	 99.76
W-S-I+_2009-03-28/SCIENCE/SUPA0108417_8OCF.fits	11649.03	11600.22	11651.99	11706.73	10874.20	 75.80	8346575	 99.71
W-S-I+_2009-03-28/SCIENCE/SUPA0108421_8OCF.fits	10908.84	10861.80	10911.46	10963.13	10535.49	 73.01	8348715	 99.74
W-S-I+_2009-03-28/SCIENCE/SUPA0108422_8OCF.fits	11492.29	11443.35	11494.17	11546.15	10840.85	 74.98	8356280	 99.83
W-S-I+_2009-03-28/SCIENCE/SUPA0108423_8OCF.fits	11345.69	11296.69	11347.60	11400.92	10811.53	 75.10	8355726	 99.82
W-S-I+_2009-03-28/SCIENCE/SUPA0108424_8OCF.fits	10941.21	10892.24	10943.66	10995.10	10532.35	 75.03	8354292	 99.81
W-S-I+_2009-03-28/SCIENCE/SUPA0108425_8OCF.fits	10756.22	10709.07	10758.25	10810.66	10480.50	 72.29	8352783	 99.79
W-S-I+_2009-03-28/SCIENCE/SUPA0108426_8OCF.fits	10075.62	10029.44	10078.09	10130.23	9102.56	 70.83	8350085	 99.76
W-S-I+_2009-03-28/SCIENCE/SUPA0108427_8OCF.fits	9982.27	9936.09	9985.40	10036.87	9042.87	 71.72	8350986	 99.77
W-S-I+_2009-03-28/SCIENCE/SUPA0108428_8OCF.fits	10110.85	10064.13	10113.56	10164.78	9189.62	 71.63	8348323	 99.74
Zw2089_background_stats.log3
