W-J-V_2007-02-13
FILE                 	OBJECT          FILTER            	EXPTIME	
SUPA0051473_8OCF.fits	Zw2089           W-J-V             	240.00 	
SUPA0051474_8OCF.fits	Zw2089           W-J-V             	240.00 	
SUPA0051475_8OCF.fits	Zw2089           W-J-V             	240.00 	
SUPA0051476_8OCF.fits	Zw2089           W-J-V             	240.00 	
SUPA0051477_8OCF.fits	Zw2089           W-J-V             	240.00 	
W-J-V_2010-03-12
FILE                 	OBJECT          FILTER            	EXPTIME	
SUPA0119554_8OCF.fits	Zw2089   	W-J-V             	240.00 	
SUPA0119555_8OCF.fits	Zw2089   	W-J-V             	240.00 	
SUPA0119557_8OCF.fits	Zw2089   	W-J-V             	240.00 	
SUPA0119558_8OCF.fits	Zw2089   	W-J-V             	240.00 	
SUPA0119559_8OCF.fits	Zw2089   	W-J-V             	240.00 	
SUPA0119560_8OCF.fits	Zw2089   	W-J-V             	240.00 	
SUPA0119561_8OCF.fits	Zw2089   	W-J-V             	240.00 	
SUPA0119562_8OCF.fits	Zw2089   	W-J-V             	240.00 	
W-J-V_2010-12-05
FILE                 	OBJECT          FILTER            	EXPTIME	
SUPA0127026_8OCF.fits	Zw2089   	W-J-V             	240.00 	
SUPA0127027_8OCF.fits	Zw2089   	W-J-V             	240.00 	
SUPA0127028_8OCF.fits	Zw2089   	W-J-V             	240.00 	
SUPA0127029_8OCF.fits	Zw2089   	W-J-V             	240.00 	
SUPA0127030_8OCF.fits	Zw2089   	W-J-V             	240.00 	
SUPA0127031_8OCF.fits	Zw2089   	W-J-V             	240.00 	
SUPA0127032_8OCF.fits	Zw2089   	W-J-V             	240.00 	
W-S-I+_2007-02-13
FILE                 	OBJECT         	FILTER            	EXPTIME	
SUPA0051503_8OCF.fits	Z2089           W-S-I+            	300.00 	
SUPA0051504_8OCF.fits	Z2089           W-S-I+            	300.00 	
SUPA0051505_8OCF.fits	Z2089           W-S-I+            	300.00 	
SUPA0051506_8OCF.fits	Z2089           W-S-I+            	300.00 	
SUPA0051610_8OCF.fits	Z2089           W-S-I+            	300.00 	
SUPA0051611_8OCF.fits	Z2089           W-S-I+            	300.00 	
SUPA0051612_8OCF.fits	Z2089           W-S-I+            	300.00 	
*SUPA0051613_8OCF.fits	Z2089           W-S-I+            	300.00 	
W-S-I+_2009-03-28
FILE                 	OBJECT         	FILTER            	EXPTIME	
SUPA0108251_8OCF.fits	Zw2089   	W-S-I+            	240.00 	
SUPA0108252_8OCF.fits	Zw2089   	W-S-I+            	240.00 	
SUPA0108253_8OCF.fits	Zw2089   	W-S-I+            	240.00 	
SUPA0108254_8OCF.fits	Zw2089   	W-S-I+            	240.00 	
SUPA0108255_8OCF.fits	Zw2089   	W-S-I+            	240.00 	
SUPA0108256_8OCF.fits	Zw2089   	W-S-I+            	240.00 	
SUPA0108257_8OCF.fits	Zw2089   	W-S-I+            	240.00 	
SUPA0108258_8OCF.fits	Zw2089   	W-S-I+            	240.00 	
SUPA0108259_8OCF.fits	Zw2089   	W-S-I+            	240.00 	
SUPA0108260_8OCF.fits	Zw2089   	W-S-I+            	240.00 	
SUPA0108261_8OCF.fits	Zw2089   	W-S-I+            	240.00 	
SUPA0108416_8OCF.fits	Zw2089   	W-S-I+            	240.00 	
SUPA0108417_8OCF.fits	Zw2089   	W-S-I+            	240.00 	
SUPA0108421_8OCF.fits	Zw2089   	W-S-I+            	240.00 	
SUPA0108422_8OCF.fits	Zw2089   	W-S-I+            	240.00 	
SUPA0108423_8OCF.fits	Zw2089   	W-S-I+            	240.00 	
SUPA0108424_8OCF.fits	Zw2089   	W-S-I+            	240.00 	
SUPA0108425_8OCF.fits	Zw2089   	W-S-I+            	240.00 	
SUPA0108426_8OCF.fits	Zw2089   	W-S-I+            	240.00 	
SUPA0108427_8OCF.fits	Zw2089   	W-S-I+            	240.00 	
SUPA0108428_8OC.Ffits	Zw2089   	W-S-I+            	240.00 	
