37:def sextract(SUPA,FLAT_TYPE):
307:def length_swarp(SUPA,FLAT_TYPE,CHIPS):
391:def analyze(SUPA,FLAT_TYPE,params={}):
433:def get_astrom_run_sextract():
516:def perform_fit():
528:def gather_exposures(OBJNAME,filters=None):
633:def initialize(filter,OBJNAME):
653:def save_exposure(dict,SUPA=None,FLAT_TYPE=None):
744:def connect_except():
768:def get_files(SUPA,FLAT_TYPE=None):    
810:def combine_cats(cats,outfile,search_params):
871:def paste_cats(cats,outfile): #cats,outfile,search_params):
932:def find_seeing(SUPA,FLAT_TYPE):     
1016:def calc_seeing(file,PIXSCALE):
1058:def fix_radec(SUPA,FLAT_TYPE):
1357:def test_1226():
1364:def match_OBJNAME(OBJNAME=None,FILTER=None,PPRUN=None,todo=None):
1759:def describe_db(c,db=['illumination_db']):
1772:def save_fit(dict,OBJNAME=None,FILTER=None,PPRUN=None,db=test + 'fit_db'):
1888:def sdss_coverage(SUPA,FLAT_TYPE):
1949:def match_many(list,color=False):
2008:def make_ssc_config_few(list):
2036:def getTableInfo():
2059:def find_config(GID):   
2073:def selectGoodStars(EXPS,match,LENGTH1,LENGTH2,CONFIG):
2302:def sort_supas(x,y):
2307:def starStats(supas):
2335:def linear_fit(OBJNAME,FILTER,PPRUN,run_these=None,match=None,CONFIG=None,primary=None,secondary=None):
3604:def calcDataIllum(file, LENGTH1, LENGTH2, data,magErr, X, Y, pth='/nfs/slac/g/ki/ki04/pkelly/plots/', rot=0, good=None, limits=[-0.4,0.4], ylab='SUBARU-SDSS'):
3851:def get_fits(OBJNAME,FILTER,PPRUN,sample, sample_size):    
