mv 2007-02-1[4-5]_W-S-I+/SCIENCE/ORIGINALS/*.fits 2007-02-13_W-S-I+/SCIENCE/ORIGINALS/
mv 2007-02-20_W-S-I+/DOMEFLAT/ 2007-02-13_W-S-I+
mv 2007-02-1[4-6]_BIAS/BIAS/ORIGINALS/*.fits 2007-02-13_BIAS/BIAS/ORIGINALS/
mv 2007-02-16_W-J-V/*FLAT/ 2007-02-13_W-J-V/

mv 2009-03-2[8-9]_BIAS/BIAS/ORIGINALS/*.fits 2009-03-27_BIAS/BIAS/ORIGINALS/
mv 2009-03-31_W-S-I+/SKYFLAT/ORIGINALS/*.fits 2009-03-28_W-S-I+/SKYFLAT/ORIGINALS/
mv 2009-03-29_W-S-I+/SKYFLAT/ORIGINALS/*.fits 2009-03-28_W-S-I+/SKYFLAT/ORIGINALS/
mv 2009-03-29_W-S-I+/SCIENCE/ORIGINALS/*.fits 2009-03-28_W-S-I+/SCIENCE/ORIGINALS/
mv 2009-03-27_BIAS/ 2009-03-28_BIAS/

## moved all of the old 2008-08-01_W-S-I+(BIAS) stuff from 1st round of processing A2744 to 2008-07-30_W-S-I+(BIAS) in order to distinguish it, but can go to old_2008-08-01_W-S-I+ & old_A2744 in order to get this stuff right.
mv 2008-08-01_W-S-I+/SCIENCE/ORIGINALS/*.fits 2008-07-30_W-S-I+/SCIENCE/ORIGINALS/
mv 2008-08-01_W-S-I+/DOMEFLAT/ORIGINALS/ 2008-07-30_W-S-I+/DOMEFLAT
mv 2008-08-01_W-S-I+/ old_2008-08-01_W-S-I+
mv 2008-08-01_BIAS/ 2008-07-30_BIAS
mv A2744/ old_A2744
mv 2008-08-2[0-8]_W-S-I+/SCIENCE/ORIGINALS/*.fits 2008-07-30_W-S-I+/SCIENCE/ORIGINALS/


##adam: now on to 201* stuff
mv 2010-03-1[3-6]_BIAS/BIAS/ORIGINALS/*.fits 2010-03-12_BIAS/BIAS/ORIGINALS/
mv 2010-03-15_W-J-V/SKYFLAT/ORIGINALS/*.fits 2010-03-12_W-J-V/SKYFLAT/ORIGINALS/
mv 2010-03-15_W-J-V/SCIENCE/ 2010-03-12_W-J-V/
mv 2010-03-14_W-J-V/SCIENCE/ORIGINALS/*.fits 2010-03-12_W-J-V/SCIENCE/ORIGINALS/
rm -r 2010-03-15_W-J-V/
rm -r 2010-03-14_W-J-V/
mv 2010-03-14_W-S-I+/ 2010-03-12_W-S-I+/


mv 2010-12-0[5-6]_BIAS/BIAS/ORIGINALS/*.fits 2010-12-04_BIAS/BIAS/ORIGINALS/
rm -r 2010-12-0[5-6]_BIAS/

mv 2010-11-08_W-J-V/SCIENCE/ORIGINALS/*.fits 2010-11-07_W-J-V/SCIENCE/ORIGINALS/
rm -r 2010-11-08_W-J-V/
mv 2010-12-04_BIAS 2010-12-05_BIAS
