FILE            	DOTHIS                                	TOTHIS        	
SUPA0138369.fits	SUPERFLAT_2013-02-06_W-C-RC           	Abell2744_2013	
SUPA0138370.fits	SUPERFLAT_2013-02-06_W-C-RC           	Abell2744_2013	
SUPA0138371.fits	SUPERFLAT_2013-02-06_W-C-RC           	Abell2744_2013	
SUPA0138372.fits	SUPERFLAT_2013-02-06_W-C-RC           	Abell2744_2013	
SUPA0138373.fits	SUPERFLAT_2013-02-06_W-C-RC           	Abell2744_2013	
SUPA0138374.fits	SUPERFLAT_2013-02-06_W-C-RC           	Abell2744_2013	
SUPA0138375.fits	SUPERFLAT_2013-02-06_W-C-RC           	Abell2744_2013	
SUPA0138376.fits	SUPERFLAT_2013-02-06_W-C-RC           	Abell2744_2013	
SUPA0138377.fits	SUPERFLAT_2013-02-06_W-C-RC           	Abell2744_2013	
SUPA0138378.fits	SUPERFLAT_2013-02-06_W-C-RC           	Abell2744_2013	
SUPA0138379.fits	SUPERFLAT_2013-02-06_W-C-RC           	Abell2744_2013	
SUPA0138380.fits	SUPERFLAT_2013-02-06_W-C-RC           	Abell2744_2013	
SUPA0138381.fits	SUPERFLAT_2013-02-06_W-C-RC           	Abell2744_2013	
SUPA0138382.fits	SUPERFLAT_2013-02-06_W-C-RC           	Abell2744_2013	
SUPA0138383.fits	SUPERFLAT_2013-02-06_W-C-RC           	Abell2744_2013	
SUPA0138384.fits	SUPERFLAT_2013-02-06_W-C-RC           	Abell2744_2013	
SUPA0138385.fits	SUPERFLAT_2013-02-06_W-C-RC           	Abell2744_2013	
SUPA0138386.fits	SUPERFLAT_2013-02-06_W-C-RC           	Abell2744_2013	
SUPA0138387.fits	SUPERFLAT_2013-02-06_W-C-RC           	Abell2744_2013	
SUPA0138388.fits	SUPERFLAT_2013-02-06_W-C-RC           	Abell2744_2013	
SUPA0138389.fits	SUPERFLAT_2013-02-06_W-C-RC           	Abell2744_2013	
SUPA0138390.fits	SUPERFLAT_2013-02-06_W-C-RC           	Abell2744_2013	
SUPA0138391.fits	SUPERFLAT_2013-02-06_W-C-RC           	Abell2744_2013	
SUPA0138392.fits	SUPERFLAT_2013-02-06_W-C-RC           	Abell2744_2013	
SUPA0138393.fits	SUPERFLAT_2013-02-06_W-C-RC           	Abell2744_2013	
SUPA0138394.fits	SUPERFLAT_2013-02-06_W-C-RC           	Abell2744_2013	
SUPA0138395.fits	SUPERFLAT_2013-02-06_W-C-RC           	Abell2744_2013	
SUPA0138396.fits	SUPERFLAT_2013-02-06_W-C-RC           	Abell2744_2013	
SUPA0138397.fits	SUPERFLAT_2013-02-06_W-C-RC           	Abell2744_2013	
SUPA0138398.fits	SUPERFLAT_2013-02-06_W-C-RC           	Abell2744_2013	
SUPA0138307.fits	SUPERFLAT_2013-02-06_2013-06-10_W-J-B 	Abell2744_2013	
SUPA0138308.fits	SUPERFLAT_2013-02-06_2013-06-10_W-J-B 	Abell2744_2013	
SUPA0138309.fits	SUPERFLAT_2013-02-06_2013-06-10_W-J-B 	Abell2744_2013	
SUPA0138310.fits	SUPERFLAT_2013-02-06_2013-06-10_W-J-B 	Abell2744_2013	
SUPA0138311.fits	SUPERFLAT_2013-02-06_2013-06-10_W-J-B 	Abell2744_2013	
SUPA0138312.fits	SUPERFLAT_2013-02-06_2013-06-10_W-J-B 	Abell2744_2013	
SUPA0138313.fits	SUPERFLAT_2013-02-06_2013-06-10_W-J-B 	Abell2744_2013	
SUPA0138314.fits	SUPERFLAT_2013-02-06_2013-06-10_W-J-B 	Abell2744_2013	
SUPA0138315.fits	SUPERFLAT_2013-02-06_2013-06-10_W-J-B 	Abell2744_2013	
SUPA0138316.fits	SUPERFLAT_2013-02-06_2013-06-10_W-J-B 	Abell2744_2013	
SUPA0138317.fits	SUPERFLAT_2013-02-06_2013-06-10_W-J-B 	Abell2744_2013	
SUPA0138318.fits	SUPERFLAT_2013-02-06_2013-06-10_W-J-B 	Abell2744_2013	
SUPA0138319.fits	SUPERFLAT_2013-02-06_2013-06-10_W-J-B 	Abell2744_2013	
SUPA0138320.fits	SUPERFLAT_2013-02-06_2013-06-10_W-J-B 	Abell2744_2013	
SUPA0138321.fits	SUPERFLAT_2013-02-06_2013-06-10_W-J-B 	Abell2744_2013	
SUPA0138322.fits	SUPERFLAT_2013-02-06_2013-06-10_W-J-B 	Abell2744_2013	
SUPA0138323.fits	SUPERFLAT_2013-02-06_2013-06-10_W-J-B 	Abell2744_2013	
SUPA0138324.fits	SUPERFLAT_2013-02-06_2013-06-10_W-J-B 	Abell2744_2013	
SUPA0138325.fits	SUPERFLAT_2013-02-06_2013-06-10_W-J-B 	Abell2744_2013	
SUPA0138326.fits	SUPERFLAT_2013-02-06_2013-06-10_W-J-B 	Abell2744_2013	
SUPA0138327.fits	SUPERFLAT_2013-02-06_2013-06-10_W-J-B 	Abell2744_2013	
SUPA0138328.fits	SUPERFLAT_2013-02-06_2013-06-10_W-J-B 	Abell2744_2013	
SUPA0138329.fits	SUPERFLAT_2013-02-06_2013-06-10_W-J-B 	Abell2744_2013	
SUPA0138330.fits	SUPERFLAT_2013-02-06_2013-06-10_W-J-B 	Abell2744_2013	
SUPA0138331.fits	SUPERFLAT_2013-02-06_2013-06-10_W-J-B 	Abell2744_2013	
SUPA0138332.fits	SUPERFLAT_2013-02-06_2013-06-10_W-J-B 	Abell2744_2013	
SUPA0138333.fits	SUPERFLAT_2013-02-06_2013-06-10_W-J-B 	Abell2744_2013	
SUPA0138334.fits	SUPERFLAT_2013-02-06_2013-06-10_W-J-B 	Abell2744_2013	
SUPA0138335.fits	SUPERFLAT_2013-02-06_2013-06-10_W-J-B 	Abell2744_2013	
SUPA0138336.fits	SUPERFLAT_2013-02-06_2013-06-10_W-J-B 	Abell2744_2013	
SUPA0139738.fits	SUPERFLAT_2013-06-09-2013-06-11_W-S-Z+	Abell2744_2013	
SUPA0139739.fits	SUPERFLAT_2013-06-09-2013-06-11_W-S-Z+	Abell2744_2013	
SUPA0139740.fits	SUPERFLAT_2013-06-09-2013-06-11_W-S-Z+	Abell2744_2013	
SUPA0139741.fits	SUPERFLAT_2013-06-09-2013-06-11_W-S-Z+	Abell2744_2013	
SUPA0139742.fits	SUPERFLAT_2013-06-09-2013-06-11_W-S-Z+	Abell2744_2013	
SUPA0139743.fits	SUPERFLAT_2013-06-09-2013-06-11_W-S-Z+	Abell2744_2013	
SUPA0139744.fits	SUPERFLAT_2013-06-09-2013-06-11_W-S-Z+	Abell2744_2013	
SUPA0139747.fits	SUPERFLAT_2013-06-09-2013-06-11_W-S-Z+	Abell2744_2013	
SUPA0139748.fits	SUPERFLAT_2013-06-09-2013-06-11_W-S-Z+	Abell2744_2013	
SUPA0139749.fits	SUPERFLAT_2013-06-09-2013-06-11_W-S-Z+	Abell2744_2013	
SUPA0139750.fits	SUPERFLAT_2013-06-09-2013-06-11_W-S-Z+	Abell2744_2013	
SUPA0139751.fits	SUPERFLAT_2013-06-09-2013-06-11_W-S-Z+	Abell2744_2013	
SUPA0139752.fits	SUPERFLAT_2013-06-09-2013-06-11_W-S-Z+	Abell2744_2013	
SUPA0139753.fits	SUPERFLAT_2013-06-09-2013-06-11_W-S-Z+	Abell2744_2013	
SUPA0139754.fits	SUPERFLAT_2013-06-09-2013-06-11_W-S-Z+	Abell2744_2013	
SUPA0139755.fits	SUPERFLAT_2013-06-09-2013-06-11_W-S-Z+	Abell2744_2013	
SUPA0139756.fits	SUPERFLAT_2013-06-09-2013-06-11_W-S-Z+	Abell2744_2013	
SUPA0139804.fits	SUPERFLAT_2013-06-09-2013-06-11_W-S-Z+	Abell2744_2013	
SUPA0139805.fits	SUPERFLAT_2013-06-09-2013-06-11_W-S-Z+	Abell2744_2013	
SUPA0139806.fits	SUPERFLAT_2013-06-09-2013-06-11_W-S-Z+	Abell2744_2013	
SUPA0139809.fits	SUPERFLAT_2013-06-09-2013-06-11_W-S-Z+	Abell2744_2013	
SUPA0139810.fits	SUPERFLAT_2013-06-09-2013-06-11_W-S-Z+	Abell2744_2013	
SUPA0139811.fits	SUPERFLAT_2013-06-09-2013-06-11_W-S-Z+	Abell2744_2013	
SUPA0139812.fits	SUPERFLAT_2013-06-09-2013-06-11_W-S-Z+	Abell2744_2013	
SUPA0139813.fits	SUPERFLAT_2013-06-09-2013-06-11_W-S-Z+	Abell2744_2013	
SUPA0139814.fits	SUPERFLAT_2013-06-09-2013-06-11_W-S-Z+	Abell2744_2013	
SUPA0139815.fits	SUPERFLAT_2013-06-09-2013-06-11_W-S-Z+	Abell2744_2013	
SUPA0139848.fits	SUPERFLAT_2013-06-09-2013-06-11_W-S-Z+	Abell2744_2013	
SUPA0139849.fits	SUPERFLAT_2013-06-09-2013-06-11_W-S-Z+	Abell2744_2013	
SUPA0139850.fits	SUPERFLAT_2013-06-09-2013-06-11_W-S-Z+	Abell2744_2013	
SUPA0139851.fits	SUPERFLAT_2013-06-09-2013-06-11_W-S-Z+	Abell2744_2013	
SUPA0139852.fits	SUPERFLAT_2013-06-09-2013-06-11_W-S-Z+	Abell2744_2013	
SUPA0139853.fits	SUPERFLAT_2013-06-09-2013-06-11_W-S-Z+	Abell2744_2013	
SUPA0139854.fits	SUPERFLAT_2013-06-09-2013-06-11_W-S-Z+	Abell2744_2013	
SUPA0139855.fits	SUPERFLAT_2013-06-09-2013-06-11_W-S-Z+	Abell2744_2013	
SUPA0139856.fits	SUPERFLAT_2013-06-09-2013-06-11_W-S-Z+	Abell2744_2013	
SUPA0139857.fits	SUPERFLAT_2013-06-09-2013-06-11_W-S-Z+	Abell2744_2013	
SUPA0140002.fits	SUPERFLAT_2013-06-09-2013-06-11_W-S-Z+	Abell2744_2013	
SUPA0140003.fits	SUPERFLAT_2013-06-09-2013-06-11_W-S-Z+	Abell2744_2013	
SUPA0140004.fits	SUPERFLAT_2013-06-09-2013-06-11_W-S-Z+	Abell2744_2013	
SUPA0140005.fits	SUPERFLAT_2013-06-09-2013-06-11_W-S-Z+	Abell2744_2013	
SUPA0140006.fits	SUPERFLAT_2013-06-09-2013-06-11_W-S-Z+	Abell2744_2013	
SUPA0140007.fits	SUPERFLAT_2013-06-09-2013-06-11_W-S-Z+	Abell2744_2013	
SUPA0139824.fits	SUPERFLAT_2013-06-10_W-C-RC           	Abell2744_2013	
SUPA0139825.fits	SUPERFLAT_2013-06-10_W-C-RC           	Abell2744_2013	
SUPA0139826.fits	SUPERFLAT_2013-06-10_W-C-RC           	Abell2744_2013	
SUPA0139827.fits	SUPERFLAT_2013-06-10_W-C-RC           	Abell2744_2013	
SUPA0139828.fits	SUPERFLAT_2013-06-10_W-C-RC           	Abell2744_2013	
SUPA0139829.fits	SUPERFLAT_2013-06-10_W-C-RC           	Abell2744_2013	
SUPA0139830.fits	SUPERFLAT_2013-06-10_W-C-RC           	Abell2744_2013	
SUPA0139831.fits	SUPERFLAT_2013-06-10_W-C-RC           	Abell2744_2013	
SUPA0139832.fits	SUPERFLAT_2013-06-10_W-C-RC           	Abell2744_2013	
SUPA0139833.fits	SUPERFLAT_2013-06-10_W-C-RC           	Abell2744_2013	
SUPA0139834.fits	SUPERFLAT_2013-06-10_W-C-RC           	Abell2744_2013	
SUPA0139835.fits	SUPERFLAT_2013-06-10_W-C-RC           	Abell2744_2013	
SUPA0139836.fits	SUPERFLAT_2013-06-10_W-C-RC           	Abell2744_2013	
SUPA0139837.fits	SUPERFLAT_2013-06-10_W-C-RC           	Abell2744_2013	
SUPA0139838.fits	SUPERFLAT_2013-06-10_W-C-RC           	Abell2744_2013	
SUPA0139839.fits	SUPERFLAT_2013-06-10_W-C-RC           	Abell2744_2013	
SUPA0139840.fits	SUPERFLAT_2013-06-10_W-C-RC           	Abell2744_2013	
SUPA0139841.fits	SUPERFLAT_2013-06-10_W-C-RC           	Abell2744_2013	
SUPA0139842.fits	SUPERFLAT_2013-06-10_W-C-RC           	Abell2744_2013	
SUPA0139843.fits	SUPERFLAT_2013-06-10_W-C-RC           	Abell2744_2013	
SUPA0139844.fits	SUPERFLAT_2013-06-10_W-C-RC           	Abell2744_2013	
SUPA0139845.fits	SUPERFLAT_2013-06-10_W-C-RC           	Abell2744_2013	
SUPA0139846.fits	SUPERFLAT_2013-06-10_W-C-RC           	Abell2744_2013	
SUPA0139817.fits	SUPERFLAT_2013-02-06_2013-06-10_W-J-B 	Abell2744_2013	
SUPA0139818.fits	SUPERFLAT_2013-02-06_2013-06-10_W-J-B 	Abell2744_2013	
SUPA0139819.fits	SUPERFLAT_2013-02-06_2013-06-10_W-J-B 	Abell2744_2013	
SUPA0139820.fits	SUPERFLAT_2013-02-06_2013-06-10_W-J-B 	Abell2744_2013	
SUPA0139821.fits	SUPERFLAT_2013-02-06_2013-06-10_W-J-B 	Abell2744_2013	
SUPA0139822.fits	SUPERFLAT_2013-02-06_2013-06-10_W-J-B 	Abell2744_2013	
SUPA0139858.fits	SUPERFLAT_2013-02-06_2013-06-10_W-J-B 	Abell2744_2013	
SUPA0139859.fits	SUPERFLAT_2013-02-06_2013-06-10_W-J-B 	Abell2744_2013	
SUPA0139860.fits	SUPERFLAT_2013-02-06_2013-06-10_W-J-B 	Abell2744_2013	
SUPA0139861.fits	SUPERFLAT_2013-02-06_2013-06-10_W-J-B 	Abell2744_2013	
SUPA0139862.fits	SUPERFLAT_2013-02-06_2013-06-10_W-J-B 	Abell2744_2013	
SUPA0139863.fits	SUPERFLAT_2013-02-06_2013-06-10_W-J-B 	Abell2744_2013	
SUPA0142073.fits	FLAT                                  	Abell2744_2013	
SUPA0142074.fits	FLAT                                  	Abell2744_2013	
SUPA0142075.fits	FLAT                                  	Abell2744_2013	
SUPA0142076.fits	FLAT                                  	Abell2744_2013	
SUPA0142077.fits	FLAT                                  	Abell2744_2013	
SUPA0142078.fits	FLAT                                  	Abell2744_2013	
SUPA0142040.fits	OBJECT                                	Abell2744_2013	
SUPA0142041.fits	OBJECT                                	Abell2744_2013	
SUPA0142042.fits	OBJECT                                	Abell2744_2013	
SUPA0142043.fits	OBJECT                                	Abell2744_2013	
SUPA0142044.fits	OBJECT                                	Abell2744_2013	
SUPA0142045.fits	OBJECT                                	Abell2744_2013	
SUPA0142046.fits	OBJECT                                	Abell2744_2013	
SUPA0142047.fits	OBJECT                                	Abell2744_2013	
SUPA0142048.fits	OBJECT                                	Abell2744_2013	
SUPA0142049.fits	OBJECT                                	Abell2744_2013	
SUPA0142050.fits	OBJECT                                	Abell2744_2013	
SUPA0142051.fits	OBJECT                                	Abell2744_2013	
SUPA0142052.fits	OBJECT                                	Abell2744_2013	
SUPA0142061.fits	FLAT                                  	Abell2744_2013	
SUPA0142062.fits	FLAT                                  	Abell2744_2013	
SUPA0142063.fits	FLAT                                  	Abell2744_2013	
SUPA0142064.fits	FLAT                                  	Abell2744_2013	
SUPA0142065.fits	FLAT                                  	Abell2744_2013	
SUPA0142066.fits	FLAT                                  	Abell2744_2013	
SUPA0142067.fits	FLAT                                  	Abell2744_2013	
SUPA0142068.fits	FLAT                                  	Abell2744_2013	
SUPA0142069.fits	FLAT                                  	Abell2744_2013	
SUPA0142070.fits	FLAT                                  	Abell2744_2013	
SUPA0142071.fits	FLAT                                  	Abell2744_2013	
SUPA0142072.fits	FLAT                                  	Abell2744_2013	
SUPA0142079.fits	FLAT                                  	Abell2744_2013	
SUPA0142080.fits	FLAT                                  	Abell2744_2013	
SUPA0142081.fits	FLAT                                  	Abell2744_2013	
SUPA0142082.fits	FLAT                                  	Abell2744_2013	
SUPA0142083.fits	FLAT                                  	Abell2744_2013	
SUPA0142023.fits	OBJECT                                	Abell2744_2013	
SUPA0142024.fits	OBJECT                                	Abell2744_2013	
SUPA0142025.fits	OBJECT                                	Abell2744_2013	
SUPA0142026.fits	OBJECT                                	Abell2744_2013	
SUPA0142027.fits	OBJECT                                	Abell2744_2013	
SUPA0142028.fits	OBJECT                                	Abell2744_2013	
SUPA0142029.fits	OBJECT                                	Abell2744_2013	
SUPA0142030.fits	OBJECT                                	Abell2744_2013	
SUPA0142031.fits	OBJECT                                	Abell2744_2013	
SUPA0142032.fits	OBJECT                                	Abell2744_2013	
SUPA0142033.fits	OBJECT                                	Abell2744_2013	
SUPA0142034.fits	OBJECT                                	Abell2744_2013	
SUPA0142035.fits	OBJECT                                	Abell2744_2013	
SUPA0142036.fits	OBJECT                                	Abell2744_2013	
SUPA0142037.fits	OBJECT                                	Abell2744_2013	
SUPA0142038.fits	OBJECT                                	Abell2744_2013	
SUPA0142197.fits	OBJECT                                	Abell2744_2013	
SUPA0142198.fits	OBJECT                                	Abell2744_2013	
SUPA0142199.fits	OBJECT                                	Abell2744_2013	
SUPA0142200.fits	OBJECT                                	Abell2744_2013	
SUPA0142201.fits	OBJECT                                	Abell2744_2013	
SUPA0142202.fits	OBJECT                                	Abell2744_2013	
SUPA0142203.fits	OBJECT                                	Abell2744_2013	
SUPA0142204.fits	OBJECT                                	Abell2744_2013	
SUPA0142096.fits	FLAT                                  	Abell2744_2013	
SUPA0142097.fits	FLAT                                  	Abell2744_2013	
SUPA0142098.fits	FLAT                                  	Abell2744_2013	
SUPA0142099.fits	FLAT                                  	Abell2744_2013	
SUPA0142100.fits	FLAT                                  	Abell2744_2013	
SUPA0142101.fits	FLAT                                  	Abell2744_2013	
SUPA0142102.fits	FLAT                                  	Abell2744_2013	
SUPA0142189.fits	OBJECT                                	Abell2744_2013	
SUPA0142190.fits	OBJECT                                	Abell2744_2013	
SUPA0142191.fits	OBJECT                                	Abell2744_2013	
SUPA0142192.fits	OBJECT                                	Abell2744_2013	
SUPA0142193.fits	OBJECT                                	Abell2744_2013	
SUPA0142194.fits	OBJECT                                	Abell2744_2013	
SUPA0142195.fits	OBJECT                                	Abell2744_2013	
SUPA0142214.fits	FLAT                                  	Abell2744_2013	
SUPA0142215.fits	FLAT                                  	Abell2744_2013	
SUPA0142216.fits	FLAT                                  	Abell2744_2013	
SUPA0142217.fits	FLAT                                  	Abell2744_2013	
SUPA0142218.fits	FLAT                                  	Abell2744_2013	
SUPA0142219.fits	FLAT                                  	Abell2744_2013	
SUPA0142220.fits	FLAT                                  	Abell2744_2013	
SUPA0142221.fits	FLAT                                  	Abell2744_2013	
SUPA0142222.fits	FLAT                                  	Abell2744_2013	
SUPA0142223.fits	FLAT                                  	Abell2744_2013	
SUPA0142224.fits	FLAT                                  	Abell2744_2013	
SUPA0142411.fits	SUPERFLAT_2013-11-29_W-J-B            	Abell2744_2013	
SUPA0142412.fits	SUPERFLAT_2013-11-29_W-J-B            	Abell2744_2013	
SUPA0142413.fits	SUPERFLAT_2013-11-29_W-J-B            	Abell2744_2013	
SUPA0142414.fits	SUPERFLAT_2013-11-29_W-J-B            	Abell2744_2013	
SUPA0142415.fits	SUPERFLAT_2013-11-29_W-J-B            	Abell2744_2013	
SUPA0142416.fits	SUPERFLAT_2013-11-29_W-J-B            	Abell2744_2013	
SUPA0142417.fits	SUPERFLAT_2013-11-29_W-J-B            	Abell2744_2013	
SUPA0142418.fits	SUPERFLAT_2013-11-29_W-J-B            	Abell2744_2013	
SUPA0142419.fits	SUPERFLAT_2013-11-29_W-J-B            	Abell2744_2013	
SUPA0142420.fits	SUPERFLAT_2013-11-29_W-J-B            	Abell2744_2013	
SUPA0142421.fits	SUPERFLAT_2013-11-29_W-J-B            	Abell2744_2013	
SUPA0142422.fits	SUPERFLAT_2013-11-29_W-J-B            	Abell2744_2013	
SUPA0142423.fits	SUPERFLAT_2013-11-29_W-J-B            	Abell2744_2013	
SUPA0142424.fits	SUPERFLAT_2013-11-29_W-J-B            	Abell2744_2013	
SUPA0142425.fits	SUPERFLAT_2013-11-29_W-J-B            	Abell2744_2013	
SUPA0142426.fits	SUPERFLAT_2013-11-29_W-J-B            	Abell2744_2013	
SUPA0142427.fits	SUPERFLAT_2013-11-29_W-J-B            	Abell2744_2013	
SUPA0142428.fits	SUPERFLAT_2013-11-29_W-J-B            	Abell2744_2013	
SUPA0142448.fits	SUPERFLAT_2013-11-29_W-J-B            	Abell2744_2013	
SUPA0142449.fits	SUPERFLAT_2013-11-29_W-J-B            	Abell2744_2013	
SUPA0142450.fits	SUPERFLAT_2013-11-29_W-J-B            	Abell2744_2013	
SUPA0142451.fits	SUPERFLAT_2013-11-29_W-J-B            	Abell2744_2013	
SUPA0142452.fits	SUPERFLAT_2013-11-29_W-J-B            	Abell2744_2013	
SUPA0142453.fits	SUPERFLAT_2013-11-29_W-J-B            	Abell2744_2013	
SUPA0142454.fits	SUPERFLAT_2013-11-29_W-J-B            	Abell2744_2013	
SUPA0142455.fits	SUPERFLAT_2013-11-29_W-J-B            	Abell2744_2013	
SUPA0142456.fits	SUPERFLAT_2013-11-29_W-J-B            	Abell2744_2013	
SUPA0142457.fits	SUPERFLAT_2013-11-29_W-J-B            	Abell2744_2013	
SUPA0142458.fits	SUPERFLAT_2013-11-29_W-J-B            	Abell2744_2013	
SUPA0142459.fits	SUPERFLAT_2013-11-29_W-J-B            	Abell2744_2013	
SUPA0142460.fits	SUPERFLAT_2013-11-29_W-J-B            	Abell2744_2013	
SUPA0142461.fits	SUPERFLAT_2013-11-29_W-J-B            	Abell2744_2013	
SUPA0142462.fits	SUPERFLAT_2013-11-29_W-J-B            	Abell2744_2013	
SUPA0142463.fits	SUPERFLAT_2013-11-29_W-J-B            	Abell2744_2013	
SUPA0142464.fits	SUPERFLAT_2013-11-29_W-J-B            	Abell2744_2013	
SUPA0142465.fits	SUPERFLAT_2013-11-29_W-J-B            	Abell2744_2013	
SUPA0142518.fits	SUPERFLAT_2013-11-29_W-J-B            	Abell2744_2013	
SUPA0142519.fits	SUPERFLAT_2013-11-29_W-J-B            	Abell2744_2013	
SUPA0142520.fits	SUPERFLAT_2013-11-29_W-J-B            	Abell2744_2013	
SUPA0142521.fits	SUPERFLAT_2013-11-29_W-J-B            	Abell2744_2013	
SUPA0142522.fits	SUPERFLAT_2013-11-29_W-J-B            	Abell2744_2013	
SUPA0142523.fits	SUPERFLAT_2013-11-29_W-J-B            	Abell2744_2013	
SUPA0142524.fits	SUPERFLAT_2013-11-29_W-J-B            	Abell2744_2013	
SUPA0142525.fits	SUPERFLAT_2013-11-29_W-J-B            	Abell2744_2013	
SUPA0142526.fits	SUPERFLAT_2013-11-29_W-J-B            	Abell2744_2013	
SUPA0142527.fits	SUPERFLAT_2013-11-29_W-J-B            	Abell2744_2013	
SUPA0142528.fits	SUPERFLAT_2013-11-29_W-J-B            	Abell2744_2013	
SUPA0142529.fits	SUPERFLAT_2013-11-29_W-J-B            	Abell2744_2013	
SUPA0142530.fits	SUPERFLAT_2013-11-29_W-J-B            	Abell2744_2013	
SUPA0142531.fits	SUPERFLAT_2013-11-29_W-J-B            	Abell2744_2013	
SUPA0142532.fits	SUPERFLAT_2013-11-29_W-J-B            	Abell2744_2013	
SUPA0142770.fits	SUPERFLAT_2013-12-01_W-C-RC           	Abell2744_2013	
SUPA0142771.fits	SUPERFLAT_2013-12-01_W-C-RC           	Abell2744_2013	
SUPA0142772.fits	SUPERFLAT_2013-12-01_W-C-RC           	Abell2744_2013	
SUPA0142773.fits	SUPERFLAT_2013-12-01_W-C-RC           	Abell2744_2013	
SUPA0142774.fits	SUPERFLAT_2013-12-01_W-C-RC           	Abell2744_2013	
SUPA0142775.fits	SUPERFLAT_2013-12-01_W-C-RC           	Abell2744_2013	
SUPA0142776.fits	SUPERFLAT_2013-12-01_W-C-RC           	Abell2744_2013	
SUPA0142777.fits	SUPERFLAT_2013-12-01_W-C-RC           	Abell2744_2013	
SUPA0142778.fits	SUPERFLAT_2013-12-01_W-C-RC           	Abell2744_2013	
SUPA0142779.fits	SUPERFLAT_2013-12-01_W-C-RC           	Abell2744_2013	
SUPA0142671.fits	SUPERFLAT_2013-12-01_W-S-Z+           	Abell2744_2013	
SUPA0142672.fits	SUPERFLAT_2013-12-01_W-S-Z+           	Abell2744_2013	
SUPA0142673.fits	SUPERFLAT_2013-12-01_W-S-Z+           	Abell2744_2013	
SUPA0142674.fits	SUPERFLAT_2013-12-01_W-S-Z+           	Abell2744_2013	
SUPA0142675.fits	SUPERFLAT_2013-12-01_W-S-Z+           	Abell2744_2013	
SUPA0142676.fits	SUPERFLAT_2013-12-01_W-S-Z+           	Abell2744_2013	
SUPA0142677.fits	SUPERFLAT_2013-12-01_W-S-Z+           	Abell2744_2013	
SUPA0142678.fits	SUPERFLAT_2013-12-01_W-S-Z+           	Abell2744_2013	
SUPA0142679.fits	SUPERFLAT_2013-12-01_W-S-Z+           	Abell2744_2013	
SUPA0142680.fits	SUPERFLAT_2013-12-01_W-S-Z+           	Abell2744_2013	
SUPA0142681.fits	SUPERFLAT_2013-12-01_W-S-Z+           	Abell2744_2013	
SUPA0142682.fits	SUPERFLAT_2013-12-01_W-S-Z+           	Abell2744_2013	
SUPA0142683.fits	SUPERFLAT_2013-12-01_W-S-Z+           	Abell2744_2013	
SUPA0142684.fits	SUPERFLAT_2013-12-01_W-S-Z+           	Abell2744_2013	
SUPA0142685.fits	SUPERFLAT_2013-12-01_W-S-Z+           	Abell2744_2013	
SUPA0142686.fits	SUPERFLAT_2013-12-01_W-S-Z+           	Abell2744_2013	
SUPA0142687.fits	SUPERFLAT_2013-12-01_W-S-Z+           	Abell2744_2013	
SUPA0142688.fits	SUPERFLAT_2013-12-01_W-S-Z+           	Abell2744_2013	
SUPA0142689.fits	SUPERFLAT_2013-12-01_W-S-Z+           	Abell2744_2013	
SUPA0142690.fits	SUPERFLAT_2013-12-01_W-S-Z+           	Abell2744_2013	
SUPA0142691.fits	SUPERFLAT_2013-12-01_W-S-Z+           	Abell2744_2013	
SUPA0142692.fits	SUPERFLAT_2013-12-01_W-S-Z+           	Abell2744_2013	
SUPA0142693.fits	SUPERFLAT_2013-12-01_W-S-Z+           	Abell2744_2013	
SUPA0142694.fits	SUPERFLAT_2013-12-01_W-S-Z+           	Abell2744_2013	
SUPA0142695.fits	SUPERFLAT_2013-12-01_W-S-Z+           	Abell2744_2013	
SUPA0142696.fits	SUPERFLAT_2013-12-01_W-S-Z+           	Abell2744_2013	
SUPA0142697.fits	SUPERFLAT_2013-12-01_W-S-Z+           	Abell2744_2013	
SUPA0142698.fits	SUPERFLAT_2013-12-01_W-S-Z+           	Abell2744_2013	
SUPA0142699.fits	SUPERFLAT_2013-12-01_W-S-Z+           	Abell2744_2013	
SUPA0142700.fits	SUPERFLAT_2013-12-01_W-S-Z+           	Abell2744_2013	
SUPA0142701.fits	SUPERFLAT_2013-12-01_W-S-Z+           	Abell2744_2013	
SUPA0142702.fits	SUPERFLAT_2013-12-01_W-S-Z+           	Abell2744_2013	
SUPA0142703.fits	SUPERFLAT_2013-12-01_W-S-Z+           	Abell2744_2013	
SUPA0142704.fits	SUPERFLAT_2013-12-01_W-S-Z+           	Abell2744_2013	
SUPA0142705.fits	SUPERFLAT_2013-12-01_W-S-Z+           	Abell2744_2013	
SUPA0142706.fits	SUPERFLAT_2013-12-01_W-S-Z+           	Abell2744_2013	
SUPA0142707.fits	SUPERFLAT_2013-12-01_W-S-Z+           	Abell2744_2013	
SUPA0142708.fits	SUPERFLAT_2013-12-01_W-S-Z+           	Abell2744_2013	
SUPA0142709.fits	SUPERFLAT_2013-12-01_W-S-Z+           	Abell2744_2013	
SUPA0142710.fits	SUPERFLAT_2013-12-01_W-S-Z+           	Abell2744_2013	
SUPA0142711.fits	SUPERFLAT_2013-12-01_W-S-Z+           	Abell2744_2013	
SUPA0142712.fits	SUPERFLAT_2013-12-01_W-S-Z+           	Abell2744_2013	
SUPA0142713.fits	SUPERFLAT_2013-12-01_W-S-Z+           	Abell2744_2013	
SUPA0142714.fits	SUPERFLAT_2013-12-01_W-S-Z+           	Abell2744_2013	
SUPA0142715.fits	SUPERFLAT_2013-12-01_W-S-Z+           	Abell2744_2013	
SUPA0142716.fits	SUPERFLAT_2013-12-01_W-S-Z+           	Abell2744_2013	
SUPA0142717.fits	SUPERFLAT_2013-12-01_W-S-Z+           	Abell2744_2013	
SUPA0142718.fits	SUPERFLAT_2013-12-01_W-S-Z+           	Abell2744_2013	
SUPA0142719.fits	SUPERFLAT_2013-12-01_W-S-Z+           	Abell2744_2013	
SUPA0142720.fits	SUPERFLAT_2013-12-01_W-S-Z+           	Abell2744_2013	
SUPA0142721.fits	SUPERFLAT_2013-12-01_W-S-Z+           	Abell2744_2013	
SUPA0142722.fits	SUPERFLAT_2013-12-01_W-S-Z+           	Abell2744_2013	
SUPA0142723.fits	SUPERFLAT_2013-12-01_W-S-Z+           	Abell2744_2013	
SUPA0142724.fits	SUPERFLAT_2013-12-01_W-S-Z+           	Abell2744_2013	
SUPA0142725.fits	SUPERFLAT_2013-12-01_W-S-Z+           	Abell2744_2013	
SUPA0142726.fits	SUPERFLAT_2013-12-01_W-S-Z+           	Abell2744_2013	
SUPA0142727.fits	SUPERFLAT_2013-12-01_W-S-Z+           	Abell2744_2013	
SUPA0142728.fits	SUPERFLAT_2013-12-01_W-S-Z+           	Abell2744_2013	
SUPA0142729.fits	SUPERFLAT_2013-12-01_W-S-Z+           	Abell2744_2013	
SUPA0142730.fits	SUPERFLAT_2013-12-01_W-S-Z+           	Abell2744_2013	
SUPA0142731.fits	SUPERFLAT_2013-12-01_W-S-Z+           	Abell2744_2013	
SUPA0142732.fits	SUPERFLAT_2013-12-01_W-S-Z+           	Abell2744_2013	
SUPA0142733.fits	SUPERFLAT_2013-12-01_W-S-Z+           	Abell2744_2013	
SUPA0142734.fits	SUPERFLAT_2013-12-01_W-S-Z+           	Abell2744_2013	
SUPA0142735.fits	SUPERFLAT_2013-12-01_W-S-Z+           	Abell2744_2013	
SUPA0142736.fits	SUPERFLAT_2013-12-01_W-S-Z+           	Abell2744_2013	
SUPA0142737.fits	SUPERFLAT_2013-12-01_W-S-Z+           	Abell2744_2013	
SUPA0142738.fits	SUPERFLAT_2013-12-01_W-S-Z+           	Abell2744_2013	
SUPA0142740.fits	SUPERFLAT_2013-12-01_W-S-Z+           	Abell2744_2013	
SUPA0142741.fits	SUPERFLAT_2013-12-01_W-S-Z+           	Abell2744_2013	
SUPA0142742.fits	SUPERFLAT_2013-12-01_W-S-Z+           	Abell2744_2013	
SUPA0142743.fits	SUPERFLAT_2013-12-01_W-S-Z+           	Abell2744_2013	
SUPA0142744.fits	SUPERFLAT_2013-12-01_W-S-Z+           	Abell2744_2013	
SUPA0142745.fits	SUPERFLAT_2013-12-01_W-S-Z+           	Abell2744_2013	
SUPA0142746.fits	SUPERFLAT_2013-12-01_W-S-Z+           	Abell2744_2013	
SUPA0142747.fits	SUPERFLAT_2013-12-01_W-S-Z+           	Abell2744_2013	
SUPA0142748.fits	SUPERFLAT_2013-12-01_W-S-Z+           	Abell2744_2013	
SUPA0142749.fits	SUPERFLAT_2013-12-01_W-S-Z+           	Abell2744_2013	
SUPA0142750.fits	SUPERFLAT_2013-12-01_W-S-Z+           	Abell2744_2013	
SUPA0142751.fits	SUPERFLAT_2013-12-01_W-S-Z+           	Abell2744_2013	
SUPA0142752.fits	SUPERFLAT_2013-12-01_W-S-Z+           	Abell2744_2013	
SUPA0142753.fits	SUPERFLAT_2013-12-01_W-S-Z+           	Abell2744_2013	
SUPA0142754.fits	SUPERFLAT_2013-12-01_W-S-Z+           	Abell2744_2013	
SUPA0142755.fits	SUPERFLAT_2013-12-01_W-S-Z+           	Abell2744_2013	
SUPA0142756.fits	SUPERFLAT_2013-12-01_W-S-Z+           	Abell2744_2013	
SUPA0142757.fits	SUPERFLAT_2013-12-01_W-S-Z+           	Abell2744_2013	
SUPA0142758.fits	SUPERFLAT_2013-12-01_W-S-Z+           	Abell2744_2013	
SUPA0142759.fits	SUPERFLAT_2013-12-01_W-S-Z+           	Abell2744_2013	
SUPA0142760.fits	SUPERFLAT_2013-12-01_W-S-Z+           	Abell2744_2013	
SUPA0142761.fits	SUPERFLAT_2013-12-01_W-S-Z+           	Abell2744_2013	
SUPA0142762.fits	SUPERFLAT_2013-12-01_W-S-Z+           	Abell2744_2013	
SUPA0142763.fits	SUPERFLAT_2013-12-01_W-S-Z+           	Abell2744_2013	
SUPA0142764.fits	SUPERFLAT_2013-12-01_W-S-Z+           	Abell2744_2013	
SUPA0142765.fits	SUPERFLAT_2013-12-01_W-S-Z+           	Abell2744_2013	
SUPA0142766.fits	SUPERFLAT_2013-12-01_W-S-Z+           	Abell2744_2013	
SUPA0142767.fits	SUPERFLAT_2013-12-01_W-S-Z+           	Abell2744_2013	
SUPA0142768.fits	SUPERFLAT_2013-12-01_W-S-Z+           	Abell2744_2013	
