2007-02-13_BIAS 2007-02-14_BIAS 2007-02-15_BIAS 2007-02-16_BIAS
2007-02-13_W-J-V 2007-02-16_W-J-V
2007-02-13_W-S-I+ 2007-02-14_W-S-I+ 2007-02-15_W-S-I+ 2007-02-20_W-S-I+
2008-08-01_W-S-I+ (this is really 2008-07-30_W-S-I+ 2008-08-24_W-S-I+ 2008-08-28_W-S-I+)
2009-03-27_BIAS 2009-03-28_BIAS 2009-03-29_BIAS
2009-03-28_W-S-I+ 2009-03-29_W-S-I+ 2009-03-31_W-S-I+
2010-03-12_BIAS (2010-03-13_BIAS thru 2010-03-16_BIAS in there too)
2010-03-12_W-J-V 2010-03-14_W-J-V 2010-03-15_W-J-V
2010-03-12_W-S-I+

2010-11-07_W-J-V #these are SUPERFLAT2 images, so don't even process them unless the SUPERFLAT1's aren't enough
2010-12-05_BIAS
2010-12-05_W-J-V

## adam: wait on the A2744 stuff until later (this is all 2013):
2013-02-06_W-C-RC
2013-02-06_W-J-B
2013-06-09_W-S-Z+
2013-06-10_W-C-RC
2013-06-10_W-J-B
2013-07-13_BIAS
2013-07-15_W-C-RC
2013-07-15_W-S-Z+
2013-07-16_W-J-B
2013-11-29_W-J-B
2013-12-01_W-C-RC
2013-12-01_W-S-Z+

2012-07-16_DARK
2012-07-23_DARK
2012-08-12_DARK
2013-06-09_DARK
2013-12-03_DARK

## I started this whole process with these dirs:
2010-12-05_W-J-V
2010-03-12_W-J-V
2010-03-15_W-J-V
2013-11-29_W-J-B
2013-07-13_BIAS
2013-07-15_W-C-RC
2013-07-15_W-S-Z+
2013-07-16_W-J-B
2013-12-01_W-S-Z+
2013-12-01_W-C-RC
2013-02-06_W-J-B
2013-06-10_W-J-B
2013-06-10_W-C-RC
2013-06-09_W-S-Z+
2013-02-06_W-C-RC
2012-07-16_DARK
2012-08-12_DARK
2013-12-03_DARK
2012-07-23_DARK
2013-06-09_DARK
2008-07-30_W-S-I+
2008-08-28_W-S-I+
2008-08-24_W-S-I+
2010-03-14_W-S-I+
2007-02-14_W-S-I+
2010-03-14_W-J-V
2007-02-13_W-S-I+
2007-02-13_W-J-V
2007-02-14_BIAS
2010-12-06_BIAS
2009-03-28_W-S-I+
2007-02-15_BIAS
2007-02-15_W-S-I+
2009-03-29_BIAS
2009-03-29_W-S-I+
2009-03-31_W-S-I+
2010-03-12_BIAS
2010-03-15_BIAS
2007-02-16_BIAS
2007-02-16_W-J-V
2010-03-13_BIAS
2010-03-14_BIAS
2007-02-20_W-S-I+
2009-03-27_BIAS
2010-11-07_W-J-V
2010-11-08_W-J-V
2010-12-04_BIAS
2010-12-05_BIAS
2009-03-28_BIAS
2010-03-16_BIAS
2007-02-13_BIAS
