## stuff to process now
dirs=["/nfs/slac/g/ki/ki18/anja/SUBARU/2007-02-13_W-J-V", "/nfs/slac/g/ki/ki18/anja/SUBARU/2007-02-13_W-S-I+", "/nfs/slac/g/ki/ki18/anja/SUBARU/2007-02-13_BIAS", "/nfs/slac/g/ki/ki18/anja/SUBARU/2008-07-30_W-S-I+", "/nfs/slac/g/ki/ki18/anja/SUBARU/2009-03-28_W-S-I+", "/nfs/slac/g/ki/ki18/anja/SUBARU/2009-03-28_BIAS", "/nfs/slac/g/ki/ki18/anja/SUBARU/2010-03-12_W-J-V", "/nfs/slac/g/ki/ki18/anja/SUBARU/2010-03-12_W-S-I+", "/nfs/slac/g/ki/ki18/anja/SUBARU/2010-03-12_BIAS", "/nfs/slac/g/ki/ki18/anja/SUBARU/2010-11-07_W-J-V", "/nfs/slac/g/ki/ki18/anja/SUBARU/2010-12-05_W-J-V", "/nfs/slac/g/ki/ki18/anja/SUBARU/2010-12-05_BIAS"]
#MYPPRUN= 2007-02-13_W-J-V  MYTYPE= SCIENCE  len(fls)= 5
#MYPPRUN= 2007-02-13_W-J-V  MYTYPE= DOMEFLAT  len(fls)= 7
#MYPPRUN= 2007-02-13_W-J-V  MYTYPE= SKYFLAT  len(fls)= 9
#MYPPRUN= 2007-02-13_W-S-I+  MYTYPE= SCIENCE  len(fls)= 98
#MYPPRUN= 2007-02-13_W-S-I+  MYTYPE= DOMEFLAT  len(fls)= 5
#MYPPRUN= 2007-02-13_BIAS  MYTYPE= BIAS  len(fls)= 5
#MYPPRUN= 2008-07-30_W-S-I+  MYTYPE= SCIENCE  len(fls)= 77
#MYPPRUN= 2008-07-30_W-S-I+  MYTYPE= DOMEFLAT  len(fls)= 7
#MYPPRUN= 2009-03-28_W-S-I+  MYTYPE= SCIENCE  len(fls)= 125
#MYPPRUN= 2009-03-28_W-S-I+  MYTYPE= SKYFLAT  len(fls)= 30
#MYPPRUN= 2009-03-28_W-S-I+  MYTYPE= DOMEFLAT  len(fls)= 11
#MYPPRUN= 2009-03-28_BIAS  MYTYPE= BIAS  len(fls)= 14
#MYPPRUN= 2010-03-12_W-J-V  MYTYPE= SKYFLAT  len(fls)= 23
#MYPPRUN= 2010-03-12_W-J-V  MYTYPE= DOMEFLAT  len(fls)= 10
#MYPPRUN= 2010-03-12_W-J-V  MYTYPE= SCIENCE  len(fls)= 151
#MYPPRUN= 2010-03-12_W-S-I+  MYTYPE= SKYFLAT  len(fls)= 9
#MYPPRUN= 2010-03-12_W-S-I+  MYTYPE= SCIENCE  len(fls)= 99
#MYPPRUN= 2010-03-12_BIAS  MYTYPE= BIAS  len(fls)= 5
#MYPPRUN= 2010-11-07_W-J-V  MYTYPE= SCIENCE  len(fls)= 84
#MYPPRUN= 2010-12-05_W-J-V  MYTYPE= DOMEFLAT  len(fls)= 11
#MYPPRUN= 2010-12-05_W-J-V  MYTYPE= SCIENCE  len(fls)= 49
#MYPPRUN= 2010-12-05_BIAS  MYTYPE= BIAS  len(fls)= 27
2007-02-13_W-J-V/2007-02-13_W-S-I+/2007-02-13_BIAS/
2009-03-28_W-S-I+/2009-03-28_BIAS/
2010-03-12_W-J-V/2010-03-12_W-S-I+/2010-03-12_BIAS/
2010-11-07_W-J-V/
2010-12-05_W-J-V/2010-12-05_BIAS/

## 2008, 2012, and 2013 stuff is for A2744 and can wait for now
2008-07-30_W-S-I+/
dirs=["2013-11-29_W-J-B", "2013-07-13_BIAS", "2013-07-15_W-C-RC", "2013-07-15_W-S-Z+", "2013-07-16_W-J-B", "2013-12-01_W-S-Z+", "2013-12-01_W-C-RC", "2013-02-06_W-J-B", "2013-06-10_W-J-B", "2013-06-10_W-C-RC", "2013-06-09_W-S-Z+", "2013-02-06_W-C-RC", "2012-07-16_DARK", "2012-08-12_DARK", "2013-12-03_DARK", "2012-07-23_DARK", "2013-06-09_DARK"]
dirs=["/nfs/slac/g/ki/ki18/anja/SUBARU/2013-11-29_W-J-B", "/nfs/slac/g/ki/ki18/anja/SUBARU/2013-07-13_BIAS", "/nfs/slac/g/ki/ki18/anja/SUBARU/2013-07-15_W-C-RC", "/nfs/slac/g/ki/ki18/anja/SUBARU/2013-07-15_W-S-Z+", "/nfs/slac/g/ki/ki18/anja/SUBARU/2013-07-16_W-J-B", "/nfs/slac/g/ki/ki18/anja/SUBARU/2013-12-01_W-S-Z+", "/nfs/slac/g/ki/ki18/anja/SUBARU/2013-12-01_W-C-RC", "/nfs/slac/g/ki/ki18/anja/SUBARU/2013-02-06_W-J-B", "/nfs/slac/g/ki/ki18/anja/SUBARU/2013-06-10_W-J-B", "/nfs/slac/g/ki/ki18/anja/SUBARU/2013-06-10_W-C-RC", "/nfs/slac/g/ki/ki18/anja/SUBARU/2013-06-09_W-S-Z+", "/nfs/slac/g/ki/ki18/anja/SUBARU/2013-02-06_W-C-RC", "/nfs/slac/g/ki/ki18/anja/SUBARU/2012-07-16_DARK", "/nfs/slac/g/ki/ki18/anja/SUBARU/2012-08-12_DARK", "/nfs/slac/g/ki/ki18/anja/SUBARU/2013-12-03_DARK", "/nfs/slac/g/ki/ki18/anja/SUBARU/2012-07-23_DARK", "/nfs/slac/g/ki/ki18/anja/SUBARU/2013-06-09_DARK"]
2013-11-29_W-J-B/
2013-07-13_BIAS/
2013-07-15_W-C-RC/
2013-07-15_W-S-Z+/
2013-07-16_W-J-B/
2013-12-01_W-S-Z+/
2013-12-01_W-C-RC/
2013-02-06_W-J-B/
2013-06-10_W-J-B/
2013-06-10_W-C-RC/
2013-06-09_W-S-Z+/
2013-02-06_W-C-RC/
2012-07-16_DARK/
2012-08-12_DARK/
2013-12-03_DARK/
2012-07-23_DARK/
2013-06-09_DARK/
