#########################################################################################################################
Z2701=ZwCl0949.6+5207
Z2089=ZwCl0857.9+2107

#NOTE: W-J-V_2006-12-21 is really from 2007-02-13
*RUN seeing calculator on this: /nfs/slac/g/ki/ki05/anja/SUBARU/Zw2089/W-J-V_2006-12-21

#########################################################################################################################

### PROCESSING THESE CLUSTERS/PPRUNS ###
Z2089          	2007-02-13	W-J-V (done! run my seeing calculator on /nfs/slac/g/ki/ki05/anja/SUBARU/Zw2089/W-J-V/SCIENCE/)
Z2089          	2007-02-13	W-S-I+
Z2089          	2009-03-28	W-S-I+
Z2089/Z2701 	2010-03-15	W-J-V
Z2701 	 	2010-03-15	W-S-I+
Z2089/Z2701 	2010-12-05	W-J-V

### PROCESSING THESE DATE-OBS ###
2007-02-13 2009-03-28 2010-03-15 2010-12-05

#########################################################################################################################
### DOUBLED UP DATA NOTES ###############################################################################################
#########################################################################################################################
#1# all Z2089 biases are Z2701 biases!
Z2089/BIAS_2007-02-13-2007-02-16/
Z2089/BIAS_2009-03-27-2009-03-29/
Z2089/BIAS_2010-03-12-2010-03-16/
Z2089/BIAS_2010-12-04-2010-12-06/

#2# some Z2089 Flats are Z2701 FLATs (the ones in W-J-V from 2010-03-15 and 2010-12-05)
# Z2089 Flats from (below) actually in Z2701/FLAT right now
# *SKYFLAT        2010-03-15      W-J-V
# *DOMEFLAT       2010-12-05      W-J-V

#3-4# all SUPERFLATs and SUPERFLAT2s from (Z2089 2010-12-05_W-J-V) should be used for (Z2701 2010-12-05 W-J-V)
# /u/ki/awright/data/from_archive/f_gas_clusters/Z2089/SUPERFLAT_2010-12-05_W-J-V
# Z2701   2010-12-05      W-J-V

#5-6# all SUPERFLATs and SUPERFLAT2s  from (Z2089 2010-03-15 W-J-V) should be used for (Z2701 2010-03-15 W-J-V)

#########################################################################################################################
###  DATA SUMMARY  ######################################################################################################
#########################################################################################################################

##################
### SUPERFLATS ### first round of superflats
##################

2007-02-13	W-J-V (done! run my seeing calculator on /nfs/slac/g/ki/ki05/anja/SUBARU/Zw2089/W-J-V/SCIENCE/)
2007-02-13	W-S-I+ (arwright1007083342NT_data: 520 8 targets
		added SDF: arwright1008050415NT_data: Number of requested frames 230)
2009-03-28	W-S-I+  (arwright1007083847NT_data: Number requested frames 410) 6 targets
2010-03-15	W-S-I+ (arwright1007084524NT_data: Number of requested frames 450) 5 targets
2010-03-15	W-J-V (arwright1007084840NT_data:Number of requested frames	450) 7 targets
2010-12-05	W-J-V (arwright1007085514NT_data:Number of requested frames	210 5 targets
			and arwright1007085727NT_data:Number of requested frames	140)

##################
### SUPERFLAT2 ### second round of superflats
##################

2007-02-13	W-S-I+ (lots more (SDF) on 2007-02-15. arwright1009094514NT_data Number of requested frames 150)
2009-03-28	W-S-I+  (lots more on 2009-03-29. arwright1009094053NT_data Number of requested frames 630)
2010-03-15      W-S-I+ (lots more from 2010-03-16. arwright1009093155NT_data Number of requested frames 450) 
2010-03-15      W-J-V (lots more from 2010-03-14!)
2010-12-05	W-J-V **NOT THAT GOOD (closest stuff from 2010-11-07/08. arwright1009092632NT_data: Number of requested frames 840)

############
### BIAS ###
############

Z2089/BIAS_2007-02-13-2007-02-16
OBJECT  	DATE-OBS  	FILTER01	
BIAS    	2007-02-13	None    	
BIAS    	2007-02-14	W-C-RC  	
BIAS    	2007-02-15	W-C-RC  	
BIAS    	2007-02-16	W-C-RC  	

Z2089/BIAS_2009-03-27-2009-03-29
OBJECT  	DATE-OBS  	FILTER01
BIAS    	2009-03-27	W-S-R+ 	
BIAS    	2009-03-28	W-S-G+ 	
BIAS    	2009-03-29	W-S-I+ 	

Z2089/BIAS_2010-03-12-2010-03-16
OBJECT  	DATE-OBS  	FILTER01	
BIAS    	2010-03-12	N-A-L503	
BIAS    	2010-03-13	W-J-V   	
BIAS    	2010-03-14	W-J-V   	
BIAS    	2010-03-15	W-J-V   	
BIAS    	2010-03-16	W-J-V   	

Z2089/BIAS_2010-12-04-2010-12-06
OBJECT  	DATE-OBS  	FILTER01	
BIAS    	2010-12-04	N-B-L921	
BIAS    	2010-12-05	W-S-ZR  	
BIAS    	2010-12-06	W-S-Z+  	

###############
### SCIENCE ###
###############

Z2701/SCIENCE
ZwCl0949.6+5207	2010-03-15	W-J-V / W-S-I+
ZwCl0949.6+5207	2010-12-05	W-J-V

Z2089/SCIENCE
Z2089          	2007-02-13	W-J-V / W-S-I+
ZwCl0857.9+2107	2009-03-28	W-S-I+
ZWCL0857.9+2107	2010-03-14	W-J-V
ZwCl0857.9+2107	2010-12-05	W-J-V

###############
###   FLAT  ###
###############

Z2701/FLAT
DOMEFLAT	2010-03-12	W-J-V
SKYFLAT 	2010-03-12	W-J-V
SKYFLAT 	2010-03-14	W-S-I+
SKYFLAT 	2010-03-15	W-J-V
DOMEFLAT	2010-12-05	W-J-V

Z2089/FLAT
DOMEFLAT	2007-02-16	W-J-V
SKYFLAT 	2007-02-16	W-J-V
FLAT 		2007-02-14	W-S-I+
SKYFLAT 	2009-03-28	W-S-I+
DOMEFLAT	2009-03-28	W-S-I+
SKYFLAT 	2009-03-29	W-S-I+
SKYFLAT 	2009-03-31	W-S-I+
* actually in Z2701-FLAT, but works for these too!
*SKYFLAT 	2010-03-15	W-J-V
*DOMEFLAT	2010-12-05	W-J-V

## uncovered FLAT
Z2089          				2007-02-14	W-S-I+
*GOT IT: DOMEFLAT 			2007-02-20	W-S-I+
