##################
### SUPERFLATS ###
##################

## first round of superflats
2007-02-13	W-J-V (done! run my seeing calculator on /nfs/slac/g/ki/ki05/anja/SUBARU/Zw2089/W-J-V/SCIENCE/)
2007-02-13	W-S-I+ (arwright1007083342NT_data: 520 8 targets
		added SDF: arwright1008050415NT_data: Number of requested frames 230)
2009-03-28	W-S-I+  (arwright1007083847NT_data: Number requested frames 410) 6 targets
2010-03-15	W-S-I+ (arwright1007084524NT_data: Number of requested frames 450) 5 targets
2010-03-15	W-J-V (arwright1007084840NT_data:Number of requested frames	450) 7 targets
2010-12-05	W-J-V (arwright1007085514NT_data:Number of requested frames	210 5 targets
			and arwright1007085727NT_data:Number of requested frames	140)

## second round of superflats
2007-02-13	W-S-I+ (lots more (SDF) on 2007-02-15. arwright1009094514NT_data Number of requested frames 150)
2009-03-28	W-S-I+  (lots more on 2009-03-29. arwright1009094053NT_data Number of requested frames 630)
2010-03-15      W-S-I+ (lots more from 2010-03-16. arwright1009093155NT_data Number of requested frames 450) 
2010-03-15      W-J-V (lots more from 2010-03-14!)
2010-12-05	W-J-V **NOT THAT GOOD (closest stuff from 2010-11-07/08. arwright1009092632NT_data: Number of requested frames 840)

#########################################################################################################################

*MACS clusters already done, Z clusters get empty fields for super-flats

#NOTE: W-J-V_2006-12-21 is really from 2007-02-13
***/nfs/slac/g/ki/ki05/anja/SUBARU/Zw2089$ ls

#########################################################################################################################
Z2701=ZwCl0949.6+5207
Z2089=ZwCl0857.9+2107

### PROCESSING THESE CLUSTERS/PPRUNS ###
Z2089          	2007-02-13	W-J-V (done! run my seeing calculator on /nfs/slac/g/ki/ki05/anja/SUBARU/Zw2089/W-J-V/SCIENCE/)
Z2089          	2007-02-13	W-S-I+
Z2089          	2009-03-28	W-S-I+
Z2089/Z2701 	2010-03-15	W-J-V
Z2701 	 	2010-03-15	W-S-I+
Z2089/Z2701 	2010-12-05	W-J-V

### PROCESSING THESE DATE-OBS ###
2007-02-13 2009-03-28 2010-03-15 2010-12-05

#########################################################################################################################

#######################################
BIAS DATA
#######################################
Z2089/BIAS_2007-02-13-2007-02-16
OBJECT  	DATE-OBS  	FILTER01	
BIAS    	2007-02-13	None    	
BIAS    	2007-02-14	W-C-RC  	
BIAS    	2007-02-15	W-C-RC  	
BIAS    	2007-02-16	W-C-RC  	

Z2089/BIAS_2009-03-27-2009-03-29
OBJECT  	DATE-OBS  	FILTER01
BIAS    	2009-03-27	W-S-R+ 	
BIAS    	2009-03-28	W-S-G+ 	
BIAS    	2009-03-29	W-S-I+ 	

Z2089/BIAS_2010-03-12-2010-03-16
OBJECT  	DATE-OBS  	FILTER01	
BIAS    	2010-03-12	N-A-L503	
BIAS    	2010-03-13	W-J-V   	
BIAS    	2010-03-14	W-J-V   	
BIAS    	2010-03-15	W-J-V   	
BIAS    	2010-03-16	W-J-V   	

Z2089/BIAS_2010-12-04-2010-12-06
OBJECT  	DATE-OBS  	FILTER01	
BIAS    	2010-12-04	N-B-L921	
BIAS    	2010-12-05	W-S-ZR  	
BIAS    	2010-12-06	W-S-Z+  	

#########################################################################################################################

### PRE-EXISTING DATA ###
/nfs/slac/g/ki/ki05/anja/SUBARU/MACS0429-02/W-C-RC/SCIENCE/coadd_MACS0429-02_all$ dfits coadd.fits | fitsort SEEING EXPTIME
MACS0429-02: have VRI, need BZ
FILE      	FILTER	SEEING	EXPTIME	
coadd.fits	W-C-IC	1.011 	2100.0 	
coadd.fits	W-C-RC	0.745 	2880.0 	
coadd.fits	W-J-V 	0.908 	2160.0

/nfs/slac/g/ki/ki05/anja/SUBARU/MACS0159-08/W-C-RC/SCIENCE/coadd_MACS0159-08_all$ dfits coadd.fits | fitsort SEEING EXPTIME
MACS0159-08: have R, need BVIZ
FILE   		FILTER 	SEEING 	EXPTIME
coadd.fits 	W-C-RC  0.72  	2880.0

### SCIENCE ###

Z2701/SCIENCE
ZwCl0949.6+5207	2010-03-15	W-J-V / W-S-I+
ZwCl0949.6+5207	2010-12-05	W-J-V

Z2089/SCIENCE
Z2089          	2007-02-13	W-J-V / W-S-I+
ZwCl0857.9+2107	2009-03-28	W-S-I+
ZWCL0857.9+2107	2010-03-14	W-J-V
ZwCl0857.9+2107	2010-12-05	W-J-V

### FLAT ###

Z2701/FLAT
DOMEFLAT	2010-03-12	W-J-V
SKYFLAT 	2010-03-12	W-J-V
SKYFLAT 	2010-03-14	W-S-I+
SKYFLAT 	2010-03-15	W-J-V
DOMEFLAT	2010-12-05	W-J-V

Z2089/FLAT
DOMEFLAT	2007-02-16	W-J-V
SKYFLAT 	2007-02-16	W-J-V
FLAT 		2007-02-14	W-S-I+
SKYFLAT 	2009-03-28	W-S-I+
DOMEFLAT	2009-03-28	W-S-I+
SKYFLAT 	2009-03-29	W-S-I+
SKYFLAT 	2009-03-31	W-S-I+
* actually in Z2701-FLAT, but works for these too!
*SKYFLAT 	2010-03-15	W-J-V
*DOMEFLAT	2010-12-05	W-J-V

## uncovered FLAT
Z2089          				2007-02-14	W-S-I+
*GOT IT: DOMEFLAT 			2007-02-20	W-S-I+

###### MACS* clusters ######

### FLAT ###

MACSJ0159.8-0849-FLAT.log2
* actually in MACSJ0429.6-0253/FLAT, but works for these too!
*DOMEFLAT	2005-12-04	W-C-RC  	

MACSJ0429.6-0253-FLAT.log2
DOMEFLAT			2005-12-01	W-J-V
SKYFLAT				2009-01-23	W-J-V
DOMEFLAT			2009-01-23	W-J-V
DOMEFLAT			2005-12-04	W-C-RC  	
DOMEFLAT			2005-09-29	W-C-RC  	
DOMEFLAT			2006-11-20	W-C-IC  	
DOMEFLAT(TEST:LIN4.0V4.98A)	2009-01-02	W-C-RC  	

MACSJ0429_6m0253/MACSJ0159_8m0849	2005-11-30	W-C-RC
*GOT IT: 2005-12-04 DOMEFLAT W-C-RC

MACSJ0429_6m0253  			2005-10-29	W-C-RC
***GOT IT: 2005-09-29 DOMEFLAT W-C-RC

MACSJ0429  			       	2006-12-21	W-C-IC
***GOT IT: 2006-11-20 DOMEFLAT W-C-IC

MACSJ0429short_R 		 	2009-01-23	W-C-RC
***GOT IT: 2009-01-02 DOMEFLAT W-C-RC

### BIAS ###
MACSJ0159.8-0849-BIAS.log2
BIAS    	2005-11-30
arwright1006094820NT_data
OBJECT  	DATE-OBS  	FILTER01	
BIAS    	2009-01-23	None    	
arwright1006094347NT_data
OBJECT  	DATE-OBS  	FILTER01	
BIAS    	2005-10-29	W-C-IC  	
arwright1006094451NT_data
OBJECT  	DATE-OBS  	FILTER01	
BIAS    	2006-12-21	I-A-L624	

### SCIENCE ###
MACSJ0159.8-0849-SCIENCE.log2
MACSJ0159_8m0849	2005-11-30	W-C-RC

MACSJ0429.6-0253-SCIENCE.log2
MACSJ0429_6m0253  	2005-10-29	W-C-RC
MACSJ0429_6m0253  	2005-11-30	W-C-RC
MACSJ0429_6m0253  	2005-11-30	W-J-V
MACSJ0429short_I  	2006-12-21	W-C-IC
MACSJ0429shortdf_I	2006-12-21	W-C-IC
MACSJ0429         	2006-12-21	W-C-IC
MACSJ0429short_V  	2009-01-23	W-J-V
MACSJ0429short_R  	2009-01-23	W-C-RC
