adam_flat_pick.sh                                                          456 Jan 27 15:24 
DOMEFLAT_2010-03-12_W-J-B.jpeg                                            526K Jan 27 16:12 
SKYFLAT_2010-03-12_W-J-B.jpeg                                             526K Jan 27 16:13 
DOMEFLAT_2010-11-04_W-J-B.jpeg                                            497K Jan 27 16:13 
SKYFLAT_2010-11-04_W-J-B.jpeg                                             491K Jan 27 16:14 
DOMEFLAT_2009-09-19_W-J-V.jpeg                                            449K Jan 27 16:15 
SKYFLAT_2009-09-19_W-J-V.jpeg                                             452K Jan 27 16:16 
DOMEFLAT_2010-03-12_W-C-RC.jpeg                                           404K Jan 27 16:17 
SKYFLAT_2010-03-12_W-C-RC.jpeg                                            393K Jan 27 16:19 
fgas_smoka_ppruns.txt                                                     1.1K Jan 27 17:11 
files_SUBARUDIR_after7.log                                                7.3K Jan 27 17:11 
files_SUBARUDIR_after3.log                                                5.7K Jan 27 17:11 
adam_SHNT.sh                                                              2.1K Jan 27 17:37 
postH_2010-11-04_W-J-B_preprocess_step9.sh                                8.1K Jan 28 14:19 
postH_2010-11-04_W-S-Z+_preprocess_step9.sh                               8.1K Jan 28 14:27 
postH_2013-06-10_W-S-Z+_preprocess_step9.sh                               8.1K Jan 28 15:35 
adam_FLAT_skewness.py                                                     3.3K Jan 28 16:41 
adam_picking_flat-ds9_to_jpeg.sh                                           705 Jan 28 16:44 
count_for_consistency.sh                                                   742 Jan 28 17:40 
adam_useful_scripts.txt                                                    575 Jan 28 17:41 
adam_fgas_preH-do_Subaru_preprocess.sh                                     45K Jan 28 17:54 
prev_skipped.log                                                          5.5K Jan 28 18:03 
postH_preprocess_template.sh                                              8.1K Jan 31 12:26 
postH_preprocess_2015-12-15_W-S-Z+-superflats-finish_FRINGE.sh            3.8K Jan 31 17:25 
superflat_directions.log                                                  4.0K Jan 31 17:36 
adam-fgas_planning/                                                       4.0K Feb  1 17:26 
postH_preprocess_template-superflats.sh                                   6.4K Feb  1 17:33 
make_superflats.tmp.sh                                                    1.6K Feb  2 14:01 
process_superflat_para.sh                                                 4.7K Feb  2 15:25 
create_illumfringe_stars_para.sh                                          1.8K Feb  2 15:53 
make_residuals.sh                                                         2.0K Feb  2 17:31 
create_norm.sh                                                            2.8K Feb  2 17:31 
vim postH_preprocess_template-superflats.sh process_superflat_para.sh make_residuals.sh create_norm.sh
process_science_illum_eclipse_para.sh                                     5.6K Feb  2 20:58 
adam_rescale-postH_preprocess_2015-12-15_W-C-RC-superflats.sh              10K Feb  2 22:04 
OUT-make_residuals-SCIENCE_SKYFLAT_SET2_rescale.log                        21K Feb  2 22:06 
OUT-process_science_illum_eclipse_para-SCIENCE_SKYFLAT_SET2_rescale.log   308K Feb  2 22:09 
OUT-adam_rescale-postH_preprocess_2015-12-15_W-C-RC-superflats.log        119K Feb  2 22:16 

process_superflat_rescale_obj_subs.sh                                      841 Feb  3 14:42 
postH_preprocess_2015-12-15_W-C-RC-superflats.sh                          9.2K Feb  3 15:25 
OUT-process_superflat_para-2015-12-15_W-C-RC.log                          582K Feb  3 15:26 
OUT-create_illumfringe_stars_para-2015-12-15_W-C-RC.log                   211K Feb  3 15:27 
OUT-create_norm-2015-12-15_W-C-RC.log                                      16K Feb  3 15:27 
FILES-create_norm-2015-12-15_W-C-RC.log                                    752 Feb  3 15:27 
postH_preprocess_2015-12-15_W-S-Z+-superflats.sh                          9.2K Feb  3 15:27 
OUT-create_norm_illum_fringe-2015-12-15_W-C-RC.log                         25K Feb  3 15:28 
FILES-create_norm_illum_fringe-2015-12-15_W-C-RC.log                      2.4K Feb  3 15:28 
OUT-make_residuals-2015-12-15_W-C-RC.log                                   19K Feb  3 15:28 
FILES-make_residuals-2015-12-15_W-C-RC.log                                3.2K Feb  3 15:28 
postH_preprocess_2015-12-15_W-J-B-superflats.sh                           9.2K Feb  3 15:29 
OUT-process_science_illum_eclipse_para-2015-12-15_W-C-RC.log              311K Feb  3 15:31 
OUT-create_binnedmosaics-2015-12-15_W-C-RC.log                             16K Feb  3 15:33 
stats_SCIENCE_SKYFLAT_SET3.log                                            1.9K Feb  3 15:33 
stats_SCIENCE_SKYFLAT_SET3_illum256.log                                   1.9K Feb  3 15:34 
stats_SCIENCE_SKYFLAT_SET3_fringe256.log                                  2.0K Feb  3 15:34 
stats_SCIENCE_SKYFLAT_SET3_norm.log                                       2.0K Feb  3 15:34 
stats_SCIENCE_SKYFLAT_SET3_norm_illum256.log                              2.0K Feb  3 15:34 
stats_SCIENCE_SKYFLAT_SET3_norm_fringe256.log                             2.0K Feb  3 15:34 
OUT-postH_preprocess_2015-12-15_W-C-RC-superflats.log                      23K Feb  3 15:34 
OUT-process_superflat_para-2015-12-15_W-J-B.log                           651K Feb  3 15:35 
OUT-create_illumfringe_stars_para-2015-12-15_W-J-B.log                    210K Feb  3 15:35 
OUT-process_superflat_para-2015-12-15_W-S-Z+.log                          605K Feb  3 15:35 
OUT-create_illumfringe_stars_para-2015-12-15_W-S-Z+.log                   208K Feb  3 15:35 
OUT-create_norm-2015-12-15_W-J-B.log                                       16K Feb  3 15:35 
FILES-create_norm-2015-12-15_W-J-B.log                                     762 Feb  3 15:35 
OUT-create_norm-2015-12-15_W-S-Z+.log                                      16K Feb  3 15:36 
FILES-create_norm-2015-12-15_W-S-Z+.log                                    762 Feb  3 15:36 
OUT-create_norm_illum_fringe-2015-12-15_W-J-B.log                          25K Feb  3 15:36 
FILES-create_norm_illum_fringe-2015-12-15_W-J-B.log                       2.4K Feb  3 15:36 
OUT-create_norm_illum_fringe-2015-12-15_W-S-Z+.log                         25K Feb  3 15:36 
FILES-create_norm_illum_fringe-2015-12-15_W-S-Z+.log                      2.4K Feb  3 15:36 
OUT-make_residuals-2015-12-15_W-J-B.log                                    19K Feb  3 15:36 
FILES-make_residuals-2015-12-15_W-J-B.log                                 3.2K Feb  3 15:36 
OUT-process_science_illum_eclipse_para-2015-12-15_W-J-B.log               108K Feb  3 15:37 
OUT-create_binnedmosaics-2015-12-15_W-J-B.log                               62 Feb  3 15:37 
OUT-make_residuals-2015-12-15_W-S-Z+.log                                   19K Feb  3 15:37 
FILES-make_residuals-2015-12-15_W-S-Z+.log                                3.2K Feb  3 15:37 
OUT-process_science_illum_fringe_eclipse_para-2015-12-15_W-S-Z+.log       116K Feb  3 15:37 
OUT-create_binnedmosaics-2015-12-15_W-S-Z+.log                              62 Feb  3 15:37 
stats_SCIENCE_DOMEFLAT_SET3.log                                           1.9K Feb  3 15:37 
OUT-postH_preprocess_2015-12-15_W-J-B-superflats.log                       23K Feb  3 15:37 
stats_SCIENCE_DOMEFLAT_SET3_illum256.log                                  2.0K Feb  3 15:37 
stats_SCIENCE_DOMEFLAT_SET3_fringe256.log                                 2.0K Feb  3 15:37 
stats_SCIENCE_DOMEFLAT_SET3_norm.log                                      2.0K Feb  3 15:37 
stats_SCIENCE_DOMEFLAT_SET3_norm_illum256.log                             2.1K Feb  3 15:37 
stats_SCIENCE_DOMEFLAT_SET3_norm_fringe256.log                            2.1K Feb  3 15:37 
OUT-postH_preprocess_2015-12-15_W-S-Z+-superflats.log                      25K Feb  3 15:37 
superflat_2015_viewer.sh                                                   982 Feb  3 15:41 
err.OUT-process_superflat_para-2015-12-15_W-C-RC.log                      2.5K Feb  3 15:49 
imstats_R.log                                                              52K Feb  3 16:17 
imstats_z.log                                                              64K Feb  3 16:21 
imstats_b.log                                                              76K Feb  3 16:28 
