** see: ~/data/eyes/CRNitschke_output/plot_SeeingClearly/hawaii for the seeing plots! **

SUPA0119556 was deleted! Very cloudy/crappy looking (Zw2089/W-J-V_2010-03-12/SCIENCE/SUPA0119556)

probably delete SUPA0127034 from Zw2701_2010-12-05_W-J-V, considering:
Zw2701_2010-12-05_W-J-V		SUPA0127033_8OCF.fits    22.7279  0.6750000000000003   153.9957497173078   19.79945353508243
Zw2701_2010-12-05_W-J-V		SUPA0127034_8OCF.fits    22.6362  1.0200000000000007   154.61959162757     19.879661780687574
Zw2701_2010-12-05_W-J-V		SUPA0127035_8OCF.fits    22.5163  0.7800000000000005   155.44294577705926  19.98552159990762
Zw2701_2010-12-05_W-J-V		SUPA0127036_8OCF.fits    22.5731  0.5850000000000002   184.38191918699675  19.93523264416496
Zw2701_2010-12-05_W-J-V		SUPA0127037_8OCF.fits    22.5064  0.6000000000000003   173.8970248462657   19.9943127288238
Zw2701_2010-12-05_W-J-V		SUPA0127038_8OCF.fits    22.7954  0.5850000000000002   182.58383270308906  19.740824903269957
Zw2701_2010-12-05_W-J-V		SUPA0127039_8OCF.fits    22.5652  0.6450000000000002   155.10609256731604  19.942211901512064
and the plots look bad ( even though the ds9 image doesn't look too bad)

probably delete SUPA0051613 from Zw2089_2007-02-13_W-S-I+, considering:
Zw2089_2007-02-13_W-S-I+	SUPA0051503_8OCF.fits  77.3176  0.7500000000000004   45.26783035169224   5.8201496166461455
Zw2089_2007-02-13_W-S-I+	SUPA0051504_8OCF.fits  77.1922  0.8400000000000005   45.34136868750988   5.829604545536984
Zw2089_2007-02-13_W-S-I+	SUPA0051505_8OCF.fits  75.2305  0.9450000000000005   46.523683878214285  5.981616498627551
Zw2089_2007-02-13_W-S-I+	SUPA0051506_8OCF.fits  73.6861  1.0050000000000006   47.49878199551883   6.106986256566707
Zw2089_2007-02-13_W-S-I+	SUPA0051610_8OCF.fits  78.8518  0.9300000000000006   44.387065355515034  5.706908402851933
Zw2089_2007-02-13_W-S-I+	SUPA0051611_8OCF.fits  77.2507  1.1850000000000007   45.30703281653111   5.825189933554
Zw2089_2007-02-13_W-S-I+	SUPA0051612_8OCF.fits  76.6082  1.0650000000000006   45.68701522813485   5.8740448150459095
Zw2089_2007-02-13_W-S-I+	SUPA0051613_8OCF.fits  77.3331  1.3650000000000009   45.25875724625031   5.818983074517897
and the plots look bad ( even though the ds9 image doesn't look too bad)
